This is pdfTeX, Version 3.14159265-2.6-1.40.15 (TeX Live 2015/dev) (preloaded format=pdflatex 2015.8.6)  28 AUG 2015 17:06
entering extended mode
 restricted \write18 enabled.
 file:line:error style messages enabled.
 %&-line parsing enabled.
**\input diapositivas.tex
(./diapositivas.tex
(/nix/store/rnm6hch7kyglyls797m133r1skg9ccjy-TeXLive-linkdir/texmf-dist/tex/lat
ex/beamer/beamer.cls
(/nix/store/rnm6hch7kyglyls797m133r1skg9ccjy-TeXLive-linkdir/texmf-dist/tex/lat
ex/beamer/beamerbasercs.sty
Package: beamerbasercs 2013/12/25 (rcs-revision 31cc758a62ae)
)
Document Class: beamer 2013/12/02 3.33 A class for typesetting presentations (r
cs-revision 332bfd3ce558)

(/nix/store/rnm6hch7kyglyls797m133r1skg9ccjy-TeXLive-linkdir/texmf-dist/tex/lat
ex/beamer/beamerbasemodes.sty
Package: beamerbasemodes 2013/09/03 (rcs-revision 768f2d98ca64)
\beamer@tempbox=\box26
\beamer@tempcount=\count79
\c@beamerpauses=\count80

(/nix/store/rnm6hch7kyglyls797m133r1skg9ccjy-TeXLive-linkdir/texmf-dist/tex/lat
ex/beamer/beamerbasedecode.sty
Package: beamerbasedecode 2010/05/01 (rcs-revision efa082c6111d)
\beamer@slideinframe=\count81
\beamer@minimum=\count82
)
\beamer@commentbox=\box27
\beamer@modecount=\count83
)
(/nix/store/rnm6hch7kyglyls797m133r1skg9ccjy-TeXLive-linkdir/texmf-dist/tex/gen
eric/oberdiek/ifpdf.sty
Package: ifpdf 2011/01/30 v2.3 Provides the ifpdf switch (HO)
Package ifpdf Info: pdfTeX in PDF mode is detected.
)
\headheight=\dimen102
\headdp=\dimen103
\footheight=\dimen104
\sidebarheight=\dimen105
\beamer@tempdim=\dimen106
\beamer@finalheight=\dimen107
\beamer@animht=\dimen108
\beamer@animdp=\dimen109
\beamer@animwd=\dimen110
\beamer@leftmargin=\dimen111
\beamer@rightmargin=\dimen112
\beamer@leftsidebar=\dimen113
\beamer@rightsidebar=\dimen114
\beamer@boxsize=\dimen115
\beamer@vboxoffset=\dimen116
\beamer@descdefault=\dimen117
\beamer@descriptionwidth=\dimen118
\beamer@lastskip=\skip41
\beamer@areabox=\box28
\beamer@animcurrent=\box29
\beamer@animshowbox=\box30
\beamer@sectionbox=\box31
\beamer@logobox=\box32
\beamer@linebox=\box33
\beamer@sectioncount=\count84
\beamer@subsubsectionmax=\count85
\beamer@subsectionmax=\count86
\beamer@sectionmax=\count87
\beamer@totalheads=\count88
\beamer@headcounter=\count89
\beamer@partstartpage=\count90
\beamer@sectionstartpage=\count91
\beamer@subsectionstartpage=\count92
\beamer@animationtempa=\count93
\beamer@animationtempb=\count94
\beamer@xpos=\count95
\beamer@ypos=\count96
\beamer@showpartnumber=\count97
\beamer@currentsubsection=\count98
\beamer@coveringdepth=\count99
\beamer@sectionadjust=\count100
\beamer@tocsectionnumber=\count101

(/nix/store/rnm6hch7kyglyls797m133r1skg9ccjy-TeXLive-linkdir/texmf-dist/tex/lat
ex/beamer/beamerbaseoptions.sty
Package: beamerbaseoptions 2013/03/10 (rcs-revision 47431932db0d)

(/nix/store/rnm6hch7kyglyls797m133r1skg9ccjy-TeXLive-linkdir/texmf-dist/tex/lat
ex/graphics/keyval.sty
Package: keyval 2014/05/08 v1.15 key=value parser (DPC)
\KV@toks@=\toks14
))
\beamer@paperwidth=\skip42
\beamer@paperheight=\skip43

(/nix/store/rnm6hch7kyglyls797m133r1skg9ccjy-TeXLive-linkdir/texmf-dist/tex/lat
ex/geometry/geometry.sty
Package: geometry 2010/09/12 v5.6 Page Geometry

(/nix/store/rnm6hch7kyglyls797m133r1skg9ccjy-TeXLive-linkdir/texmf-dist/tex/gen
eric/oberdiek/ifvtex.sty
Package: ifvtex 2010/03/01 v1.5 Detect VTeX and its facilities (HO)
Package ifvtex Info: VTeX not detected.
)
(/nix/store/rnm6hch7kyglyls797m133r1skg9ccjy-TeXLive-linkdir/texmf-dist/tex/gen
eric/ifxetex/ifxetex.sty
Package: ifxetex 2010/09/12 v0.6 Provides ifxetex conditional
)
\Gm@cnth=\count102
\Gm@cntv=\count103
\c@Gm@tempcnt=\count104
\Gm@bindingoffset=\dimen119
\Gm@wd@mp=\dimen120
\Gm@odd@mp=\dimen121
\Gm@even@mp=\dimen122
\Gm@layoutwidth=\dimen123
\Gm@layoutheight=\dimen124
\Gm@layouthoffset=\dimen125
\Gm@layoutvoffset=\dimen126
\Gm@dimlist=\toks15
)

Class beamer Warning: This option is obsolete. Use beamer option ``show only no
tes'' instead. on input line 348.

No auxiliary output files.


(/nix/store/rnm6hch7kyglyls797m133r1skg9ccjy-TeXLive-linkdir/texmf-dist/tex/lat
ex/base/size11.clo
File: size11.clo 2007/10/19 v1.4h Standard LaTeX file (size option)
)
(/nix/store/rnm6hch7kyglyls797m133r1skg9ccjy-TeXLive-linkdir/texmf-dist/tex/lat
ex/pgf/basiclayer/pgfcore.sty
(/nix/store/rnm6hch7kyglyls797m133r1skg9ccjy-TeXLive-linkdir/texmf-dist/tex/lat
ex/graphics/graphicx.sty
Package: graphicx 2014/04/25 v1.0g Enhanced LaTeX Graphics (DPC,SPQR)

(/nix/store/rnm6hch7kyglyls797m133r1skg9ccjy-TeXLive-linkdir/texmf-dist/tex/lat
ex/graphics/graphics.sty
Package: graphics 2009/02/05 v1.0o Standard LaTeX Graphics (DPC,SPQR)

(/nix/store/rnm6hch7kyglyls797m133r1skg9ccjy-TeXLive-linkdir/texmf-dist/tex/lat
ex/graphics/trig.sty
Package: trig 1999/03/16 v1.09 sin cos tan (DPC)
)
(/nix/store/rnm6hch7kyglyls797m133r1skg9ccjy-TeXLive-linkdir/texmf-dist/tex/lat
ex/latexconfig/graphics.cfg
File: graphics.cfg 2010/04/23 v1.9 graphics configuration of TeX Live
)
Package graphics Info: Driver file: pdftex.def on input line 91.

(/nix/store/rnm6hch7kyglyls797m133r1skg9ccjy-TeXLive-linkdir/texmf-dist/tex/lat
ex/pdftex-def/pdftex.def
File: pdftex.def 2011/05/27 v0.06d Graphics/color for pdfTeX

(/nix/store/rnm6hch7kyglyls797m133r1skg9ccjy-TeXLive-linkdir/texmf-dist/tex/gen
eric/oberdiek/infwarerr.sty
Package: infwarerr 2010/04/08 v1.3 Providing info/warning/error messages (HO)
)
(/nix/store/rnm6hch7kyglyls797m133r1skg9ccjy-TeXLive-linkdir/texmf-dist/tex/gen
eric/oberdiek/ltxcmds.sty
Package: ltxcmds 2011/11/09 v1.22 LaTeX kernel commands for general use (HO)
)
\Gread@gobject=\count105
))
\Gin@req@height=\dimen127
\Gin@req@width=\dimen128
)
(/nix/store/rnm6hch7kyglyls797m133r1skg9ccjy-TeXLive-linkdir/texmf-dist/tex/lat
ex/pgf/systemlayer/pgfsys.sty
(/nix/store/rnm6hch7kyglyls797m133r1skg9ccjy-TeXLive-linkdir/texmf-dist/tex/lat
ex/pgf/utilities/pgfrcs.sty
(/nix/store/rnm6hch7kyglyls797m133r1skg9ccjy-TeXLive-linkdir/texmf-dist/tex/gen
eric/pgf/utilities/pgfutil-common.tex
\pgfutil@everybye=\toks16
\pgfutil@tempdima=\dimen129
\pgfutil@tempdimb=\dimen130

(/nix/store/rnm6hch7kyglyls797m133r1skg9ccjy-TeXLive-linkdir/texmf-dist/tex/gen
eric/pgf/utilities/pgfutil-common-lists.tex))
(/nix/store/rnm6hch7kyglyls797m133r1skg9ccjy-TeXLive-linkdir/texmf-dist/tex/gen
eric/pgf/utilities/pgfutil-latex.def
\pgfutil@abb=\box34

(/nix/store/rnm6hch7kyglyls797m133r1skg9ccjy-TeXLive-linkdir/texmf-dist/tex/lat
ex/ms/everyshi.sty
Package: everyshi 2001/05/15 v3.00 EveryShipout Package (MS)
))
(/nix/store/rnm6hch7kyglyls797m133r1skg9ccjy-TeXLive-linkdir/texmf-dist/tex/gen
eric/pgf/utilities/pgfrcs.code.tex
Package: pgfrcs 2013/12/20 v3.0.0 (rcs-revision 1.28)
))
(/nix/store/rnm6hch7kyglyls797m133r1skg9ccjy-TeXLive-linkdir/texmf-dist/tex/gen
eric/pgf/systemlayer/pgfsys.code.tex
Package: pgfsys 2013/11/30 v3.0.0 (rcs-revision 1.47)

(/nix/store/rnm6hch7kyglyls797m133r1skg9ccjy-TeXLive-linkdir/texmf-dist/tex/gen
eric/pgf/utilities/pgfkeys.code.tex
\pgfkeys@pathtoks=\toks17
\pgfkeys@temptoks=\toks18

(/nix/store/rnm6hch7kyglyls797m133r1skg9ccjy-TeXLive-linkdir/texmf-dist/tex/gen
eric/pgf/utilities/pgfkeysfiltered.code.tex
\pgfkeys@tmptoks=\toks19
))
\pgf@x=\dimen131
\pgf@y=\dimen132
\pgf@xa=\dimen133
\pgf@ya=\dimen134
\pgf@xb=\dimen135
\pgf@yb=\dimen136
\pgf@xc=\dimen137
\pgf@yc=\dimen138
\w@pgf@writea=\write3
\r@pgf@reada=\read1
\c@pgf@counta=\count106
\c@pgf@countb=\count107
\c@pgf@countc=\count108
\c@pgf@countd=\count109
\t@pgf@toka=\toks20
\t@pgf@tokb=\toks21
\t@pgf@tokc=\toks22

(/nix/store/rnm6hch7kyglyls797m133r1skg9ccjy-TeXLive-linkdir/texmf-dist/tex/gen
eric/pgf/systemlayer/pgf.cfg
File: pgf.cfg 2008/05/14  (rcs-revision 1.7)
)
Driver file for pgf: pgfsys-pdftex.def

(/nix/store/rnm6hch7kyglyls797m133r1skg9ccjy-TeXLive-linkdir/texmf-dist/tex/gen
eric/pgf/systemlayer/pgfsys-pdftex.def
File: pgfsys-pdftex.def 2013/07/18  (rcs-revision 1.33)

(/nix/store/rnm6hch7kyglyls797m133r1skg9ccjy-TeXLive-linkdir/texmf-dist/tex/gen
eric/pgf/systemlayer/pgfsys-common-pdf.def
File: pgfsys-common-pdf.def 2013/10/10  (rcs-revision 1.13)
)))
(/nix/store/rnm6hch7kyglyls797m133r1skg9ccjy-TeXLive-linkdir/texmf-dist/tex/gen
eric/pgf/systemlayer/pgfsyssoftpath.code.tex
File: pgfsyssoftpath.code.tex 2013/09/09  (rcs-revision 1.9)
\pgfsyssoftpath@smallbuffer@items=\count110
\pgfsyssoftpath@bigbuffer@items=\count111
)
(/nix/store/rnm6hch7kyglyls797m133r1skg9ccjy-TeXLive-linkdir/texmf-dist/tex/gen
eric/pgf/systemlayer/pgfsysprotocol.code.tex
File: pgfsysprotocol.code.tex 2006/10/16  (rcs-revision 1.4)
))
(/nix/store/rnm6hch7kyglyls797m133r1skg9ccjy-TeXLive-linkdir/texmf-dist/tex/lat
ex/xcolor/xcolor.sty
Package: xcolor 2007/01/21 v2.11 LaTeX color extensions (UK)

(/nix/store/rnm6hch7kyglyls797m133r1skg9ccjy-TeXLive-linkdir/texmf-dist/tex/lat
ex/latexconfig/color.cfg
File: color.cfg 2007/01/18 v1.5 color configuration of teTeX/TeXLive
)
Package xcolor Info: Driver file: pdftex.def on input line 225.

(/nix/store/rnm6hch7kyglyls797m133r1skg9ccjy-TeXLive-linkdir/texmf-dist/tex/lat
ex/colortbl/colortbl.sty
Package: colortbl 2012/02/13 v1.0a Color table columns (DPC)

(/nix/store/rnm6hch7kyglyls797m133r1skg9ccjy-TeXLive-linkdir/texmf-dist/tex/lat
ex/tools/array.sty
Package: array 2008/09/09 v2.4c Tabular extension package (FMi)
\col@sep=\dimen139
\extrarowheight=\dimen140
\NC@list=\toks23
\extratabsurround=\skip44
\backup@length=\skip45
)
\everycr=\toks24
\minrowclearance=\skip46
)
\rownum=\count112
Package xcolor Info: Model `cmy' substituted by `cmy0' on input line 1337.
Package xcolor Info: Model `hsb' substituted by `rgb' on input line 1341.
Package xcolor Info: Model `RGB' extended on input line 1353.
Package xcolor Info: Model `HTML' substituted by `rgb' on input line 1355.
Package xcolor Info: Model `Hsb' substituted by `hsb' on input line 1356.
Package xcolor Info: Model `tHsb' substituted by `hsb' on input line 1357.
Package xcolor Info: Model `HSB' substituted by `hsb' on input line 1358.
Package xcolor Info: Model `Gray' substituted by `gray' on input line 1359.
Package xcolor Info: Model `wave' substituted by `hsb' on input line 1360.
)
(/nix/store/rnm6hch7kyglyls797m133r1skg9ccjy-TeXLive-linkdir/texmf-dist/tex/gen
eric/pgf/basiclayer/pgfcore.code.tex
Package: pgfcore 2010/04/11 v3.0.0 (rcs-revision 1.7)

(/nix/store/rnm6hch7kyglyls797m133r1skg9ccjy-TeXLive-linkdir/texmf-dist/tex/gen
eric/pgf/math/pgfmath.code.tex
(/nix/store/rnm6hch7kyglyls797m133r1skg9ccjy-TeXLive-linkdir/texmf-dist/tex/gen
eric/pgf/math/pgfmathcalc.code.tex
(/nix/store/rnm6hch7kyglyls797m133r1skg9ccjy-TeXLive-linkdir/texmf-dist/tex/gen
eric/pgf/math/pgfmathutil.code.tex)
(/nix/store/rnm6hch7kyglyls797m133r1skg9ccjy-TeXLive-linkdir/texmf-dist/tex/gen
eric/pgf/math/pgfmathparser.code.tex
\pgfmath@dimen=\dimen141
\pgfmath@count=\count113
\pgfmath@box=\box35
\pgfmath@toks=\toks25
\pgfmath@stack@operand=\toks26
\pgfmath@stack@operation=\toks27
)
(/nix/store/rnm6hch7kyglyls797m133r1skg9ccjy-TeXLive-linkdir/texmf-dist/tex/gen
eric/pgf/math/pgfmathfunctions.code.tex
(/nix/store/rnm6hch7kyglyls797m133r1skg9ccjy-TeXLive-linkdir/texmf-dist/tex/gen
eric/pgf/math/pgfmathfunctions.basic.code.tex)
(/nix/store/rnm6hch7kyglyls797m133r1skg9ccjy-TeXLive-linkdir/texmf-dist/tex/gen
eric/pgf/math/pgfmathfunctions.trigonometric.code.tex)
(/nix/store/rnm6hch7kyglyls797m133r1skg9ccjy-TeXLive-linkdir/texmf-dist/tex/gen
eric/pgf/math/pgfmathfunctions.random.code.tex)
(/nix/store/rnm6hch7kyglyls797m133r1skg9ccjy-TeXLive-linkdir/texmf-dist/tex/gen
eric/pgf/math/pgfmathfunctions.comparison.code.tex)
(/nix/store/rnm6hch7kyglyls797m133r1skg9ccjy-TeXLive-linkdir/texmf-dist/tex/gen
eric/pgf/math/pgfmathfunctions.base.code.tex)
(/nix/store/rnm6hch7kyglyls797m133r1skg9ccjy-TeXLive-linkdir/texmf-dist/tex/gen
eric/pgf/math/pgfmathfunctions.round.code.tex)
(/nix/store/rnm6hch7kyglyls797m133r1skg9ccjy-TeXLive-linkdir/texmf-dist/tex/gen
eric/pgf/math/pgfmathfunctions.misc.code.tex)
(/nix/store/rnm6hch7kyglyls797m133r1skg9ccjy-TeXLive-linkdir/texmf-dist/tex/gen
eric/pgf/math/pgfmathfunctions.integerarithmetics.code.tex)))
(/nix/store/rnm6hch7kyglyls797m133r1skg9ccjy-TeXLive-linkdir/texmf-dist/tex/gen
eric/pgf/math/pgfmathfloat.code.tex
\c@pgfmathroundto@lastzeros=\count114
))
(/nix/store/rnm6hch7kyglyls797m133r1skg9ccjy-TeXLive-linkdir/texmf-dist/tex/gen
eric/pgf/basiclayer/pgfcorepoints.code.tex
File: pgfcorepoints.code.tex 2013/10/07  (rcs-revision 1.27)
\pgf@picminx=\dimen142
\pgf@picmaxx=\dimen143
\pgf@picminy=\dimen144
\pgf@picmaxy=\dimen145
\pgf@pathminx=\dimen146
\pgf@pathmaxx=\dimen147
\pgf@pathminy=\dimen148
\pgf@pathmaxy=\dimen149
\pgf@xx=\dimen150
\pgf@xy=\dimen151
\pgf@yx=\dimen152
\pgf@yy=\dimen153
\pgf@zx=\dimen154
\pgf@zy=\dimen155
)
(/nix/store/rnm6hch7kyglyls797m133r1skg9ccjy-TeXLive-linkdir/texmf-dist/tex/gen
eric/pgf/basiclayer/pgfcorepathconstruct.code.tex
File: pgfcorepathconstruct.code.tex 2013/10/07  (rcs-revision 1.29)
\pgf@path@lastx=\dimen156
\pgf@path@lasty=\dimen157
)
(/nix/store/rnm6hch7kyglyls797m133r1skg9ccjy-TeXLive-linkdir/texmf-dist/tex/gen
eric/pgf/basiclayer/pgfcorepathusage.code.tex
File: pgfcorepathusage.code.tex 2013/12/13  (rcs-revision 1.23)
\pgf@shorten@end@additional=\dimen158
\pgf@shorten@start@additional=\dimen159
)
(/nix/store/rnm6hch7kyglyls797m133r1skg9ccjy-TeXLive-linkdir/texmf-dist/tex/gen
eric/pgf/basiclayer/pgfcorescopes.code.tex
File: pgfcorescopes.code.tex 2013/10/09  (rcs-revision 1.44)
\pgfpic=\box36
\pgf@hbox=\box37
\pgf@layerbox@main=\box38
\pgf@picture@serial@count=\count115
)
(/nix/store/rnm6hch7kyglyls797m133r1skg9ccjy-TeXLive-linkdir/texmf-dist/tex/gen
eric/pgf/basiclayer/pgfcoregraphicstate.code.tex
File: pgfcoregraphicstate.code.tex 2013/09/19  (rcs-revision 1.11)
\pgflinewidth=\dimen160
)
(/nix/store/rnm6hch7kyglyls797m133r1skg9ccjy-TeXLive-linkdir/texmf-dist/tex/gen
eric/pgf/basiclayer/pgfcoretransformations.code.tex
File: pgfcoretransformations.code.tex 2013/10/10  (rcs-revision 1.17)
\pgf@pt@x=\dimen161
\pgf@pt@y=\dimen162
\pgf@pt@temp=\dimen163
)
(/nix/store/rnm6hch7kyglyls797m133r1skg9ccjy-TeXLive-linkdir/texmf-dist/tex/gen
eric/pgf/basiclayer/pgfcorequick.code.tex
File: pgfcorequick.code.tex 2008/10/09  (rcs-revision 1.3)
)
(/nix/store/rnm6hch7kyglyls797m133r1skg9ccjy-TeXLive-linkdir/texmf-dist/tex/gen
eric/pgf/basiclayer/pgfcoreobjects.code.tex
File: pgfcoreobjects.code.tex 2006/10/11  (rcs-revision 1.2)
)
(/nix/store/rnm6hch7kyglyls797m133r1skg9ccjy-TeXLive-linkdir/texmf-dist/tex/gen
eric/pgf/basiclayer/pgfcorepathprocessing.code.tex
File: pgfcorepathprocessing.code.tex 2013/09/09  (rcs-revision 1.9)
)
(/nix/store/rnm6hch7kyglyls797m133r1skg9ccjy-TeXLive-linkdir/texmf-dist/tex/gen
eric/pgf/basiclayer/pgfcorearrows.code.tex
File: pgfcorearrows.code.tex 2013/11/07  (rcs-revision 1.40)
\pgfarrowsep=\dimen164
)
(/nix/store/rnm6hch7kyglyls797m133r1skg9ccjy-TeXLive-linkdir/texmf-dist/tex/gen
eric/pgf/basiclayer/pgfcoreshade.code.tex
File: pgfcoreshade.code.tex 2013/07/15  (rcs-revision 1.15)
\pgf@max=\dimen165
\pgf@sys@shading@range@num=\count116
)
(/nix/store/rnm6hch7kyglyls797m133r1skg9ccjy-TeXLive-linkdir/texmf-dist/tex/gen
eric/pgf/basiclayer/pgfcoreimage.code.tex
File: pgfcoreimage.code.tex 2013/07/15  (rcs-revision 1.18)

(/nix/store/rnm6hch7kyglyls797m133r1skg9ccjy-TeXLive-linkdir/texmf-dist/tex/gen
eric/pgf/basiclayer/pgfcoreexternal.code.tex
File: pgfcoreexternal.code.tex 2013/07/15  (rcs-revision 1.20)
\pgfexternal@startupbox=\box39
))
(/nix/store/rnm6hch7kyglyls797m133r1skg9ccjy-TeXLive-linkdir/texmf-dist/tex/gen
eric/pgf/basiclayer/pgfcorelayers.code.tex
File: pgfcorelayers.code.tex 2013/07/18  (rcs-revision 1.7)
)
(/nix/store/rnm6hch7kyglyls797m133r1skg9ccjy-TeXLive-linkdir/texmf-dist/tex/gen
eric/pgf/basiclayer/pgfcoretransparency.code.tex
File: pgfcoretransparency.code.tex 2013/09/30  (rcs-revision 1.5)
)
(/nix/store/rnm6hch7kyglyls797m133r1skg9ccjy-TeXLive-linkdir/texmf-dist/tex/gen
eric/pgf/basiclayer/pgfcorepatterns.code.tex
File: pgfcorepatterns.code.tex 2013/11/07  (rcs-revision 1.5)
)))
(/nix/store/rnm6hch7kyglyls797m133r1skg9ccjy-TeXLive-linkdir/texmf-dist/tex/lat
ex/pgf/utilities/xxcolor.sty
Package: xxcolor 2003/10/24 ver 0.1
\XC@nummixins=\count117
\XC@countmixins=\count118
)
(/nix/store/rnm6hch7kyglyls797m133r1skg9ccjy-TeXLive-linkdir/texmf-dist/tex/gen
eric/oberdiek/atbegshi.sty
Package: atbegshi 2011/10/05 v1.16 At begin shipout hook (HO)
)
(/nix/store/rnm6hch7kyglyls797m133r1skg9ccjy-TeXLive-linkdir/texmf-dist/tex/lat
ex/hyperref/hyperref.sty
Package: hyperref 2012/11/06 v6.83m Hypertext links for LaTeX

(/nix/store/rnm6hch7kyglyls797m133r1skg9ccjy-TeXLive-linkdir/texmf-dist/tex/gen
eric/oberdiek/hobsub-hyperref.sty
Package: hobsub-hyperref 2012/05/28 v1.13 Bundle oberdiek, subset hyperref (HO)


(/nix/store/rnm6hch7kyglyls797m133r1skg9ccjy-TeXLive-linkdir/texmf-dist/tex/gen
eric/oberdiek/hobsub-generic.sty
Package: hobsub-generic 2012/05/28 v1.13 Bundle oberdiek, subset generic (HO)
Package: hobsub 2012/05/28 v1.13 Construct package bundles (HO)
Package hobsub Info: Skipping package `infwarerr' (already loaded).
Package hobsub Info: Skipping package `ltxcmds' (already loaded).
Package: ifluatex 2010/03/01 v1.3 Provides the ifluatex switch (HO)
Package ifluatex Info: LuaTeX not detected.
Package hobsub Info: Skipping package `ifvtex' (already loaded).
Package: intcalc 2007/09/27 v1.1 Expandable calculations with integers (HO)
Package hobsub Info: Skipping package `ifpdf' (already loaded).
Package: etexcmds 2011/02/16 v1.5 Avoid name clashes with e-TeX commands (HO)
Package etexcmds Info: Could not find \expanded.
(etexcmds)             That can mean that you are not using pdfTeX 1.50 or
(etexcmds)             that some package has redefined \expanded.
(etexcmds)             In the latter case, load this package earlier.
Package: kvsetkeys 2012/04/25 v1.16 Key value parser (HO)
Package: kvdefinekeys 2011/04/07 v1.3 Define keys (HO)
Package: pdftexcmds 2011/11/29 v0.20 Utility functions of pdfTeX for LuaTeX (HO
)
Package pdftexcmds Info: LuaTeX not detected.
Package pdftexcmds Info: \pdf@primitive is available.
Package pdftexcmds Info: \pdf@ifprimitive is available.
Package pdftexcmds Info: \pdfdraftmode found.
Package: pdfescape 2011/11/25 v1.13 Implements pdfTeX's escape features (HO)
Package: bigintcalc 2012/04/08 v1.3 Expandable calculations on big integers (HO
)
Package: bitset 2011/01/30 v1.1 Handle bit-vector datatype (HO)
Package: uniquecounter 2011/01/30 v1.2 Provide unlimited unique counter (HO)
)
Package hobsub Info: Skipping package `hobsub' (already loaded).
Package: letltxmacro 2010/09/02 v1.4 Let assignment for LaTeX macros (HO)
Package: hopatch 2012/05/28 v1.2 Wrapper for package hooks (HO)
Package: xcolor-patch 2011/01/30 xcolor patch
Package: atveryend 2011/06/30 v1.8 Hooks at the very end of document (HO)
Package atveryend Info: \enddocument detected (standard20110627).
Package hobsub Info: Skipping package `atbegshi' (already loaded).
Package: refcount 2011/10/16 v3.4 Data extraction from label references (HO)
Package: hycolor 2011/01/30 v1.7 Color options for hyperref/bookmark (HO)
)
(/nix/store/rnm6hch7kyglyls797m133r1skg9ccjy-TeXLive-linkdir/texmf-dist/tex/lat
ex/oberdiek/auxhook.sty
Package: auxhook 2011/03/04 v1.3 Hooks for auxiliary files (HO)
)
(/nix/store/rnm6hch7kyglyls797m133r1skg9ccjy-TeXLive-linkdir/texmf-dist/tex/lat
ex/oberdiek/kvoptions.sty
Package: kvoptions 2011/06/30 v3.11 Key value format for package options (HO)
)
\@linkdim=\dimen166
\Hy@linkcounter=\count119
\Hy@pagecounter=\count120

(/nix/store/rnm6hch7kyglyls797m133r1skg9ccjy-TeXLive-linkdir/texmf-dist/tex/lat
ex/hyperref/pd1enc.def
File: pd1enc.def 2012/11/06 v6.83m Hyperref: PDFDocEncoding definition (HO)
)
\Hy@SavedSpaceFactor=\count121

(/nix/store/rnm6hch7kyglyls797m133r1skg9ccjy-TeXLive-linkdir/texmf-dist/tex/lat
ex/latexconfig/hyperref.cfg
File: hyperref.cfg 2002/06/06 v1.2 hyperref configuration of TeXLive
)
Package hyperref Info: Option `bookmarks' set `true' on input line 4319.
Package hyperref Info: Option `bookmarksopen' set `true' on input line 4319.
Package hyperref Info: Option `unicode' set `true' on input line 4319.

(/nix/store/rnm6hch7kyglyls797m133r1skg9ccjy-TeXLive-linkdir/texmf-dist/tex/lat
ex/hyperref/puenc.def
File: puenc.def 2012/11/06 v6.83m Hyperref: PDF Unicode definition (HO)
)
Package hyperref Info: Option `implicit' set `false' on input line 4319.
Package hyperref Info: Hyper figures OFF on input line 4443.
Package hyperref Info: Link nesting OFF on input line 4448.
Package hyperref Info: Hyper index ON on input line 4451.
Package hyperref Info: Plain pages OFF on input line 4458.
Package hyperref Info: Backreferencing OFF on input line 4463.
Package hyperref Info: Implicit mode OFF; no redefinition of LaTeX internals.
Package hyperref Info: Bookmarks ON on input line 4688.
\c@Hy@tempcnt=\count122

(/nix/store/rnm6hch7kyglyls797m133r1skg9ccjy-TeXLive-linkdir/texmf-dist/tex/lat
ex/url/url.sty
\Urlmuskip=\muskip10
Package: url 2013/09/16  ver 3.4  Verb mode for urls, etc.
)
LaTeX Info: Redefining \url on input line 5041.
\XeTeXLinkMargin=\dimen167
\Fld@menulength=\count123
\Field@Width=\dimen168
\Fld@charsize=\dimen169
Package hyperref Info: Hyper figures OFF on input line 6295.
Package hyperref Info: Link nesting OFF on input line 6300.
Package hyperref Info: Hyper index ON on input line 6303.
Package hyperref Info: backreferencing OFF on input line 6310.
Package hyperref Info: Link coloring OFF on input line 6315.
Package hyperref Info: Link coloring with OCG OFF on input line 6320.
Package hyperref Info: PDF/A mode OFF on input line 6325.
LaTeX Info: Redefining \ref on input line 6365.
LaTeX Info: Redefining \pageref on input line 6369.
\Hy@abspage=\count124


Package hyperref Message: Stopped early.

)

Package hyperref Message: Driver: hpdftex.


(/nix/store/rnm6hch7kyglyls797m133r1skg9ccjy-TeXLive-linkdir/texmf-dist/tex/lat
ex/hyperref/hpdftex.def
File: hpdftex.def 2012/11/06 v6.83m Hyperref driver for pdfTeX
\Fld@listcount=\count125
\c@bookmark@seq@number=\count126

(/nix/store/rnm6hch7kyglyls797m133r1skg9ccjy-TeXLive-linkdir/texmf-dist/tex/lat
ex/oberdiek/rerunfilecheck.sty
Package: rerunfilecheck 2011/04/15 v1.7 Rerun checks for auxiliary files (HO)
Package uniquecounter Info: New unique counter `rerunfilecheck' on input line 2
82.
))
(/nix/store/rnm6hch7kyglyls797m133r1skg9ccjy-TeXLive-linkdir/texmf-dist/tex/lat
ex/ucs/ucs.sty
Package: ucs 2013/05/11 v2.2 UCS: Unicode input support

(/nix/store/rnm6hch7kyglyls797m133r1skg9ccjy-TeXLive-linkdir/texmf-dist/tex/lat
ex/ucs/data/uni-global.def
File: uni-global.def 2013/05/13 UCS: Unicode global data
)
\uc@secondtry=\count127
\uc@combtoks=\toks28
\uc@combtoksb=\toks29
\uc@temptokena=\toks30
)
(/nix/store/rnm6hch7kyglyls797m133r1skg9ccjy-TeXLive-linkdir/texmf-dist/tex/lat
ex/ucs/ucshyper.sty
Package: ucshyper 2002/03/05 UCS: Unicode in Hyperref's PDF bookmarks
)
(/nix/store/rnm6hch7kyglyls797m133r1skg9ccjy-TeXLive-linkdir/texmf-dist/tex/lat
ex/base/inputenc.sty
Package: inputenc 2014/04/30 v1.2b Input encoding file
\inpenc@prehook=\toks31
\inpenc@posthook=\toks32

(/nix/store/rnm6hch7kyglyls797m133r1skg9ccjy-TeXLive-linkdir/texmf-dist/tex/lat
ex/ucs/utf8x.def
File: utf8x.def 2004/10/17 UCS: Input encoding UTF-8
))
(/nix/store/rnm6hch7kyglyls797m133r1skg9ccjy-TeXLive-linkdir/texmf-dist/tex/lat
ex/beamer/beamerbaserequires.sty
Package: beamerbaserequires 2010/05/01  (rcs-revision efa082c6111d)

(/nix/store/rnm6hch7kyglyls797m133r1skg9ccjy-TeXLive-linkdir/texmf-dist/tex/lat
ex/beamer/beamerbasecompatibility.sty
Package: beamerbasecompatibility 2012/05/01  (rcs-revision 67c48b3b652d)
)
(/nix/store/rnm6hch7kyglyls797m133r1skg9ccjy-TeXLive-linkdir/texmf-dist/tex/lat
ex/beamer/beamerbasefont.sty
Package: beamerbasefont 2013/10/18  (rcs-revision 72f39e01808a)

(/nix/store/rnm6hch7kyglyls797m133r1skg9ccjy-TeXLive-linkdir/texmf-dist/tex/lat
ex/amsfonts/amssymb.sty
Package: amssymb 2013/01/14 v3.01 AMS font symbols

(/nix/store/rnm6hch7kyglyls797m133r1skg9ccjy-TeXLive-linkdir/texmf-dist/tex/lat
ex/amsfonts/amsfonts.sty
Package: amsfonts 2013/01/14 v3.01 Basic AMSFonts support
\@emptytoks=\toks33
\symAMSa=\mathgroup4
\symAMSb=\mathgroup5
LaTeX Font Info:    Overwriting math alphabet `\mathfrak' in version `bold'
(Font)                  U/euf/m/n --> U/euf/b/n on input line 106.
))
(/nix/store/rnm6hch7kyglyls797m133r1skg9ccjy-TeXLive-linkdir/texmf-dist/tex/lat
ex/sansmathaccent/sansmathaccent.sty
Package: sansmathaccent 2013/03/28

(/nix/store/rnm6hch7kyglyls797m133r1skg9ccjy-TeXLive-linkdir/texmf-dist/tex/lat
ex/filehook/filehook.sty
Package: filehook 2011/10/12 v0.5d Hooks for input files
)))
(/nix/store/rnm6hch7kyglyls797m133r1skg9ccjy-TeXLive-linkdir/texmf-dist/tex/lat
ex/beamer/beamerbasetranslator.sty
Package: beamerbasetranslator 2010/06/11  (rcs-revision 85fd1cc7fc42)

(/nix/store/rnm6hch7kyglyls797m133r1skg9ccjy-TeXLive-linkdir/texmf-dist/tex/lat
ex/beamer/base/translator/translator.sty
Package: translator 2010/06/12 ver 1.10

(/nix/store/rnm6hch7kyglyls797m133r1skg9ccjy-TeXLive-linkdir/texmf-dist/tex/lat
ex/beamer/base/translator/translator-language-mappings.tex)))
(/nix/store/rnm6hch7kyglyls797m133r1skg9ccjy-TeXLive-linkdir/texmf-dist/tex/lat
ex/beamer/beamerbasemisc.sty
Package: beamerbasemisc 2013/09/03  (rcs-revision a55719c41d85)
)
(/nix/store/rnm6hch7kyglyls797m133r1skg9ccjy-TeXLive-linkdir/texmf-dist/tex/lat
ex/beamer/beamerbasetwoscreens.sty
Package: beamerbasetwoscreens 2010/05/01  (rcs-revision efa082c6111d)
)
(/nix/store/rnm6hch7kyglyls797m133r1skg9ccjy-TeXLive-linkdir/texmf-dist/tex/lat
ex/beamer/beamerbaseoverlay.sty
Package: beamerbaseoverlay 2013/12/25  (rcs-revision f6bd5e3805da)
\beamer@argscount=\count128
\beamer@lastskipcover=\skip47
\beamer@trivlistdepth=\count129
)
(/nix/store/rnm6hch7kyglyls797m133r1skg9ccjy-TeXLive-linkdir/texmf-dist/tex/lat
ex/beamer/beamerbasetitle.sty
Package: beamerbasetitle 2010/09/21  (rcs-revision f0446ed0b6ae)
)
(/nix/store/rnm6hch7kyglyls797m133r1skg9ccjy-TeXLive-linkdir/texmf-dist/tex/lat
ex/beamer/beamerbasesection.sty
Package: beamerbasesection 2013/06/07  (rcs-revision 60b9fe0f342f)
\c@lecture=\count130
\c@part=\count131
\c@section=\count132
\c@subsection=\count133
\c@subsubsection=\count134
)
(/nix/store/rnm6hch7kyglyls797m133r1skg9ccjy-TeXLive-linkdir/texmf-dist/tex/lat
ex/beamer/beamerbaseframe.sty
Package: beamerbaseframe 2013/10/02  (rcs-revision cdc8e9a3aaac)
\beamer@framebox=\box40
\beamer@frametitlebox=\box41
\beamer@zoombox=\box42
\beamer@zoomcount=\count135
\beamer@zoomframecount=\count136
\beamer@frametextheight=\dimen170
\c@subsectionslide=\count137
\beamer@frametopskip=\skip48
\beamer@framebottomskip=\skip49
\beamer@frametopskipautobreak=\skip50
\beamer@framebottomskipautobreak=\skip51
\beamer@envbody=\toks34
\framewidth=\dimen171
\c@framenumber=\count138
)
(/nix/store/rnm6hch7kyglyls797m133r1skg9ccjy-TeXLive-linkdir/texmf-dist/tex/lat
ex/beamer/beamerbaseverbatim.sty
Package: beamerbaseverbatim 2012/08/30  (rcs-revision dfdb135076b3)
\beamer@verbatimfileout=\write4
)
(/nix/store/rnm6hch7kyglyls797m133r1skg9ccjy-TeXLive-linkdir/texmf-dist/tex/lat
ex/beamer/beamerbaseframesize.sty
Package: beamerbaseframesize 2011/09/12  (rcs-revision 70f9d8411e54)
\beamer@splitbox=\box43
\beamer@autobreakcount=\count139
\beamer@autobreaklastheight=\dimen172
\beamer@frametitletoks=\toks35
\beamer@framesubtitletoks=\toks36
)
(/nix/store/rnm6hch7kyglyls797m133r1skg9ccjy-TeXLive-linkdir/texmf-dist/tex/lat
ex/beamer/beamerbaseframecomponents.sty
Package: beamerbaseframecomponents 2013/10/18  (rcs-revision 5cf6c5555a45)
\beamer@footins=\box44
)
(/nix/store/rnm6hch7kyglyls797m133r1skg9ccjy-TeXLive-linkdir/texmf-dist/tex/lat
ex/beamer/beamerbasecolor.sty
Package: beamerbasecolor 2010/06/06  (rcs-revision d1a9b48be06d)
)
(/nix/store/rnm6hch7kyglyls797m133r1skg9ccjy-TeXLive-linkdir/texmf-dist/tex/lat
ex/beamer/beamerbasenotes.sty
Package: beamerbasenotes 2012/12/19  (rcs-revision 1686da3db3c9)
\beamer@frameboxcopy=\box45
)
(/nix/store/rnm6hch7kyglyls797m133r1skg9ccjy-TeXLive-linkdir/texmf-dist/tex/lat
ex/beamer/beamerbasetoc.sty
Package: beamerbasetoc 2013/05/23  (rcs-revision 0fdf5bc43be8)
)
(/nix/store/rnm6hch7kyglyls797m133r1skg9ccjy-TeXLive-linkdir/texmf-dist/tex/lat
ex/beamer/beamerbasetemplates.sty
Package: beamerbasetemplates 2010/05/01  (rcs-revision efa082c6111d)
\beamer@sbttoks=\toks37

(/nix/store/rnm6hch7kyglyls797m133r1skg9ccjy-TeXLive-linkdir/texmf-dist/tex/lat
ex/beamer/beamerbaseauxtemplates.sty
Package: beamerbaseauxtemplates 2013/09/04  (rcs-revision 4ac715c499d0)

(/nix/store/rnm6hch7kyglyls797m133r1skg9ccjy-TeXLive-linkdir/texmf-dist/tex/lat
ex/beamer/beamerbaseboxes.sty
Package: beamerbaseboxes 2012/05/13  (rcs-revision 56972908a390)
\bmb@box=\box46
\bmb@colorbox=\box47
\bmb@boxshadow=\box48
\bmb@boxshadowball=\box49
\bmb@boxshadowballlarge=\box50
\bmb@temp=\dimen173
\bmb@dima=\dimen174
\bmb@dimb=\dimen175
\bmb@prevheight=\dimen176
)
\beamer@blockheadheight=\dimen177
))
(/nix/store/rnm6hch7kyglyls797m133r1skg9ccjy-TeXLive-linkdir/texmf-dist/tex/lat
ex/beamer/beamerbaselocalstructure.sty
Package: beamerbaselocalstructure 2013/09/04  (rcs-revision 4ac715c499d0)

(/nix/store/rnm6hch7kyglyls797m133r1skg9ccjy-TeXLive-linkdir/texmf-dist/tex/lat
ex/tools/enumerate.sty
Package: enumerate 1999/03/05 v3.00 enumerate extensions (DPC)
\@enLab=\toks38
)
\c@figure=\count140
\c@table=\count141
\abovecaptionskip=\skip52
\belowcaptionskip=\skip53
)
(/nix/store/rnm6hch7kyglyls797m133r1skg9ccjy-TeXLive-linkdir/texmf-dist/tex/lat
ex/beamer/beamerbasenavigation.sty
Package: beamerbasenavigation 2013/10/05  (rcs-revision 62be157fe783)
\beamer@section@min@dim=\dimen178
)
(/nix/store/rnm6hch7kyglyls797m133r1skg9ccjy-TeXLive-linkdir/texmf-dist/tex/lat
ex/beamer/beamerbasetheorems.sty
Package: beamerbasetheorems 2010/06/06  (rcs-revision 7e7cc5e53e9d)

(/nix/store/rnm6hch7kyglyls797m133r1skg9ccjy-TeXLive-linkdir/texmf-dist/tex/lat
ex/amsmath/amsmath.sty
Package: amsmath 2013/01/14 v2.14 AMS math features
\@mathmargin=\skip54

For additional information on amsmath, use the `?' option.

(/nix/store/rnm6hch7kyglyls797m133r1skg9ccjy-TeXLive-linkdir/texmf-dist/tex/lat
ex/amsmath/amstext.sty
Package: amstext 2000/06/29 v2.01

(/nix/store/rnm6hch7kyglyls797m133r1skg9ccjy-TeXLive-linkdir/texmf-dist/tex/lat
ex/amsmath/amsgen.sty
File: amsgen.sty 1999/11/30 v2.0
\@emptytoks=\toks39
\ex@=\dimen179
))
(/nix/store/rnm6hch7kyglyls797m133r1skg9ccjy-TeXLive-linkdir/texmf-dist/tex/lat
ex/amsmath/amsbsy.sty
Package: amsbsy 1999/11/29 v1.2d
\pmbraise@=\dimen180
)
(/nix/store/rnm6hch7kyglyls797m133r1skg9ccjy-TeXLive-linkdir/texmf-dist/tex/lat
ex/amsmath/amsopn.sty
Package: amsopn 1999/12/14 v2.01 operator names
)
\inf@bad=\count142
LaTeX Info: Redefining \frac on input line 210.
\uproot@=\count143
\leftroot@=\count144
LaTeX Info: Redefining \overline on input line 306.
\classnum@=\count145
\DOTSCASE@=\count146
LaTeX Info: Redefining \ldots on input line 378.
LaTeX Info: Redefining \dots on input line 381.
LaTeX Info: Redefining \cdots on input line 466.
\Mathstrutbox@=\box51
\strutbox@=\box52
\big@size=\dimen181
LaTeX Font Info:    Redeclaring font encoding OML on input line 566.
LaTeX Font Info:    Redeclaring font encoding OMS on input line 567.
\macc@depth=\count147
\c@MaxMatrixCols=\count148
\dotsspace@=\muskip11
\c@parentequation=\count149
\dspbrk@lvl=\count150
\tag@help=\toks40
\row@=\count151
\column@=\count152
\maxfields@=\count153
\andhelp@=\toks41
\eqnshift@=\dimen182
\alignsep@=\dimen183
\tagshift@=\dimen184
\tagwidth@=\dimen185
\totwidth@=\dimen186
\lineht@=\dimen187
\@envbody=\toks42
\multlinegap=\skip55
\multlinetaggap=\skip56
\mathdisplay@stack=\toks43
LaTeX Info: Redefining \[ on input line 2665.
LaTeX Info: Redefining \] on input line 2666.
)
(/nix/store/rnm6hch7kyglyls797m133r1skg9ccjy-TeXLive-linkdir/texmf-dist/tex/lat
ex/amscls/amsthm.sty
Package: amsthm 2009/07/02 v2.20.1
\thm@style=\toks44
\thm@bodyfont=\toks45
\thm@headfont=\toks46
\thm@notefont=\toks47
\thm@headpunct=\toks48
\thm@preskip=\skip57
\thm@postskip=\skip58
\thm@headsep=\skip59
\dth@everypar=\toks49
)
\c@theorem=\count154
)
(/nix/store/rnm6hch7kyglyls797m133r1skg9ccjy-TeXLive-linkdir/texmf-dist/tex/lat
ex/beamer/beamerbasethemes.sty
Package: beamerbasethemes 2010/05/01  (rcs-revision efa082c6111d)
))
(/nix/store/rnm6hch7kyglyls797m133r1skg9ccjy-TeXLive-linkdir/texmf-dist/tex/lat
ex/beamer/base/themes/theme/beamerthemedefault.sty
Package: beamerthemedefault 2010/06/17  (rcs-revision d02a7cf4d8ae)

(/nix/store/rnm6hch7kyglyls797m133r1skg9ccjy-TeXLive-linkdir/texmf-dist/tex/lat
ex/beamer/base/themes/font/beamerfontthemedefault.sty
Package: beamerfontthemedefault 2010/06/17  (rcs-revision d02a7cf4d8ae)
)
(/nix/store/rnm6hch7kyglyls797m133r1skg9ccjy-TeXLive-linkdir/texmf-dist/tex/lat
ex/beamer/base/themes/color/beamercolorthemedefault.sty
Package: beamercolorthemedefault 2010/06/17  (rcs-revision d02a7cf4d8ae)
)
(/nix/store/rnm6hch7kyglyls797m133r1skg9ccjy-TeXLive-linkdir/texmf-dist/tex/lat
ex/beamer/base/themes/inner/beamerinnerthemedefault.sty
Package: beamerinnerthemedefault 2012/05/01  (rcs-revision 67c48b3b652d)
\beamer@dima=\dimen188
\beamer@dimb=\dimen189
)
(/nix/store/rnm6hch7kyglyls797m133r1skg9ccjy-TeXLive-linkdir/texmf-dist/tex/lat
ex/beamer/base/themes/outer/beamerouterthemedefault.sty
Package: beamerouterthemedefault 2012/10/02  (rcs-revision 5ed0f4010e8a)
))) (./agda.sty
Package: agda 

(/nix/store/rnm6hch7kyglyls797m133r1skg9ccjy-TeXLive-linkdir/texmf-dist/tex/lat
ex/xifthen/xifthen.sty
Package: xifthen 2009/04/17 v1.3 Extended ifthen features

(/nix/store/rnm6hch7kyglyls797m133r1skg9ccjy-TeXLive-linkdir/texmf-dist/tex/lat
ex/etex-pkg/etex.sty
Package: etex 1998/03/26 v2.0 eTeX basic definition package (PEB)
\et@xins=\count155
)
(/nix/store/rnm6hch7kyglyls797m133r1skg9ccjy-TeXLive-linkdir/texmf-dist/tex/lat
ex/tools/calc.sty
Package: calc 2007/08/22 v4.3 Infix arithmetic (KKT,FJ)
\calc@Acount=\count156
\calc@Bcount=\count157
\calc@Adimen=\dimen190
\calc@Bdimen=\dimen191
\calc@Askip=\skip60
\calc@Bskip=\skip61
LaTeX Info: Redefining \setlength on input line 75.
LaTeX Info: Redefining \addtolength on input line 76.
\calc@Ccount=\count158
\calc@Cskip=\skip62
)
(/nix/store/rnm6hch7kyglyls797m133r1skg9ccjy-TeXLive-linkdir/texmf-dist/tex/lat
ex/base/ifthen.sty
Package: ifthen 2001/05/26 v1.1c Standard LaTeX ifthen package (DPC)
)
(/nix/store/rnm6hch7kyglyls797m133r1skg9ccjy-TeXLive-linkdir/texmf-dist/tex/lat
ex/ifmtarg/ifmtarg.sty
Package: ifmtarg 2009/09/02 v1.2a check for an empty argument
))
(/nix/store/rnm6hch7kyglyls797m133r1skg9ccjy-TeXLive-linkdir/texmf-dist/tex/lat
ex/polytable/polytable.sty
Package: polytable 2013/07/18 v0.8.5 `polytable' package (Andres Loeh)

(/nix/store/rnm6hch7kyglyls797m133r1skg9ccjy-TeXLive-linkdir/texmf-dist/tex/lat
ex/lazylist/lazylist.sty)
\PT@colwidth=\dimen192
\PT@cols=\count159
\PT@table=\count160
\PT@toks=\toks50
\PT@in=\read2
\PT@out=\write5
)
(/nix/store/rnm6hch7kyglyls797m133r1skg9ccjy-TeXLive-linkdir/texmf-dist/tex/lat
ex/etoolbox/etoolbox.sty
Package: etoolbox 2011/01/03 v2.1 e-TeX tools for LaTeX
\etb@tempcnta=\count161
)
(/nix/store/rnm6hch7kyglyls797m133r1skg9ccjy-TeXLive-linkdir/texmf-dist/tex/lat
ex/tipa/tipa.sty
Package: tipa 2002/08/08 TIPA version 1.1

(/nix/store/rnm6hch7kyglyls797m133r1skg9ccjy-TeXLive-linkdir/texmf-dist/tex/lat
ex/base/fontenc.sty
Package: fontenc 2005/09/27 v1.99g Standard LaTeX package

(/nix/store/rnm6hch7kyglyls797m133r1skg9ccjy-TeXLive-linkdir/texmf-dist/tex/lat
ex/tipa/t3enc.def
File: t3enc.def 2001/12/31 T3 encoding
)
(/nix/store/rnm6hch7kyglyls797m133r1skg9ccjy-TeXLive-linkdir/texmf-dist/tex/lat
ex/base/ot1enc.def
File: ot1enc.def 2005/09/27 v1.99g Standard LaTeX file
LaTeX Font Info:    Redeclaring font encoding OT1 on input line 43.
)))
(/nix/store/rnm6hch7kyglyls797m133r1skg9ccjy-TeXLive-linkdir/texmf-dist/tex/lat
ex/base/fontenc.sty
Package: fontenc 2005/09/27 v1.99g Standard LaTeX package

(/nix/store/rnm6hch7kyglyls797m133r1skg9ccjy-TeXLive-linkdir/texmf-dist/tex/lat
ex/base/t1enc.def
File: t1enc.def 2005/09/27 v1.99g Standard LaTeX file
LaTeX Font Info:    Redeclaring font encoding T1 on input line 43.
))
(/nix/store/rnm6hch7kyglyls797m133r1skg9ccjy-TeXLive-linkdir/texmf-dist/tex/lat
ex/catchfilebetweentags/catchfilebetweentags.sty
Package: catchfilebetweentags 2011/02/19 v1.1 - Catch file between tags (FC)

(/nix/store/rnm6hch7kyglyls797m133r1skg9ccjy-TeXLive-linkdir/texmf-dist/tex/gen
eric/oberdiek/catchfile.sty
Package: catchfile 2011/03/01 v1.6 Catch the contents of a file (HO)
)
\CatchFBT@tok=\toks256
)
(/nix/store/rnm6hch7kyglyls797m133r1skg9ccjy-TeXLive-linkdir/texmf-dist/tex/gen
eric/xstring/xstring.sty
(/nix/store/rnm6hch7kyglyls797m133r1skg9ccjy-TeXLive-linkdir/texmf-dist/tex/gen
eric/xstring/xstring.tex
\@xs@message=\write6
\integerpart=\count162
\decimalpart=\count163
)
Package: xstring 2013/10/13  v1.7c  String manipulations (C Tellechea)
)
\c@AgdaIndex=\count164
\mathindent=\dimen193
) (./mathtools.sty
Package: mathtools 2008/08/01 v1.06 mathematical typesetting tools (MH)
 (./mhsetup.sty
Package: mhsetup 2004/10/10 v1.0b programming setup (MH)
)

LaTeX Warning: You have requested, on input line 32, version
               `2007/12/03' of package mhsetup,
               but only version
               `2004/10/10 v1.0b programming setup (MH)'
               is available.

\g_MT_multlinerow_int=\count165
\l_MT_multwidth_dim=\dimen194
)
(/nix/store/rnm6hch7kyglyls797m133r1skg9ccjy-TeXLive-linkdir/texmf-dist/tex/lat
ex/textgreek/textgreek.sty
Package: textgreek 2011/10/09 v0.7 Greek symbols in text
Package textgreek Info: Loading the definitions for the Greek fontencoding. on 
input line 39.

(/nix/store/rnm6hch7kyglyls797m133r1skg9ccjy-TeXLive-linkdir/texmf-dist/tex/lat
ex/greek-fontenc/lgrenc.def
File: lgrenc.def 2013/12/02 v0.11.2 LGR Greek font encoding definitions

(/nix/store/rnm6hch7kyglyls797m133r1skg9ccjy-TeXLive-linkdir/texmf-dist/tex/lat
ex/greek-fontenc/greek-fontenc.def
File: greek-fontenc.def 2013/11/28 v0.11 Common Greek font encoding definitions

))
Package textgreek Info: Loaded fontmap: {eur/*/*}{U/eur/*/*} {phv/*/*}{U/psy/*/
*}. on input line 69.
)
(/nix/store/rnm6hch7kyglyls797m133r1skg9ccjy-TeXLive-linkdir/texmf-dist/tex/lat
ex/framed/framed.sty
Package: framed 2011/10/22 v 0.96: framed or shaded text with page breaks
\OuterFrameSep=\skip63
\fb@frw=\dimen195
\fb@frh=\dimen196
\FrameRule=\dimen197
\FrameSep=\dimen198
) (./diapositivas.aux)
LaTeX Font Info:    Checking defaults for OML/cmm/m/it on input line 67.
LaTeX Font Info:    ... okay on input line 67.
LaTeX Font Info:    Checking defaults for T1/cmr/m/n on input line 67.
LaTeX Font Info:    ... okay on input line 67.
LaTeX Font Info:    Checking defaults for OT1/cmr/m/n on input line 67.
LaTeX Font Info:    ... okay on input line 67.
LaTeX Font Info:    Checking defaults for OMS/cmsy/m/n on input line 67.
LaTeX Font Info:    ... okay on input line 67.
LaTeX Font Info:    Checking defaults for OMX/cmex/m/n on input line 67.
LaTeX Font Info:    ... okay on input line 67.
LaTeX Font Info:    Checking defaults for U/cmr/m/n on input line 67.
LaTeX Font Info:    ... okay on input line 67.
LaTeX Font Info:    Checking defaults for PD1/pdf/m/n on input line 67.
LaTeX Font Info:    ... okay on input line 67.
LaTeX Font Info:    Checking defaults for PU/pdf/m/n on input line 67.
LaTeX Font Info:    ... okay on input line 67.
LaTeX Font Info:    Checking defaults for T3/cmr/m/n on input line 67.
LaTeX Font Info:    Try loading font information for T3+cmr on input line 67.

(/nix/store/rnm6hch7kyglyls797m133r1skg9ccjy-TeXLive-linkdir/texmf-dist/tex/lat
ex/tipa/t3cmr.fd
File: t3cmr.fd 2001/12/31 TIPA font definitions
)
LaTeX Font Info:    ... okay on input line 67.
LaTeX Font Info:    Checking defaults for LGR/cmr/m/n on input line 67.
LaTeX Font Info:    Try loading font information for LGR+cmr on input line 67.

(/nix/store/rnm6hch7kyglyls797m133r1skg9ccjy-TeXLive-linkdir/texmf-dist/tex/lat
ex/cbfonts-fd/lgrcmr.fd
File: lgrcmr.fd 2013/09/01 v1.0 Greek European Computer Regular
)
LaTeX Font Info:    ... okay on input line 67.

*geometry* driver: auto-detecting
*geometry* detected driver: pdftex
*geometry* verbose mode - [ preamble ] result:
* driver: pdftex
* paper: custom
* layout: <same size as paper>
* layoutoffset:(h,v)=(0.0pt,0.0pt)
* modes: includehead includefoot 
* h-part:(L,W,R)=(28.45274pt, 307.28987pt, 28.45274pt)
* v-part:(T,H,B)=(0.0pt, 273.14662pt, 0.0pt)
* \paperwidth=364.19536pt
* \paperheight=273.14662pt
* \textwidth=307.28987pt
* \textheight=244.6939pt
* \oddsidemargin=-43.81725pt
* \evensidemargin=-43.81725pt
* \topmargin=-72.26999pt
* \headheight=14.22636pt
* \headsep=0.0pt
* \topskip=11.0pt
* \footskip=14.22636pt
* \marginparwidth=4.0pt
* \marginparsep=10.0pt
* \columnsep=10.0pt
* \skip\footins=10.0pt plus 4.0pt minus 2.0pt
* \hoffset=0.0pt
* \voffset=0.0pt
* \mag=1000
* \@twocolumnfalse
* \@twosidefalse
* \@mparswitchfalse
* \@reversemarginfalse
* (1in=72.27pt=25.4mm, 1cm=28.453pt)


(/nix/store/rnm6hch7kyglyls797m133r1skg9ccjy-TeXLive-linkdir/texmf-dist/tex/con
text/base/supp-pdf.mkii
[Loading MPS to PDF converter (version 2006.09.02).]
\scratchcounter=\count166
\scratchdimen=\dimen199
\scratchbox=\box53
\nofMPsegments=\count167
\nofMParguments=\count168
\everyMPshowfont=\toks51
\MPscratchCnt=\count169
\MPscratchDim=\dimen200
\MPnumerator=\count170
\makeMPintoPDFobject=\count171
\everyMPtoPDFconversion=\toks52
)
(/nix/store/rnm6hch7kyglyls797m133r1skg9ccjy-TeXLive-linkdir/texmf-dist/tex/lat
ex/oberdiek/epstopdf-base.sty
Package: epstopdf-base 2010/02/09 v2.5 Base part for package epstopdf

(/nix/store/rnm6hch7kyglyls797m133r1skg9ccjy-TeXLive-linkdir/texmf-dist/tex/lat
ex/oberdiek/grfext.sty
Package: grfext 2010/08/19 v1.1 Manage graphics extensions (HO)
)
Package grfext Info: Graphics extension search list:
(grfext)             [.png,.pdf,.jpg,.mps,.jpeg,.jbig2,.jb2,.PNG,.PDF,.JPG,.JPE
G,.JBIG2,.JB2,.eps]
(grfext)             \AppendGraphicsExtensions on input line 452.

(/nix/store/rnm6hch7kyglyls797m133r1skg9ccjy-TeXLive-linkdir/texmf-dist/tex/lat
ex/latexconfig/epstopdf-sys.cfg
File: epstopdf-sys.cfg 2010/07/13 v1.3 Configuration of (r)epstopdf for TeX Liv
e
)) ABD: EveryShipout initializing macros
\AtBeginShipoutBox=\box54
Package hyperref Info: Link coloring OFF on input line 67.

(/nix/store/rnm6hch7kyglyls797m133r1skg9ccjy-TeXLive-linkdir/texmf-dist/tex/lat
ex/hyperref/nameref.sty
Package: nameref 2012/10/27 v2.43 Cross-referencing by name of section

(/nix/store/rnm6hch7kyglyls797m133r1skg9ccjy-TeXLive-linkdir/texmf-dist/tex/gen
eric/oberdiek/gettitlestring.sty
Package: gettitlestring 2010/12/03 v1.4 Cleanup title references (HO)
)
\c@section@level=\count172
)
LaTeX Info: Redefining \ref on input line 67.
LaTeX Info: Redefining \pageref on input line 67.
LaTeX Info: Redefining \nameref on input line 67.
 (./diapositivas.out) (./diapositivas.out)
(/nix/store/rnm6hch7kyglyls797m133r1skg9ccjy-TeXLive-linkdir/texmf-dist/tex/lat
ex/ucs/ucsencs.def
File: ucsencs.def 2011/01/21 Fixes to fontencodings LGR, T3
LGR\textpentedeka already defined.
LGR\textpenteqilioi already defined.
LGR\textpentemuria already defined.
LGR\textstigma already defined.
LGR\textqoppa already defined.
LGR\texteuro already defined.
LGR\textperthousand already defined.
LGR\textquoteleft already defined.
LGR\textquoteright already defined.
LGR\u already defined.
LGR\= already defined.
LGR\" already defined.
LGR\textpercent already defined.
LGR\textperiodcentered already defined.
LGR\' already defined.
LGR\textanoteleia already defined.
LGR\textAlpha already defined.
LGR\textBeta already defined.
LGR\textDelta already defined.
LGR\textEpsilon already defined.
LGR\textPhi already defined.
LGR\textGamma already defined.
LGR\textEta already defined.
LGR\textIota already defined.
LGR\textTheta already defined.
LGR\textKappa already defined.
LGR\textLambda already defined.
LGR\textMu already defined.
LGR\textNu already defined.
LGR\textOmicron already defined.
LGR\textPi already defined.
LGR\textChi already defined.
LGR\textRho already defined.
LGR\textSigma already defined.
LGR\textTau already defined.
LGR\textUpsilon already defined.
LGR\textOmega already defined.
LGR\textXi already defined.
LGR\textPsi already defined.
LGR\textZeta already defined.
LGR\` already defined.
LGR\textalpha already defined.
LGR\textbeta already defined.
LGR\textvarsigma already defined.
LGR\textdelta already defined.
LGR\textepsilon already defined.
LGR\textphi already defined.
LGR\textgamma already defined.
LGR\texteta already defined.
LGR\textiota already defined.
LGR\texttheta already defined.
LGR\textkappa already defined.
LGR\textlambda already defined.
LGR\textmu already defined.
LGR\textnu already defined.
LGR\textomicron already defined.
LGR\textpi already defined.
LGR\textchi already defined.
LGR\textrho already defined.
LGR\textautosigma already defined.
LGR\textsigma already defined.
LGR\texttau already defined.
LGR\textupsilon already defined.
LGR\textomega already defined.
LGR\textxi already defined.
LGR\textpsi already defined.
LGR\textzeta already defined.
LGR\guillemotleft already defined.
LGR\guillemotright already defined.
LGR\~ already defined.
LGR\textemdash already defined.
LGR\textdigamma already defined.
LGR\textDigamma already defined.
LGR\textdexiakeraia already defined.
LGR\textaristerikeraia already defined.

fontencoding LGR patched
T3\textscriptg already defined.
fontencoding T3 patched
)
(/nix/store/rnm6hch7kyglyls797m133r1skg9ccjy-TeXLive-linkdir/texmf-dist/tex/lat
ex/ucs/data/uni-0.def
File: uni-0.def 2013/05/13 UCS: Unicode data U+0000..U+00FF
)
(/nix/store/rnm6hch7kyglyls797m133r1skg9ccjy-TeXLive-linkdir/texmf-dist/tex/lat
ex/ucs/data/uni-1.def
File: uni-1.def 2013/05/13 UCS: Unicode data U+0100..U+01FF
)
LaTeX Font Info:    Overwriting symbol font `operators' in version `normal'
(Font)                  OT1/cmr/m/n --> OT1/cmss/m/n on input line 67.
LaTeX Font Info:    Overwriting symbol font `operators' in version `bold'
(Font)                  OT1/cmr/bx/n --> OT1/cmss/bx/n on input line 67.
\symnumbers=\mathgroup6
\sympureletters=\mathgroup7
LaTeX Font Info:    Overwriting math alphabet `\mathrm' in version `normal'
(Font)                  OT1/cmss/m/n --> T1/cmr/m/n on input line 67.
LaTeX Font Info:    Redeclaring math alphabet \mathbf on input line 67.
LaTeX Font Info:    Overwriting math alphabet `\mathbf' in version `normal'
(Font)                  OT1/cmr/bx/n --> T1/cmss/bx/n on input line 67.
LaTeX Font Info:    Overwriting math alphabet `\mathbf' in version `bold'
(Font)                  OT1/cmr/bx/n --> T1/cmss/bx/n on input line 67.
LaTeX Font Info:    Redeclaring math alphabet \mathsf on input line 67.
LaTeX Font Info:    Overwriting math alphabet `\mathsf' in version `normal'
(Font)                  OT1/cmss/m/n --> T1/cmss/m/n on input line 67.
LaTeX Font Info:    Overwriting math alphabet `\mathsf' in version `bold'
(Font)                  OT1/cmss/bx/n --> T1/cmss/m/n on input line 67.
LaTeX Font Info:    Redeclaring math alphabet \mathit on input line 67.
LaTeX Font Info:    Overwriting math alphabet `\mathit' in version `normal'
(Font)                  OT1/cmr/m/it --> T1/cmss/m/it on input line 67.
LaTeX Font Info:    Overwriting math alphabet `\mathit' in version `bold'
(Font)                  OT1/cmr/bx/it --> T1/cmss/m/it on input line 67.
LaTeX Font Info:    Redeclaring math alphabet \mathtt on input line 67.
LaTeX Font Info:    Overwriting math alphabet `\mathtt' in version `normal'
(Font)                  OT1/cmtt/m/n --> T1/cmtt/m/n on input line 67.
LaTeX Font Info:    Overwriting math alphabet `\mathtt' in version `bold'
(Font)                  OT1/cmtt/m/n --> T1/cmtt/m/n on input line 67.
LaTeX Font Info:    Overwriting symbol font `numbers' in version `bold'
(Font)                  T1/cmss/m/n --> T1/cmss/bx/n on input line 67.
LaTeX Font Info:    Overwriting symbol font `pureletters' in version `bold'
(Font)                  T1/cmss/m/it --> T1/cmss/bx/it on input line 67.
LaTeX Font Info:    Overwriting math alphabet `\mathrm' in version `bold'
(Font)                  OT1/cmss/bx/n --> T1/cmr/bx/n on input line 67.
LaTeX Font Info:    Overwriting math alphabet `\mathbf' in version `bold'
(Font)                  T1/cmss/bx/n --> T1/cmss/bx/n on input line 67.
LaTeX Font Info:    Overwriting math alphabet `\mathsf' in version `bold'
(Font)                  T1/cmss/m/n --> T1/cmss/bx/n on input line 67.
LaTeX Font Info:    Overwriting math alphabet `\mathit' in version `bold'
(Font)                  T1/cmss/m/it --> T1/cmss/bx/it on input line 67.
LaTeX Font Info:    Overwriting math alphabet `\mathtt' in version `bold'
(Font)                  T1/cmtt/m/n --> T1/cmtt/bx/n on input line 67.
LaTeX Font Info:    Redeclaring symbol font `pureletters' on input line 67.
LaTeX Font Info:    Encoding `T1' has changed to `OT1' for symbol font
(Font)              `pureletters' in the math version `normal' on input line 67
.
LaTeX Font Info:    Overwriting symbol font `pureletters' in version `normal'
(Font)                  T1/cmss/m/it --> OT1/mathkerncmss/m/sl on input line 67
.
LaTeX Font Info:    Encoding `T1' has changed to `OT1' for symbol font
(Font)              `pureletters' in the math version `bold' on input line 67.
LaTeX Font Info:    Overwriting symbol font `pureletters' in version `bold'
(Font)                  T1/cmss/bx/it --> OT1/mathkerncmss/m/sl on input line 6
7.
LaTeX Font Info:    Overwriting symbol font `pureletters' in version `bold'
(Font)                  OT1/mathkerncmss/m/sl --> OT1/mathkerncmss/bx/sl on inp
ut line 67.

(/nix/store/rnm6hch7kyglyls797m133r1skg9ccjy-TeXLive-linkdir/texmf-dist/tex/lat
ex/beamer/base/translator/dicts/translator-basic-dictionary/translator-basic-di
ctionary-English.dict
Dictionary: translator-basic-dictionary, Language: English 
)
(/nix/store/rnm6hch7kyglyls797m133r1skg9ccjy-TeXLive-linkdir/texmf-dist/tex/lat
ex/beamer/base/translator/dicts/translator-bibliography-dictionary/translator-b
ibliography-dictionary-English.dict
Dictionary: translator-bibliography-dictionary, Language: English 
)
(/nix/store/rnm6hch7kyglyls797m133r1skg9ccjy-TeXLive-linkdir/texmf-dist/tex/lat
ex/beamer/base/translator/dicts/translator-environment-dictionary/translator-en
vironment-dictionary-English.dict
Dictionary: translator-environment-dictionary, Language: English 
)
(/nix/store/rnm6hch7kyglyls797m133r1skg9ccjy-TeXLive-linkdir/texmf-dist/tex/lat
ex/beamer/base/translator/dicts/translator-months-dictionary/translator-months-
dictionary-English.dict
Dictionary: translator-months-dictionary, Language: English 
)
(/nix/store/rnm6hch7kyglyls797m133r1skg9ccjy-TeXLive-linkdir/texmf-dist/tex/lat
ex/beamer/base/translator/dicts/translator-numbers-dictionary/translator-number
s-dictionary-English.dict
Dictionary: translator-numbers-dictionary, Language: English 
)
(/nix/store/rnm6hch7kyglyls797m133r1skg9ccjy-TeXLive-linkdir/texmf-dist/tex/lat
ex/beamer/base/translator/dicts/translator-theorem-dictionary/translator-theore
m-dictionary-English.dict
Dictionary: translator-theorem-dictionary, Language: English 
)
LaTeX Info: Redefining \includegraphics on input line 67.
 (./diapositivas.nav)

Package hyperref Warning: Option `pdfauthor' has already been used,
(hyperref)                setting the option has no effect on input line 70.

LaTeX Font Info:    Try loading font information for U+msa on input line 150.

(/nix/store/rnm6hch7kyglyls797m133r1skg9ccjy-TeXLive-linkdir/texmf-dist/tex/lat
ex/amsfonts/umsa.fd
File: umsa.fd 2013/01/14 v3.01 AMS symbols A
)
LaTeX Font Info:    Try loading font information for U+msb on input line 150.

(/nix/store/rnm6hch7kyglyls797m133r1skg9ccjy-TeXLive-linkdir/texmf-dist/tex/lat
ex/amsfonts/umsb.fd
File: umsb.fd 2013/01/14 v3.01 AMS symbols B
)
LaTeX Font Info:    Try loading font information for OT1+mathkerncmss on input 
line 150.

(/nix/store/rnm6hch7kyglyls797m133r1skg9ccjy-TeXLive-linkdir/texmf-dist/tex/lat
ex/sansmathaccent/ot1mathkerncmss.fd
File: ot1mathkerncmss.fd 2013/03/27 Fontinst v1.933 font definitions for OT1/ma
thkerncmss.
)
LaTeX Font Info:    Try loading font information for OMS+cmss on input line 162
.
LaTeX Font Info:    No file OMScmss.fd. on input line 162.


LaTeX Font Warning: Font shape `OMS/cmss/m/n' undefined
(Font)              using `OMS/cmsy/m/n' instead
(Font)              for symbol `textbullet' on input line 162.

[1














{/nix/store/rnm6hch7kyglyls797m133r1skg9ccjy-TeXLive-linkdir/texmf-config/fonts
/map/pdftex/updmap/pdftex.map}]

Package hyperref Warning: Token not allowed in a PDF string (Unicode):
(hyperref)                removing `math shift' on input line 164.


Package hyperref Warning: Token not allowed in a PDF string (Unicode):
(hyperref)                removing `\alpha' on input line 164.


Package hyperref Warning: Token not allowed in a PDF string (Unicode):
(hyperref)                removing `math shift' on input line 164.

[2









] [3




] (./Atom.tex)
\openout5 = `diapositivas.ptb'.


(/nix/store/rnm6hch7kyglyls797m133r1skg9ccjy-TeXLive-linkdir/texmf-dist/tex/lat
ex/ucs/data/uni-34.def
File: uni-34.def 2013/05/13 UCS: Unicode data U+2200..U+22FF
)
(/nix/store/rnm6hch7kyglyls797m133r1skg9ccjy-TeXLive-linkdir/texmf-dist/tex/lat
ex/ucs/data/uni-33.def
File: uni-33.def 2013/05/13 UCS: Unicode data U+2100..U+21FF
) [4











] (./Term.tex)
\openout5 = `diapositivas.ptb'.


(/nix/store/rnm6hch7kyglyls797m133r1skg9ccjy-TeXLive-linkdir/texmf-dist/tex/lat
ex/ucs/data/uni-3.def
File: uni-3.def 2013/05/13 UCS: Unicode data U+0300..U+03FF
)
LaTeX Font Info:    Try loading font information for LGR+cmss on input line 263
.

(/nix/store/rnm6hch7kyglyls797m133r1skg9ccjy-TeXLive-linkdir/texmf-dist/tex/lat
ex/cbfonts-fd/lgrcmss.fd
File: lgrcmss.fd 2013/09/01 v1.0 Greek European Computer Sans Serif
)
LaTeX Font Info:    Try loading font information for T3+cmss on input line 263.


(/nix/store/rnm6hch7kyglyls797m133r1skg9ccjy-TeXLive-linkdir/texmf-dist/tex/lat
ex/tipa/t3cmss.fd
File: t3cmss.fd 2001/12/31 TIPA font definitions
) (./Atom.tex)
\openout5 = `diapositivas.ptb'.

 (./Atom.tex)
\openout5 = `diapositivas.ptb'.

 (./Term.tex)
\openout5 = `diapositivas.ptb'.

 (./Atom.tex)
\openout5 = `diapositivas.ptb'.


(./Atom.tex)
\openout5 = `diapositivas.ptb'.

 [5





] (./Alpha.tex)
\openout5 = `diapositivas.ptb'.


Overfull \hbox (25.68579pt too wide) in paragraph at lines 297--297
 [][][][]  
 []


Overfull \hbox (25.68579pt too wide) in paragraph at lines 297--297
 [][][][][][][]  
 []


Overfull \hbox (25.68579pt too wide) in paragraph at lines 297--297
 [][][][][][][][][][][]  
 []


Overfull \hbox (25.68579pt too wide) in paragraph at lines 297--297
 [][][][][]  
 []


Overfull \hbox (25.68579pt too wide) in paragraph at lines 297--297
 [][][][][][][][][][][]  
 []


Overfull \hbox (25.68579pt too wide) in paragraph at lines 297--297
 [][][][][]  
 []


Overfull \hbox (25.68579pt too wide) in paragraph at lines 297--297
 [][][][][]  
 []

(./Alpha.tex)
\openout5 = `diapositivas.ptb'.


Overfull \hbox (25.68579pt too wide) in paragraph at lines 297--297
 [][][][]  
 []


Overfull \hbox (25.68579pt too wide) in paragraph at lines 297--297
 [][][][][][][]  
 []


Overfull \hbox (25.68579pt too wide) in paragraph at lines 297--297
 [][][][][][][][][][][]  
 []


Overfull \hbox (25.68579pt too wide) in paragraph at lines 297--297
 [][][][][]  
 []


Overfull \hbox (25.68579pt too wide) in paragraph at lines 297--297
 [][][][][][][][][][][]  
 []


Overfull \hbox (25.68579pt too wide) in paragraph at lines 297--297
 [][][][][]  
 []


Overfull \hbox (25.68579pt too wide) in paragraph at lines 297--297
 [][][][][]  
 []

(./Alpha.tex)
\openout5 = `diapositivas.ptb'.


Overfull \hbox (25.68579pt too wide) in paragraph at lines 297--297
 [][][][]  
 []


Overfull \hbox (25.68579pt too wide) in paragraph at lines 297--297
 [][][][][][][]  
 []


Overfull \hbox (25.68579pt too wide) in paragraph at lines 297--297
 [][][][][][][][][][][]  
 []


Overfull \hbox (25.68579pt too wide) in paragraph at lines 297--297
 [][][][][]  
 []


Overfull \hbox (25.68579pt too wide) in paragraph at lines 297--297
 [][][][][][][][][][][]  
 []


Overfull \hbox (25.68579pt too wide) in paragraph at lines 297--297
 [][][][][]  
 []


Overfull \hbox (25.68579pt too wide) in paragraph at lines 297--297
 [][][][][]  
 []

[6






]

Package hyperref Warning: Token not allowed in a PDF string (Unicode):
(hyperref)                removing `math shift' on input line 314.


Package hyperref Warning: Token not allowed in a PDF string (Unicode):
(hyperref)                removing `\alpha' on input line 314.


Package hyperref Warning: Token not allowed in a PDF string (Unicode):
(hyperref)                removing `math shift' on input line 314.

(./TermInduction.tex)
\openout5 = `diapositivas.ptb'.

 [7











] (./TermInduction.tex)
\openout5 = `diapositivas.ptb'.

 [8




] (./Alpha.tex)
\openout5 = `diapositivas.ptb'.


Overfull \hbox (8.46692pt too wide) in paragraph at lines 385--385
 [][]  
 []


Overfull \hbox (8.46692pt too wide) in paragraph at lines 385--385
 [][][]  
 []

(./TermInduction.tex)
\openout5 = `diapositivas.ptb'.

 [9




] (./TermRecursion.tex)
\openout5 = `diapositivas.ptb'.

 [10




] (./Alpha.tex)
\openout5 = `diapositivas.ptb'.


(./TermRecursion.tex)
\openout5 = `diapositivas.ptb'.



LaTeX Font Warning: Font shape `OMS/cmss/m/it' undefined
(Font)              using `OMS/cmss/m/n' instead
(Font)              for symbol `textperiodcentered' on input line 441.


LaTeX Font Warning: Font shape `T3/cmss/m/it' in size <10.95> not available
(Font)              Font shape `T3/cmss/m/sl' tried instead on input line 441.


Overfull \hbox (16.65776pt too wide) in paragraph at lines 441--441
 [][][][]  
 []


Overfull \hbox (16.65776pt too wide) in paragraph at lines 441--441
 [][][][][]  
 []


Overfull \hbox (16.65776pt too wide) in paragraph at lines 441--441
 [][][][][]  
 []


Overfull \hbox (16.65776pt too wide) in paragraph at lines 441--441
 [][][][][]  
 []


Overfull \hbox (16.65776pt too wide) in paragraph at lines 441--441
 [][][][][]  
 []


Overfull \hbox (16.65776pt too wide) in paragraph at lines 441--441
 [][][][][]  
 []

[11




] (./TermRecursion.tex)
\openout5 = `diapositivas.ptb'.

 [12




] (./FreeVariables.tex)
\openout5 = `diapositivas.ptb'.

 (./FreeVariables.tex)
\openout5 = `diapositivas.ptb'.


[13











] (./FreeVariables.tex)
\openout5 = `diapositivas.ptb'.

 (./Term.tex)
\openout5 = `diapositivas.ptb'.


Overfull \hbox (8.30098pt too wide) in paragraph at lines 522--522
 [][][][]  
 []


Overfull \hbox (8.30098pt too wide) in paragraph at lines 522--522
 [][][][][][][][][][][]  
 []


Overfull \hbox (8.30098pt too wide) in paragraph at lines 522--522
 [][][][][][][][][][][][][]  
 []


Overfull \hbox (8.30098pt too wide) in paragraph at lines 522--522
 [][][][][][][][][][][][][]  
 []


Overfull \hbox (8.30098pt too wide) in paragraph at lines 522--522
 [][][][][][][][][][][][][]  
 []

(./FreeVariables.tex)
\openout5 = `diapositivas.ptb'.

 (./FreeVariables.tex)
\openout5 = `diapositivas.ptb'.

 (./Term.tex)
\openout5 = `diapositivas.ptb'.


Overfull \hbox (8.30098pt too wide) in paragraph at lines 522--522
 [][][][]  
 []


Overfull \hbox (8.30098pt too wide) in paragraph at lines 522--522
 [][][][][][][][][][][]  
 []


Overfull \hbox (8.30098pt too wide) in paragraph at lines 522--522
 [][][][][][][][][][][][][]  
 []


Overfull \hbox (8.30098pt too wide) in paragraph at lines 522--522
 [][][][][][][][][][][][][]  
 []


Overfull \hbox (8.30098pt too wide) in paragraph at lines 522--522
 [][][][][][][][][][][][][]  
 []

(./FreeVariables.tex)
\openout5 = `diapositivas.ptb'.

 [14





]
Overfull \hbox (15.45248pt too wide) detected at line 556
[]
 []


Overfull \hbox (15.45248pt too wide) detected at line 556
[]
 []

[15





] (./Substitution.tex)
\openout5 = `diapositivas.ptb'.

LaTeX Font Info:    Try loading font information for T1+cmtt on input line 577.


(/nix/store/rnm6hch7kyglyls797m133r1skg9ccjy-TeXLive-linkdir/texmf-dist/tex/lat
ex/base/t1cmtt.fd
File: t1cmtt.fd 1999/05/25 v2.5h Standard LaTeX font definitions
) (./Substitution.tex)
\openout5 = `diapositivas.ptb'.

 (./Substitution.tex)
\openout5 = `diapositivas.ptb'.


(./Substitution.tex)
\openout5 = `diapositivas.ptb'.

 [16





] (./Substitution.tex)
\openout5 = `diapositivas.ptb'.

 (./Substitution.tex)
\openout5 = `diapositivas.ptb'.


Overfull \hbox (12.41653pt too wide) in paragraph at lines 618--618
 [][][][]  
 []


Overfull \hbox (12.41653pt too wide) in paragraph at lines 618--618
 [][][][][][][]  
 []


Overfull \hbox (12.41653pt too wide) in paragraph at lines 618--618
 [][][][][]  
 []

(./Substitution.tex)
\openout5 = `diapositivas.ptb'.

 (./Substitution.tex)
\openout5 = `diapositivas.ptb'.


Overfull \hbox (12.41653pt too wide) in paragraph at lines 618--618
 [][][][]  
 []


Overfull \hbox (12.41653pt too wide) in paragraph at lines 618--618
 [][][][][][][]  
 []


Overfull \hbox (12.41653pt too wide) in paragraph at lines 618--618
 [][][][][]  
 []

(./Substitution.tex)
\openout5 = `diapositivas.ptb'.

 (./Substitution.tex)
\openout5 = `diapositivas.ptb'.


Overfull \hbox (12.41653pt too wide) in paragraph at lines 618--618
 [][][][]  
 []


Overfull \hbox (12.41653pt too wide) in paragraph at lines 618--618
 [][][][][][][]  
 []


Overfull \hbox (12.41653pt too wide) in paragraph at lines 618--618
 [][][][][]  
 []

[17






] (./Substitution.tex)
\openout5 = `diapositivas.ptb'.

LaTeX Font Info:    Try loading font information for LGR+cmtt on input line 632
.

(/nix/store/rnm6hch7kyglyls797m133r1skg9ccjy-TeXLive-linkdir/texmf-dist/tex/lat
ex/cbfonts-fd/lgrcmtt.fd
File: lgrcmtt.fd 2013/09/01 v1.0 Greek European Computer Typewriter
)
(/nix/store/rnm6hch7kyglyls797m133r1skg9ccjy-TeXLive-linkdir/texmf-dist/tex/lat
ex/ucs/data/uni-39.def
File: uni-39.def 2013/05/13 UCS: Unicode data U+2700..U+27FF
) [18




] (./diapositivas.bbl)

LaTeX Font Warning: Font shape `T1/cmss/m/n' in size <4> not available
(Font)              size <5> substituted on input line 666.

[19














 </nix/store/rnm6hch7kyglyls797m133r1skg9ccjy-TeXLive-linkdir/texmf-dist/tex/la
tex/beamer/art/beamericonarticle.pdf>]
Package atveryend Info: Empty hook `BeforeClearDocument' on input line 666.
Package atveryend Info: Empty hook `AfterLastShipout' on input line 666.
Package atveryend Info: Executing hook `AtVeryEndDocument' on input line 666.
Package atveryend Info: Empty hook `AtEndAfterFileList' on input line 666.


LaTeX Font Warning: Size substitutions with differences
(Font)              up to 1.0pt have occurred.


LaTeX Font Warning: Some font shapes were not available, defaults substituted.

Package atveryend Info: Empty hook `AtVeryVeryEnd' on input line 666.
 ) 
Here is how much of TeX's memory you used:
 26392 strings out of 493109
 470657 string characters out of 6117084
 608197 words of memory out of 5000000
 29166 multiletter control sequences out of 15000+600000
 32791 words of font info for 84 fonts, out of 8000000 for 9000
 1141 hyphenation exceptions out of 8191
 56i,15n,85p,1361b,687s stack positions out of 5000i,500n,10000p,200000b,80000s
pdfTeX warning (dest): name{Navigation21} has been referenced but does not ex
ist, replaced by a fixed one

pdfTeX warning (dest): name{Navigation20} has been referenced but does not exis
t, replaced by a fixed one

pdfTeX warning (dest): name{Navigation38} has been referenced but does not exis
t, replaced by a fixed one

{/nix/store/rnm6hch7kyglyls797m133r1skg9ccjy-TeXLive-linkdir/texmf-dist/fonts/e
nc/cm-super-t1.enc}</nix/store/rnm6hch7kyglyls797m133r1skg9ccjy-TeXLive-linkdir
/texmf-dist/fonts/type1/public/amsfonts/cm/cmmi10.pfb></nix/store/rnm6hch7kygly
ls797m133r1skg9ccjy-TeXLive-linkdir/texmf-dist/fonts/type1/public/amsfonts/cm/c
mmi12.pfb></nix/store/rnm6hch7kyglyls797m133r1skg9ccjy-TeXLive-linkdir/texmf-di
st/fonts/type1/public/amsfonts/cm/cmmi8.pfb></nix/store/rnm6hch7kyglyls797m133r
1skg9ccjy-TeXLive-linkdir/texmf-dist/fonts/type1/public/amsfonts/cm/cmss10.pfb>
</nix/store/rnm6hch7kyglyls797m133r1skg9ccjy-TeXLive-linkdir/texmf-dist/fonts/t
ype1/public/amsfonts/cm/cmss8.pfb></nix/store/rnm6hch7kyglyls797m133r1skg9ccjy-
TeXLive-linkdir/texmf-dist/fonts/type1/public/amsfonts/cm/cmssi10.pfb></nix/sto
re/rnm6hch7kyglyls797m133r1skg9ccjy-TeXLive-linkdir/texmf-dist/fonts/type1/publ
ic/amsfonts/cm/cmssi8.pfb></nix/store/rnm6hch7kyglyls797m133r1skg9ccjy-TeXLive-
linkdir/texmf-dist/fonts/type1/public/amsfonts/cm/cmsy10.pfb></nix/store/rnm6hc
h7kyglyls797m133r1skg9ccjy-TeXLive-linkdir/texmf-dist/fonts/type1/public/amsfon
ts/cm/cmsy8.pfb></nix/store/rnm6hch7kyglyls797m133r1skg9ccjy-TeXLive-linkdir/te
xmf-dist/fonts/type1/public/cbfonts/gsmi1095.pfb></nix/store/rnm6hch7kyglyls797
m133r1skg9ccjy-TeXLive-linkdir/texmf-dist/fonts/type1/public/cbfonts/gsmn0800.p
fb></nix/store/rnm6hch7kyglyls797m133r1skg9ccjy-TeXLive-linkdir/texmf-dist/font
s/type1/public/cbfonts/gsmn1000.pfb></nix/store/rnm6hch7kyglyls797m133r1skg9ccj
y-TeXLive-linkdir/texmf-dist/fonts/type1/public/cbfonts/gsmn1095.pfb></nix/stor
e/rnm6hch7kyglyls797m133r1skg9ccjy-TeXLive-linkdir/texmf-dist/fonts/type1/publi
c/cbfonts/gttn0800.pfb></nix/store/rnm6hch7kyglyls797m133r1skg9ccjy-TeXLive-lin
kdir/texmf-dist/fonts/type1/public/amsfonts/symbols/msam10.pfb></nix/store/rnm6
hch7kyglyls797m133r1skg9ccjy-TeXLive-linkdir/texmf-dist/fonts/type1/public/cm-s
uper/sfsi0800.pfb></nix/store/rnm6hch7kyglyls797m133r1skg9ccjy-TeXLive-linkdir/
texmf-dist/fonts/type1/public/cm-super/sfsi1000.pfb></nix/store/rnm6hch7kyglyls
797m133r1skg9ccjy-TeXLive-linkdir/texmf-dist/fonts/type1/public/cm-super/sfsi10
95.pfb></nix/store/rnm6hch7kyglyls797m133r1skg9ccjy-TeXLive-linkdir/texmf-dist/
fonts/type1/public/cm-super/sfss0800.pfb></nix/store/rnm6hch7kyglyls797m133r1sk
g9ccjy-TeXLive-linkdir/texmf-dist/fonts/type1/public/cm-super/sfss0900.pfb></ni
x/store/rnm6hch7kyglyls797m133r1skg9ccjy-TeXLive-linkdir/texmf-dist/fonts/type1
/public/cm-super/sfss1000.pfb></nix/store/rnm6hch7kyglyls797m133r1skg9ccjy-TeXL
ive-linkdir/texmf-dist/fonts/type1/public/cm-super/sfss1095.pfb></nix/store/rnm
6hch7kyglyls797m133r1skg9ccjy-TeXLive-linkdir/texmf-dist/fonts/type1/public/cm-
super/sfss1200.pfb></nix/store/rnm6hch7kyglyls797m133r1skg9ccjy-TeXLive-linkdir
/texmf-dist/fonts/type1/public/cm-super/sfss1440.pfb></nix/store/rnm6hch7kyglyl
s797m133r1skg9ccjy-TeXLive-linkdir/texmf-dist/fonts/type1/public/cm-super/sfsx1
000.pfb></nix/store/rnm6hch7kyglyls797m133r1skg9ccjy-TeXLive-linkdir/texmf-dist
/fonts/type1/public/cm-super/sftt0800.pfb></nix/store/rnm6hch7kyglyls797m133r1s
kg9ccjy-TeXLive-linkdir/texmf-dist/fonts/type1/public/cm-super/sftt1095.pfb></n
ix/store/rnm6hch7kyglyls797m133r1skg9ccjy-TeXLive-linkdir/texmf-dist/fonts/type
1/fkr/tipa/tipasi10.pfb></nix/store/rnm6hch7kyglyls797m133r1skg9ccjy-TeXLive-li
nkdir/texmf-dist/fonts/type1/fkr/tipa/tipass10.pfb></nix/store/rnm6hch7kyglyls7
97m133r1skg9ccjy-TeXLive-linkdir/texmf-dist/fonts/type1/fkr/tipa/tipass8.pfb>
Output written on diapositivas.pdf (19 pages, 325255 bytes).
PDF statistics:
 361 PDF objects out of 1000 (max. 8388607)
 280 compressed objects within 3 object streams
 49 named destinations out of 1000 (max. 500000)
 91 words of extra memory for PDF output out of 10000 (max. 10000000)

