This is pdfTeX, Version 3.1415926-2.3-1.40.12 (MiKTeX 2.9) (preloaded format=pdflatex 2012.8.19)  27 APR 2015 07:16
entering extended mode
**u.tex

("C:\Users\nora\Dropbox\Formal Metatheory\NominalFramework\ernesto\codigoAgda2\
formalmetatheory-nominal\latex\u.tex"
LaTeX2e <2011/06/27>
Babel <v3.8m> and hyphenation patterns for english, afrikaans, ancientgreek, ar
abic, armenian, assamese, basque, bengali, bokmal, bulgarian, catalan, coptic, 
croatian, czech, danish, dutch, esperanto, estonian, farsi, finnish, french, ga
lician, german, german-x-2009-06-19, greek, gujarati, hindi, hungarian, iceland
ic, indonesian, interlingua, irish, italian, kannada, kurmanji, lao, latin, lat
vian, lithuanian, malayalam, marathi, mongolian, mongolianlmc, monogreek, ngerm
an, ngerman-x-2009-06-19, nynorsk, oriya, panjabi, pinyin, polish, portuguese, 
romanian, russian, sanskrit, serbian, slovak, slovenian, spanish, swedish, swis
sgerman, tamil, telugu, turkish, turkmen, ukenglish, ukrainian, uppersorbian, u
senglishmax, welsh, loaded.

("C:\Users\nora\Dropbox\Formal Metatheory\NominalFramework\ernesto\codigoAgda2\
formalmetatheory-nominal\latex\entcs.cls"
Document Class: entcs 2003/9/14, 2e-1.15: Electronic Notes in Theoretical Compu
ter Science
("C:\Program Files (x86)\MiKTeX 2.9\tex\latex\base\newlfont.sty"
Package: newlfont 1998/08/17 v2.2m Standard LaTeX package
LaTeX Info: Redefining \em on input line 67.

("C:\Program Files (x86)\MiKTeX 2.9\tex\latex\base\latexsym.sty"
Package: latexsym 1998/08/17 v2.2e Standard LaTeX package (lasy symbols)
\symlasy=\mathgroup4
LaTeX Font Info:    Overwriting symbol font `lasy' in version `bold'
(Font)                  U/lasy/m/n --> U/lasy/b/n on input line 47.
))
("C:\Program Files (x86)\MiKTeX 2.9\tex\latex\amsfonts\amssymb.sty"
Package: amssymb 2009/06/22 v3.00

("C:\Program Files (x86)\MiKTeX 2.9\tex\latex\amsfonts\amsfonts.sty"
Package: amsfonts 2009/06/22 v3.00 Basic AMSFonts support
\@emptytoks=\toks14
\symAMSa=\mathgroup5
\symAMSb=\mathgroup6
LaTeX Font Info:    Overwriting math alphabet `\mathfrak' in version `bold'
(Font)                  U/euf/m/n --> U/euf/b/n on input line 96.
))
("C:\Program Files (x86)\MiKTeX 2.9\tex\generic\oberdiek\ifpdf.sty"
Package: ifpdf 2011/01/30 v2.3 Provides the ifpdf switch (HO)
Package ifpdf Info: pdfTeX in PDF mode is detected.
)
("C:\Program Files (x86)\MiKTeX 2.9\tex\latex\hyperref\hyperref.sty"
Package: hyperref 2012/05/13 v6.82q Hypertext links for LaTeX

("C:\Program Files (x86)\MiKTeX 2.9\tex\generic\oberdiek\hobsub-hyperref.sty"
Package: hobsub-hyperref 2012/04/25 v1.12 Bundle oberdiek, subset hyperref (HO)


("C:\Program Files (x86)\MiKTeX 2.9\tex\generic\oberdiek\hobsub-generic.sty"
Package: hobsub-generic 2012/04/25 v1.12 Bundle oberdiek, subset generic (HO)
Package: hobsub 2012/04/25 v1.12 Construct package bundles (HO)
Package: infwarerr 2010/04/08 v1.3 Providing info/warning/error messages (HO)
Package: ltxcmds 2011/11/09 v1.22 LaTeX kernel commands for general use (HO)
Package: ifluatex 2010/03/01 v1.3 Provides the ifluatex switch (HO)
Package ifluatex Info: LuaTeX not detected.
Package: ifvtex 2010/03/01 v1.5 Detect VTeX and its facilities (HO)
Package ifvtex Info: VTeX not detected.
Package: intcalc 2007/09/27 v1.1 Expandable calculations with integers (HO)
Package hobsub Info: Skipping package `ifpdf' (already loaded).
Package: etexcmds 2011/02/16 v1.5 Avoid name clashes with e-TeX commands (HO)
Package etexcmds Info: Could not find \expanded.
(etexcmds)             That can mean that you are not using pdfTeX 1.50 or
(etexcmds)             that some package has redefined \expanded.
(etexcmds)             In the latter case, load this package earlier.
Package: kvsetkeys 2012/04/25 v1.16 Key value parser (HO)
Package: kvdefinekeys 2011/04/07 v1.3 Define keys (HO)
Package: pdftexcmds 2011/11/29 v0.20 Utility functions of pdfTeX for LuaTeX (HO
)
Package pdftexcmds Info: LuaTeX not detected.
Package pdftexcmds Info: \pdf@primitive is available.
Package pdftexcmds Info: \pdf@ifprimitive is available.
Package pdftexcmds Info: \pdfdraftmode found.
Package: pdfescape 2011/11/25 v1.13 Implements pdfTeX's escape features (HO)
Package: bigintcalc 2012/04/08 v1.3 Expandable calculations on big integers (HO
)
Package: bitset 2011/01/30 v1.1 Handle bit-vector datatype (HO)
Package: uniquecounter 2011/01/30 v1.2 Provide unlimited unique counter (HO)
)
Package hobsub Info: Skipping package `hobsub' (already loaded).
Package: letltxmacro 2010/09/02 v1.4 Let assignment for LaTeX macros (HO)
Package: hopatch 2011/06/24 v1.1 Wrapper for package hooks (HO)
Package: xcolor-patch 2011/01/30 xcolor patch
Package: atveryend 2011/06/30 v1.8 Hooks at the very end of document (HO)
Package atveryend Info: \enddocument detected (standard20110627).
Package: atbegshi 2011/10/05 v1.16 At begin shipout hook (HO)
Package: refcount 2011/10/16 v3.4 Data extraction from label references (HO)
Package: hycolor 2011/01/30 v1.7 Color options for hyperref/bookmark (HO)
)
("C:\Program Files (x86)\MiKTeX 2.9\tex\latex\graphics\keyval.sty"
Package: keyval 1999/03/16 v1.13 key=value parser (DPC)
\KV@toks@=\toks15
)
("C:\Program Files (x86)\MiKTeX 2.9\tex\generic\ifxetex\ifxetex.sty"
Package: ifxetex 2010/09/12 v0.6 Provides ifxetex conditional
)
("C:\Program Files (x86)\MiKTeX 2.9\tex\latex\oberdiek\kvoptions.sty"
Package: kvoptions 2011/06/30 v3.11 Key value format for package options (HO)
)
\@linkdim=\dimen102
\Hy@linkcounter=\count79
\Hy@pagecounter=\count80

("C:\Program Files (x86)\MiKTeX 2.9\tex\latex\hyperref\pd1enc.def"
File: pd1enc.def 2012/05/13 v6.82q Hyperref: PDFDocEncoding definition (HO)
)
\Hy@SavedSpaceFactor=\count81

("C:\Program Files (x86)\MiKTeX 2.9\tex\latex\00miktex\hyperref.cfg"
File: hyperref.cfg 2002/06/06 v1.2 hyperref configuration of TeXLive
)
Package hyperref Info: Option `raiselinks' set `false' on input line 3941.
Package hyperref Info: Option `colorlinks' set `true' on input line 3941.
Package hyperref Info: Option `bookmarksopen' set `true' on input line 3941.
Package hyperref Info: Hyper figures OFF on input line 4062.
Package hyperref Info: Link nesting OFF on input line 4067.
Package hyperref Info: Hyper index ON on input line 4070.
Package hyperref Info: Plain pages OFF on input line 4077.
Package hyperref Info: Backreferencing OFF on input line 4082.
Package hyperref Info: Implicit mode ON; LaTeX internals redefined.
Package hyperref Info: Bookmarks ON on input line 4300.
\c@Hy@tempcnt=\count82

("C:\Program Files (x86)\MiKTeX 2.9\tex\latex\ltxmisc\url.sty"
\Urlmuskip=\muskip10
Package: url 2006/04/12  ver 3.3  Verb mode for urls, etc.
)
LaTeX Info: Redefining \url on input line 4653.
\Fld@menulength=\count83
\Field@Width=\dimen103
\Fld@charsize=\dimen104
Package hyperref Info: Hyper figures OFF on input line 5773.
Package hyperref Info: Link nesting OFF on input line 5778.
Package hyperref Info: Hyper index ON on input line 5781.
Package hyperref Info: backreferencing OFF on input line 5788.
Package hyperref Info: Link coloring ON on input line 5791.
Package hyperref Info: Link coloring with OCG OFF on input line 5798.
Package hyperref Info: PDF/A mode OFF on input line 5803.
LaTeX Info: Redefining \ref on input line 5843.
LaTeX Info: Redefining \pageref on input line 5847.


Package hyperref Warning: Option `pdfpagelabels' is turned off
(hyperref)                because \thepage is undefined.

\c@Item=\count84
\c@Hfootnote=\count85
)

Package hyperref Message: Driver: hpdftex.

("C:\Program Files (x86)\MiKTeX 2.9\tex\latex\hyperref\hpdftex.def"
File: hpdftex.def 2012/05/13 v6.82q Hyperref driver for pdfTeX
\Fld@listcount=\count86
\c@bookmark@seq@number=\count87

("C:\Program Files (x86)\MiKTeX 2.9\tex\latex\oberdiek\rerunfilecheck.sty"
Package: rerunfilecheck 2011/04/15 v1.7 Rerun checks for auxiliary files (HO)
Package uniquecounter Info: New unique counter `rerunfilecheck' on input line 2
82.
)
\Hy@SectionHShift=\skip41
)
("C:\Program Files (x86)\MiKTeX 2.9\tex\latex\base\leqno.clo"
File: leqno.clo 1998/08/17 v1.1c Standard LaTeX option (left equation numbers)
)
LaTeX Info: Redefining \rm on input line 76.
LaTeX Info: Redefining \cal on input line 77.
LaTeX Info: Redefining \sf on input line 78.
LaTeX Info: Redefining \tt on input line 79.
LaTeX Info: Redefining \bf on input line 80.
LaTeX Info: Redefining \it on input line 81.
LaTeX Info: Redefining \sl on input line 82.
LaTeX Info: Redefining \sc on input line 83.
\@bls=\dimen105
\eqntopsep=\skip42
\eqnarraycolsep=\dimen106
\labelwidthi=\dimen107
\labelwidthii=\dimen108
\labelwidthiii=\dimen109
\labelwidthiv=\dimen110
\@maxlistdepth=\count88
\eqnbaselineskip=\skip43
\eqnlineskip=\skip44
\mathindent=\dimen111
\c@part=\count89
\c@section=\count90
\c@subsection=\count91
\c@subsubsection=\count92
\c@paragraph=\count93
\c@subparagraph=\count94
\c@thm=\count95
\c@alg=\count96
\c@algorithm=\count97
\c@note=\count98
\c@summ=\count99
\c@case=\count100
\@tempcntc=\count101
\c@figure=\count102
\c@table=\count103
\t@glob@notes=\toks16
\t@loc@notes=\toks17
\note@cnt=\count104
\c@author=\count105
\n@author=\count106
\c@collab=\count107
\n@collab=\count108
\c@address=\count109
\sv@mathsurround=\dimen112
\sv@hyphenpenalty=\count110
\prev@elem=\count111
\cur@elem=\count112
\fm@box=\box26
\fm@size=\dimen113
\t@abstract=\box27
\t@keyword=\box28
\t@xtheight=\dimen114
\@logoheight=\dimen115
\@pubyear=\count113
\@copyear=\count114
\slashbox=\box29
LaTeX Font Info:    Try loading font information for U+lasy on input line 1133.


("C:\Program Files (x86)\MiKTeX 2.9\tex\latex\base\ulasy.fd"
File: ulasy.fd 1998/08/17 v2.2e LaTeX symbol font definitions
)
LaTeX Font Info:    Try loading font information for U+msa on input line 1133.

("C:\Program Files (x86)\MiKTeX 2.9\tex\latex\amsfonts\umsa.fd"
File: umsa.fd 2009/06/22 v3.00 AMS symbols A
)
LaTeX Font Info:    Try loading font information for U+msb on input line 1133.

("C:\Program Files (x86)\MiKTeX 2.9\tex\latex\amsfonts\umsb.fd"
File: umsb.fd 2009/06/22 v3.00 AMS symbols B
)
\Slashbox=\box30
)
("C:\Users\nora\Dropbox\Formal Metatheory\NominalFramework\ernesto\codigoAgda2\
formalmetatheory-nominal\latex\entcsmacro.sty")
("C:\Program Files (x86)\MiKTeX 2.9\tex\latex\graphics\graphicx.sty"
Package: graphicx 1999/02/16 v1.0f Enhanced LaTeX Graphics (DPC,SPQR)

("C:\Program Files (x86)\MiKTeX 2.9\tex\latex\graphics\graphics.sty"
Package: graphics 2009/02/05 v1.0o Standard LaTeX Graphics (DPC,SPQR)

("C:\Program Files (x86)\MiKTeX 2.9\tex\latex\graphics\trig.sty"
Package: trig 1999/03/16 v1.09 sin cos tan (DPC)
)
("C:\Program Files (x86)\MiKTeX 2.9\tex\latex\00miktex\graphics.cfg"
File: graphics.cfg 2007/01/18 v1.5 graphics configuration of teTeX/TeXLive
)
Package graphics Info: Driver file: pdftex.def on input line 91.

("C:\Program Files (x86)\MiKTeX 2.9\tex\latex\pdftex-def\pdftex.def"
File: pdftex.def 2011/05/27 v0.06d Graphics/color for pdfTeX
\Gread@gobject=\count115
))
\Gin@req@height=\dimen116
\Gin@req@width=\dimen117
)
("C:\Users\nora\Dropbox\Formal Metatheory\NominalFramework\ernesto\codigoAgda2\
formalmetatheory-nominal\latex\agda.sty"
Package: agda 

(C:\Users\nora\AppData\Roaming\MiKTeX\2.9\tex\latex\xifthen\xifthen.sty
Package: xifthen 2009/04/17 v1.3 Extended ifthen features

("C:\Program Files (x86)\MiKTeX 2.9\tex\latex\misc\etex.sty"
Package: etex 1998/03/26 v2.0 eTeX basic definition package (PEB)
\et@xins=\count116
)
("C:\Program Files (x86)\MiKTeX 2.9\tex\latex\tools\calc.sty"
Package: calc 2007/08/22 v4.3 Infix arithmetic (KKT,FJ)
\calc@Acount=\count117
\calc@Bcount=\count118
\calc@Adimen=\dimen118
\calc@Bdimen=\dimen119
\calc@Askip=\skip45
\calc@Bskip=\skip46
LaTeX Info: Redefining \setlength on input line 76.
LaTeX Info: Redefining \addtolength on input line 77.
\calc@Ccount=\count119
\calc@Cskip=\skip47
)
("C:\Program Files (x86)\MiKTeX 2.9\tex\latex\base\ifthen.sty"
Package: ifthen 2001/05/26 v1.1c Standard LaTeX ifthen package (DPC)
)
(C:\Users\nora\AppData\Roaming\MiKTeX\2.9\tex\latex\ifmtarg\ifmtarg.sty
Package: ifmtarg 2009/09/02 v1.2a check for an empty argument
))
(C:\Users\nora\AppData\Roaming\MiKTeX\2.9\tex\latex\xcolor\xcolor.sty
Package: xcolor 2007/01/21 v2.11 LaTeX color extensions (UK)

("C:\Program Files (x86)\MiKTeX 2.9\tex\latex\00miktex\color.cfg"
File: color.cfg 2007/01/18 v1.5 color configuration of teTeX/TeXLive
)
Package xcolor Info: Driver file: pdftex.def on input line 225.
Package xcolor Info: Model `cmy' substituted by `cmy0' on input line 1337.
Package xcolor Info: Model `hsb' substituted by `rgb' on input line 1341.
Package xcolor Info: Model `RGB' extended on input line 1353.
Package xcolor Info: Model `HTML' substituted by `rgb' on input line 1355.
Package xcolor Info: Model `Hsb' substituted by `hsb' on input line 1356.
Package xcolor Info: Model `tHsb' substituted by `hsb' on input line 1357.
Package xcolor Info: Model `HSB' substituted by `hsb' on input line 1358.
Package xcolor Info: Model `Gray' substituted by `gray' on input line 1359.
Package xcolor Info: Model `wave' substituted by `hsb' on input line 1360.
)
(C:\Users\nora\AppData\Roaming\MiKTeX\2.9\tex\latex\polytable\polytable.sty
Package: polytable 2013/07/18 v0.8.5 `polytable' package (Andres Loeh)

(C:\Users\nora\AppData\Roaming\MiKTeX\2.9\tex\latex\lazylist\lazylist.sty)
("C:\Program Files (x86)\MiKTeX 2.9\tex\latex\tools\array.sty"
Package: array 2008/09/09 v2.4c Tabular extension package (FMi)
\col@sep=\dimen120
\extrarowheight=\dimen121
\NC@list=\toks18
\extratabsurround=\skip48
\backup@length=\skip49
)
\PT@colwidth=\dimen122
\PT@cols=\count120
\PT@table=\count121
\PT@toks=\toks19
\PT@in=\read1
\PT@out=\write3
)
(C:\Users\nora\AppData\Roaming\MiKTeX\2.9\tex\latex\etoolbox\etoolbox.sty
Package: etoolbox 2011/01/03 v2.1 e-TeX tools for LaTeX
\etb@tempcnta=\count122
)
(C:\Users\nora\AppData\Roaming\MiKTeX\2.9\tex\latex\ucs\ucs.sty
Package: ucs 2013/05/11 v2.2 UCS: Unicode input support

(C:\Users\nora\AppData\Roaming\MiKTeX\2.9\tex\latex\ucs\uni-global.def
File: uni-global.def 2013/05/13 UCS: Unicode global data
)
\uc@secondtry=\count123
\uc@combtoks=\toks20
\uc@combtoksb=\toks21
\uc@temptokena=\toks22
)
(C:\Users\nora\AppData\Roaming\MiKTeX\2.9\tex\latex\tipa\tipa.sty
Package: tipa 2002/08/08 TIPA version 1.1

("C:\Program Files (x86)\MiKTeX 2.9\tex\latex\base\fontenc.sty"
Package: fontenc 2005/09/27 v1.99g Standard LaTeX package

(C:\Users\nora\AppData\Roaming\MiKTeX\2.9\tex\latex\tipa\t3enc.def
File: t3enc.def 2001/12/31 T3 encoding
)
("C:\Program Files (x86)\MiKTeX 2.9\tex\latex\base\ot1enc.def"
File: ot1enc.def 2005/09/27 v1.99g Standard LaTeX file
LaTeX Font Info:    Redeclaring font encoding OT1 on input line 43.
)))
("C:\Program Files (x86)\MiKTeX 2.9\tex\latex\base\fontenc.sty"
Package: fontenc 2005/09/27 v1.99g Standard LaTeX package

("C:\Program Files (x86)\MiKTeX 2.9\tex\latex\base\t1enc.def"
File: t1enc.def 2005/09/27 v1.99g Standard LaTeX file
LaTeX Font Info:    Redeclaring font encoding T1 on input line 43.
))
("C:\Program Files (x86)\MiKTeX 2.9\tex\latex\base\inputenc.sty"
Package: inputenc 2008/03/30 v1.1d Input encoding file
\inpenc@prehook=\toks23
\inpenc@posthook=\toks24

(C:\Users\nora\AppData\Roaming\MiKTeX\2.9\tex\latex\ucs\utf8x.def
File: utf8x.def 2004/10/17 UCS: Input encoding UTF-8
))
(C:\Users\nora\AppData\Roaming\MiKTeX\2.9\tex\latex\catchfilebetweentags\catchf
ilebetweentags.sty
Package: catchfilebetweentags 2011/02/19 v1.1 - Catch file between tags (FC)

("C:\Program Files (x86)\MiKTeX 2.9\tex\generic\oberdiek\catchfile.sty"
Package: catchfile 2011/03/01 v1.6 Catch the contents of a file (HO)
)
\CatchFBT@tok=\toks256
)
(C:\Users\nora\AppData\Roaming\MiKTeX\2.9\tex\latex\xstring\xstring.sty
(C:\Users\nora\AppData\Roaming\MiKTeX\2.9\tex\generic\xstring\xstring.tex
\@xs@message=\write4
\integerpart=\count124
\decimalpart=\count125
)
Package: xstring 2013/10/13  v1.7c  String manipulations (C Tellechea)
)
\c@AgdaIndex=\count126
)
("C:\Program Files (x86)\MiKTeX 2.9\tex\latex\ams\math\amsmath.sty"
Package: amsmath 2000/07/18 v2.13 AMS math features
\@mathmargin=\skip50

For additional information on amsmath, use the `?' option.
("C:\Program Files (x86)\MiKTeX 2.9\tex\latex\ams\math\amstext.sty"
Package: amstext 2000/06/29 v2.01

("C:\Program Files (x86)\MiKTeX 2.9\tex\latex\ams\math\amsgen.sty"
File: amsgen.sty 1999/11/30 v2.0
\@emptytoks=\toks25
\ex@=\dimen123
))
("C:\Program Files (x86)\MiKTeX 2.9\tex\latex\ams\math\amsbsy.sty"
Package: amsbsy 1999/11/29 v1.2d
\pmbraise@=\dimen124
)
("C:\Program Files (x86)\MiKTeX 2.9\tex\latex\ams\math\amsopn.sty"
Package: amsopn 1999/12/14 v2.01 operator names
LaTeX Info: Redefining \operatorname on input line 58.
)
\inf@bad=\count127
LaTeX Info: Redefining \frac on input line 211.
\uproot@=\count128
\leftroot@=\count129
LaTeX Info: Redefining \overline on input line 307.
\classnum@=\count130
\DOTSCASE@=\count131
LaTeX Info: Redefining \ldots on input line 379.
LaTeX Info: Redefining \dots on input line 382.
LaTeX Info: Redefining \cdots on input line 467.
\Mathstrutbox@=\box31
\strutbox@=\box32
\big@size=\dimen125
LaTeX Font Info:    Redeclaring font encoding OML on input line 567.
LaTeX Font Info:    Redeclaring font encoding OMS on input line 568.
\macc@depth=\count132
\c@MaxMatrixCols=\count133
\dotsspace@=\muskip11
\c@parentequation=\count134
\dspbrk@lvl=\count135
\tag@help=\toks26
\row@=\count136
\column@=\count137
\maxfields@=\count138
\andhelp@=\toks27
\eqnshift@=\dimen126
\alignsep@=\dimen127
\tagshift@=\dimen128
\tagwidth@=\dimen129
\totwidth@=\dimen130
\lineht@=\dimen131
\@envbody=\toks28
\multlinegap=\skip51
\multlinetaggap=\skip52
\mathdisplay@stack=\toks29
LaTeX Info: Redefining \[ on input line 2666.
LaTeX Info: Redefining \] on input line 2667.
)
("C:\Users\nora\Dropbox\Formal Metatheory\NominalFramework\ernesto\codigoAgda2\
formalmetatheory-nominal\latex\mathtools.sty"
Package: mathtools 2008/08/01 v1.06 mathematical typesetting tools (MH)

("C:\Users\nora\Dropbox\Formal Metatheory\NominalFramework\ernesto\codigoAgda2\
formalmetatheory-nominal\latex\mhsetup.sty"
Package: mhsetup 2004/10/10 v1.0b programming setup (MH)
)

LaTeX Warning: You have requested, on input line 32, version
               `2007/12/03' of package mhsetup,
               but only version
               `2004/10/10 v1.0b programming setup (MH)'
               is available.

\g_MT_multlinerow_int=\count139
\l_MT_multwidth_dim=\dimen132
) (C:\Users\nora\AppData\Roaming\MiKTeX\2.9\tex\latex\textgreek\textgreek.sty
Package: textgreek 2011/10/09 v0.7 Greek symbols in text
Package textgreek Info: Loading the definitions for the Greek fontencoding. on 
input line 39.

("C:\Program Files (x86)\MiKTeX 2.9\tex\generic\babel\lgrenc.def"
File: lgrenc.def 2008/06/17 v2.3 Greek Encoding
)
Package textgreek Info: Loaded fontmap: {eur/*/*}{U/eur/*/*} {phv/*/*}{U/psy/*/
*}. on input line 69.
)
("C:\Users\nora\Dropbox\Formal Metatheory\NominalFramework\ernesto\codigoAgda2\
formalmetatheory-nominal\latex\u.aux")
LaTeX Font Info:    Checking defaults for OML/cmm/m/it on input line 86.
LaTeX Font Info:    ... okay on input line 86.
LaTeX Font Info:    Checking defaults for T1/cmr/m/n on input line 86.
LaTeX Font Info:    ... okay on input line 86.
LaTeX Font Info:    Checking defaults for OT1/cmr/m/n on input line 86.
LaTeX Font Info:    ... okay on input line 86.
LaTeX Font Info:    Checking defaults for OMS/cmsy/m/n on input line 86.
LaTeX Font Info:    ... okay on input line 86.
LaTeX Font Info:    Checking defaults for OMX/cmex/m/n on input line 86.
LaTeX Font Info:    ... okay on input line 86.
LaTeX Font Info:    Checking defaults for U/cmr/m/n on input line 86.
LaTeX Font Info:    ... okay on input line 86.
LaTeX Font Info:    Checking defaults for PD1/pdf/m/n on input line 86.
LaTeX Font Info:    ... okay on input line 86.
LaTeX Font Info:    Checking defaults for T3/cmr/m/n on input line 86.
LaTeX Font Info:    Try loading font information for T3+cmr on input line 86.

(C:\Users\nora\AppData\Roaming\MiKTeX\2.9\tex\latex\tipa\t3cmr.fd
File: t3cmr.fd 2001/12/31 TIPA font definitions
)
LaTeX Font Info:    ... okay on input line 86.
LaTeX Font Info:    Checking defaults for LGR/cmr/m/n on input line 86.
LaTeX Font Info:    Try loading font information for LGR+cmr on input line 86.

("C:\Program Files (x86)\MiKTeX 2.9\tex\generic\babel\lgrcmr.fd"
File: lgrcmr.fd 2008/06/17 v2.3 Greek Computer Modern
)
LaTeX Font Info:    ... okay on input line 86.
\AtBeginShipoutBox=\box33


Package hyperref Warning: Height of page (\paperheight) is invalid (0.0pt),
(hyperref)                using 11in.

Package hyperref Info: Link coloring ON on input line 86.
("C:\Program Files (x86)\MiKTeX 2.9\tex\latex\hyperref\nameref.sty"
Package: nameref 2010/04/30 v2.40 Cross-referencing by name of section

("C:\Program Files (x86)\MiKTeX 2.9\tex\generic\oberdiek\gettitlestring.sty"
Package: gettitlestring 2010/12/03 v1.4 Cleanup title references (HO)
)
\c@section@level=\count140
)
LaTeX Info: Redefining \ref on input line 86.
LaTeX Info: Redefining \pageref on input line 86.
LaTeX Info: Redefining \nameref on input line 86.

("C:\Users\nora\Dropbox\Formal Metatheory\NominalFramework\ernesto\codigoAgda2\
formalmetatheory-nominal\latex\u.out")
("C:\Users\nora\Dropbox\Formal Metatheory\NominalFramework\ernesto\codigoAgda2\
formalmetatheory-nominal\latex\u.out")
\@outlinefile=\write5

(C:\Users\nora\AppData\Roaming\MiKTeX\2.9\tex\context\base\supp-pdf.mkii
[Loading MPS to PDF converter (version 2006.09.02).]
\scratchcounter=\count141
\scratchdimen=\dimen133
\scratchbox=\box34
\nofMPsegments=\count142
\nofMParguments=\count143
\everyMPshowfont=\toks30
\MPscratchCnt=\count144
\MPscratchDim=\dimen134
\MPnumerator=\count145
\makeMPintoPDFobject=\count146
\everyMPtoPDFconversion=\toks31
) (C:\Users\nora\AppData\Roaming\MiKTeX\2.9\tex\latex\ucs\ucsencs.def
File: ucsencs.def 2011/01/21 Fixes to fontencodings LGR, T3

fontencoding LGR patched
T3\textscriptg already defined.
fontencoding T3 patched
)

LaTeX Font Warning: Command \scriptsize invalid in math mode on input line 90.


LaTeX Font Warning: Command \scriptsize invalid in math mode on input line 91.


LaTeX Font Warning: Command \scriptsize invalid in math mode on input line 92.


LaTeX Font Warning: Command \scriptsize invalid in math mode on input line 95.


LaTeX Font Warning: Command \scriptsize invalid in math mode on input line 98.

\c@sv@footnote=\count147
LaTeX Font Info:    Try loading font information for T1+cmtt on input line 115.

("C:\Program Files (x86)\MiKTeX 2.9\tex\latex\base\t1cmtt.fd"
File: t1cmtt.fd 1999/05/25 v2.5h Standard LaTeX font definitions
)
Underfull \hbox (badness 10000) has occurred while \output is active

 []


Overfull \vbox (6.55998pt too high) has occurred while \output is active []


Overfull \hbox (1.88843pt too wide) has occurred while \output is active
 []
 []

[1{C:/Users/nora/AppData/Local/MiKTeX/2.9/pdftex/config/pdftex.map}pdfTeX warni
ng (ext4): destination with the same identifier (name{footnote.0}) has been alr
eady used, duplicate ignored

\AtBegShi@Output ...ipout \box \AtBeginShipoutBox 
                                                  \fi \fi 
l.125 
      pdfTeX warning (ext4): destination with the same identifier (name{footnot
e.0}) has been already used, duplicate ignored

\AtBegShi@Output ...ipout \box \AtBeginShipoutBox 
                                                  \fi \fi 
l.125 
      pdfTeX warning (ext4): destination with the same identifier (name{footnot
e.0}) has been already used, duplicate ignored

\AtBegShi@Output ...ipout \box \AtBeginShipoutBox 
                                                  \fi \fi 
l.125 
      pdfTeX warning (ext4): destination with the same identifier (name{footnot
e.0}) has been already used, duplicate ignored

\AtBegShi@Output ...ipout \box \AtBeginShipoutBox 
                                                  \fi \fi 
l.125 
      ]
Underfull \vbox (badness 10000) has occurred while \output is active []

 [2]
[3]
LaTeX Font Info:    Try loading font information for T1+cmss on input line 187.

 ("C:\Program Files (x86)\MiKTeX 2.9\tex\latex\base\t1cmss.fd"
File: t1cmss.fd 1999/05/25 v2.5h Standard LaTeX font definitions
)
(C:\Users\nora\AppData\Roaming\MiKTeX\2.9\tex\latex\ucs\uni-3.def
File: uni-3.def 2013/05/13 UCS: Unicode data U+0300..U+03FF
)
LaTeX Font Info:    Try loading font information for LGR+cmss on input line 187
.

("C:\Program Files (x86)\MiKTeX 2.9\tex\generic\babel\lgrcmss.fd"
File: lgrcmss.fd 2008/06/17 v2.3 Greek Computer Modern Sans Serif
)
("C:\Users\nora\Dropbox\Formal Metatheory\NominalFramework\ernesto\codigoAgda2\
formalmetatheory-nominal\latex\Term.tex")
(C:\Users\nora\AppData\Roaming\MiKTeX\2.9\tex\latex\ucs\uni-33.def
File: uni-33.def 2013/05/13 UCS: Unicode data U+2100..U+21FF
)
(C:\Users\nora\AppData\Roaming\MiKTeX\2.9\tex\latex\ucs\uni-0.def
File: uni-0.def 2013/05/13 UCS: Unicode data U+0000..U+00FF
)
LaTeX Font Info:    Try loading font information for OMS+cmss on input line 192
.
LaTeX Font Info:    No file OMScmss.fd. on input line 192.


LaTeX Font Warning: Font shape `OMS/cmss/m/n' undefined
(Font)              using `OMS/cmsy/m/n' instead
(Font)              for symbol `textperiodcentered' on input line 192.

LaTeX Font Info:    Try loading font information for T3+cmss on input line 192.

(C:\Users\nora\AppData\Roaming\MiKTeX\2.9\tex\latex\tipa\t3cmss.fd
File: t3cmss.fd 2001/12/31 TIPA font definitions
)
("C:\Users\nora\Dropbox\Formal Metatheory\NominalFramework\ernesto\codigoAgda2\
formalmetatheory-nominal\latex\Term.tex")
(C:\Users\nora\AppData\Roaming\MiKTeX\2.9\tex\latex\ucs\uni-34.def
File: uni-34.def 2013/05/13 UCS: Unicode data U+2200..U+22FF
)
("C:\Users\nora\Dropbox\Formal Metatheory\NominalFramework\ernesto\codigoAgda2\
formalmetatheory-nominal\latex\Atom.tex") [4]
("C:\Users\nora\Dropbox\Formal Metatheory\NominalFramework\ernesto\codigoAgda2\
formalmetatheory-nominal\latex\Term.tex")
("C:\Users\nora\Dropbox\Formal Metatheory\NominalFramework\ernesto\codigoAgda2\
formalmetatheory-nominal\latex\Permutation.tex")
(C:\Users\nora\AppData\Roaming\MiKTeX\2.9\tex\latex\ucs\uni-32.def
File: uni-32.def 2013/05/13 UCS: Unicode data U+2000..U+20FF
)
("C:\Users\nora\Dropbox\Formal Metatheory\NominalFramework\ernesto\codigoAgda2\
formalmetatheory-nominal\latex\Permutation.tex")
("C:\Users\nora\Dropbox\Formal Metatheory\NominalFramework\ernesto\codigoAgda2\
formalmetatheory-nominal\latex\Alpha.tex")
("C:\Users\nora\Dropbox\Formal Metatheory\NominalFramework\ernesto\codigoAgda2\
formalmetatheory-nominal\latex\TermInduction.tex")
("C:\Users\nora\Dropbox\Formal Metatheory\NominalFramework\ernesto\codigoAgda2\
formalmetatheory-nominal\latex\TermInduction.tex") [5]
("C:\Users\nora\Dropbox\Formal Metatheory\NominalFramework\ernesto\codigoAgda2\
formalmetatheory-nominal\latex\Alpha.tex")
("C:\Users\nora\Dropbox\Formal Metatheory\NominalFramework\ernesto\codigoAgda2\
formalmetatheory-nominal\latex\TermInduction.tex") [6pdfTeX warning (ext4): des
tination with the same identifier (name{Agda6}) has been already used, duplicat
e ignored

\AtBegShi@Output ...ipout \box \AtBeginShipoutBox 
                                                  \fi \fi 
l.272 
      ]
("C:\Users\nora\Dropbox\Formal Metatheory\NominalFramework\ernesto\codigoAgda2\
formalmetatheory-nominal\latex\TermRecursion.tex")
LaTeX Font Info:    Try loading font information for OMS+cmr on input line 291.


("C:\Program Files (x86)\MiKTeX 2.9\tex\latex\base\omscmr.fd"
File: omscmr.fd 1999/05/25 v2.5h Standard LaTeX font definitions
)
LaTeX Font Info:    Font shape `OMS/cmr/m/it' in size <10.95> not available
(Font)              Font shape `OMS/cmsy/m/n' tried instead on input line 291.


LaTeX Font Warning: Font shape `T3/cmr/m/it' in size <10.95> not available
(Font)              Font shape `T3/cmr/m/sl' tried instead on input line 291.


("C:\Users\nora\Dropbox\Formal Metatheory\NominalFramework\ernesto\codigoAgda2\
formalmetatheory-nominal\latex\TermRecursion.tex")
Underfull \vbox (badness 10000) has occurred while \output is active []

 [7]
("C:\Users\nora\Dropbox\Formal Metatheory\NominalFramework\ernesto\codigoAgda2\
formalmetatheory-nominal\latex\FreeVariables.tex")
("C:\Users\nora\Dropbox\Formal Metatheory\NominalFramework\ernesto\codigoAgda2\
formalmetatheory-nominal\latex\Term.tex")
("C:\Users\nora\Dropbox\Formal Metatheory\NominalFramework\ernesto\codigoAgda2\
formalmetatheory-nominal\latex\FreeVariables.tex")
("C:\Users\nora\Dropbox\Formal Metatheory\NominalFramework\ernesto\codigoAgda2\
formalmetatheory-nominal\latex\FreeVariables.tex") [8]
("C:\Users\nora\Dropbox\Formal Metatheory\NominalFramework\ernesto\codigoAgda2\
formalmetatheory-nominal\latex\Substitution.tex")
("C:\Users\nora\Dropbox\Formal Metatheory\NominalFramework\ernesto\codigoAgda2\
formalmetatheory-nominal\latex\Substitution.tex")
("C:\Users\nora\Dropbox\Formal Metatheory\NominalFramework\ernesto\codigoAgda2\
formalmetatheory-nominal\latex\Substitution.tex")
("C:\Users\nora\Dropbox\Formal Metatheory\NominalFramework\ernesto\codigoAgda2\
formalmetatheory-nominal\latex\Substitution.tex")
(C:\Users\nora\AppData\Roaming\MiKTeX\2.9\tex\latex\ucs\uni-39.def
File: uni-39.def 2013/05/13 UCS: Unicode data U+2700..U+27FF
)
("C:\Users\nora\Dropbox\Formal Metatheory\NominalFramework\ernesto\codigoAgda2\
formalmetatheory-nominal\latex\Substitution.tex") [9]
("C:\Users\nora\Dropbox\Formal Metatheory\NominalFramework\ernesto\codigoAgda2\
formalmetatheory-nominal\latex\Substitution.tex")
("C:\Users\nora\Dropbox\Formal Metatheory\NominalFramework\ernesto\codigoAgda2\
formalmetatheory-nominal\latex\Substitution.tex")
LaTeX Font Info:    Try loading font information for LGR+cmtt on input line 386
.

("C:\Program Files (x86)\MiKTeX 2.9\tex\generic\babel\lgrcmtt.fd"
File: lgrcmtt.fd 2008/06/17 v2.3 Greek Computer Modern Typewriter
)
("C:\Users\nora\Dropbox\Formal Metatheory\NominalFramework\ernesto\codigoAgda2\
formalmetatheory-nominal\latex\Substitution.tex")
Underfull \vbox (badness 10000) has occurred while \output is active []

 [10]
Overfull \hbox (18.84665pt too wide) in paragraph at lines 413--429
[]$[]$ $[]$ 
 []

[11]
("C:\Users\nora\Dropbox\Formal Metatheory\NominalFramework\ernesto\codigoAgda2\
formalmetatheory-nominal\latex\Norrish.tex")
("C:\Users\nora\Dropbox\Formal Metatheory\NominalFramework\ernesto\codigoAgda2\
formalmetatheory-nominal\latex\Norrish.tex")
("C:\Users\nora\Dropbox\Formal Metatheory\NominalFramework\ernesto\codigoAgda2\
formalmetatheory-nominal\latex\Norrish.tex")
(C:\Users\nora\AppData\Roaming\MiKTeX\2.9\tex\latex\ucs\uni-35.def
File: uni-35.def 2013/05/13 UCS: Unicode data U+2300..U+23FF
) [12]
Overfull \hbox (54.34239pt too wide) detected at line 488
[]
 []


("C:\Users\nora\Dropbox\Formal Metatheory\NominalFramework\ernesto\codigoAgda2\
formalmetatheory-nominal\latex\Norrish.tex")
Underfull \vbox (badness 2435) has occurred while \output is active []

 [13]
("C:\Users\nora\Dropbox\Formal Metatheory\NominalFramework\ernesto\codigoAgda2\
formalmetatheory-nominal\latex\Norrish.tex")
Underfull \vbox (badness 10000) has occurred while \output is active []

 [14]
("C:\Users\nora\Dropbox\Formal Metatheory\NominalFramework\ernesto\codigoAgda2\
formalmetatheory-nominal\latex\Norrish.tex")
("C:\Users\nora\Dropbox\Formal Metatheory\NominalFramework\ernesto\codigoAgda2\
formalmetatheory-nominal\latex\u.bbl"
Underfull \hbox (badness 10000) in paragraph at lines 22--29
\T1/cmr/m/n/8 ma-nip-u-la-tion, with ap-pli-ca-tions to the church-rosser the-o
-rem.
 []

[15]
Underfull \hbox (badness 10000) in paragraph at lines 59--63
[]\T1/cmr/m/n/8 Helmut Schwicht-en-berg Masahiko Sato,
 []

) [16]
Package atveryend Info: Empty hook `BeforeClearDocument' on input line 538.
Package atveryend Info: Empty hook `AfterLastShipout' on input line 538.

("C:\Users\nora\Dropbox\Formal Metatheory\NominalFramework\ernesto\codigoAgda2\
formalmetatheory-nominal\latex\u.aux")
Package atveryend Info: Empty hook `AtVeryEndDocument' on input line 538.
Package atveryend Info: Executing hook `AtEndAfterFileList' on input line 538.
Package rerunfilecheck Info: File `u.out' has not changed.
(rerunfilecheck)             Checksum: FA8E724C3B409A05EBD80014299185EB;1169.


LaTeX Font Warning: Some font shapes were not available, defaults substituted.

Package atveryend Info: Empty hook `AtVeryVeryEnd' on input line 538.
 ) 
Here is how much of TeX's memory you used:
 12551 strings out of 494045
 183085 string characters out of 3145972
 384142 words of memory out of 3000000
 15455 multiletter control sequences out of 15000+200000
 34308 words of font info for 93 fonts, out of 3000000 for 9000
 715 hyphenation exceptions out of 8191
 40i,11n,95p,1785b,661s stack positions out of 5000i,500n,10000p,200000b,50000s
 <C:\Users\nora\AppData\Local\MiKTeX\2.9\fonts\pk\ljfour\public\cbgreek\dpi60
0\gttn1095.pk> <C:\Users\nora\AppData\Local\MiKTeX\2.9\fonts\pk\ljfour\jknappen
\ec\dpi600\ectt1095.pk> <C:\Users\nora\AppData\Local\MiKTeX\2.9\fonts\pk\ljfour
\public\cbgreek\dpi600\grmi1095.pk> <C:\Users\nora\AppData\Local\MiKTeX\2.9\fon
ts\pk\ljfour\jknappen\ec\dpi600\ecss1095.pk> <C:\Users\nora\AppData\Local\MiKTe
X\2.9\fonts\pk\ljfour\public\cbgreek\dpi600\gsmn1095.pk> <C:\Users\nora\AppData
\Local\MiKTeX\2.9\fonts\pk\ljfour\jknappen\ec\dpi600\ecti1095.pk> <C:\Users\nor
a\AppData\Local\MiKTeX\2.9\fonts\pk\ljfour\jknappen\ec\dpi600\ectt0800.pk> <C:\
Users\nora\AppData\Local\MiKTeX\2.9\fonts\pk\ljfour\jknappen\ec\dpi600\ecrm1095
.pk> <C:\Users\nora\AppData\Local\MiKTeX\2.9\fonts\pk\ljfour\jknappen\ec\dpi600
\ecbx1440.pk> <C:\Users\nora\AppData\Local\MiKTeX\2.9\fonts\pk\ljfour\jknappen\
ec\dpi600\ecrm0800.pk> <C:\Users\nora\AppData\Local\MiKTeX\2.9\fonts\pk\ljfour\
jknappen\ec\dpi600\ecbx0800.pk> <C:\Users\nora\AppData\Local\MiKTeX\2.9\fonts\p
k\ljfour\jknappen\ec\dpi600\ecti0800.pk> <C:\Users\nora\AppData\Local\MiKTeX\2.
9\fonts\pk\ljfour\jknappen\ec\dpi600\ecrm1440.pk> <C:\Users\nora\AppData\Local\
MiKTeX\2.9\fonts\pk\ljfour\jknappen\ec\dpi600\ecbx1728.pk><C:/Program Files (x8
6)/MiKTeX 2.9/fonts/type1/public/amsfonts/cm/cmcsc10.pfb><C:/Program Files (x86
)/MiKTeX 2.9/fonts/type1/public/amsfonts/cm/cmex10.pfb><C:/Program Files (x86)/
MiKTeX 2.9/fonts/type1/public/amsfonts/cm/cmmi10.pfb><C:/Program Files (x86)/Mi
KTeX 2.9/fonts/type1/public/amsfonts/cm/cmmi8.pfb><C:/Program Files (x86)/MiKTe
X 2.9/fonts/type1/public/amsfonts/cm/cmr10.pfb><C:/Program Files (x86)/MiKTeX 2
.9/fonts/type1/public/amsfonts/cm/cmr6.pfb><C:/Program Files (x86)/MiKTeX 2.9/f
onts/type1/public/amsfonts/cm/cmr8.pfb><C:/Program Files (x86)/MiKTeX 2.9/fonts
/type1/public/amsfonts/cm/cmsl10.pfb><C:/Program Files (x86)/MiKTeX 2.9/fonts/t
ype1/public/amsfonts/cm/cmsy10.pfb><C:/Program Files (x86)/MiKTeX 2.9/fonts/typ
e1/public/amsfonts/cm/cmsy8.pfb><C:/Program Files (x86)/MiKTeX 2.9/fonts/type1/
public/amsfonts/cm/cmti10.pfb><C:/Program Files (x86)/MiKTeX 2.9/fonts/type1/pu
blic/amsfonts/cm/cmtt8.pfb><C:/Program Files (x86)/MiKTeX 2.9/fonts/type1/publi
c/amsfonts/symbols/msam10.pfb><C:/Program Files (x86)/MiKTeX 2.9/fonts/type1/pu
blic/amsfonts/symbols/msbm10.pfb><C:/Users/nora/AppData/Roaming/MiKTeX/2.9/font
s/type1/public/tipa/tipasl10.pfb><C:/Users/nora/AppData/Roaming/MiKTeX/2.9/font
s/type1/public/tipa/tipass10.pfb>
Output written on u.pdf (16 pages, 417826 bytes).
PDF statistics:
 1532 PDF objects out of 1728 (max. 8388607)
 87 named destinations out of 1000 (max. 500000)
 137 words of extra memory for PDF output out of 10000 (max. 10000000)

