This is pdfTeX, Version 3.14159265-2.6-1.40.16 (MiKTeX 2.9) (preloaded format=pdflatex 2015.8.30)  30 AUG 2015 16:36
entering extended mode
**diapositivascopia.tex
(diapositivascopia.tex
LaTeX2e <2015/01/01> patch level 2
Babel <3.9m> and hyphenation patterns for 69 languages loaded.

(C:\Users\Administrador\AppData\Roaming\MiKTeX\2.9\tex\latex\beamer\base\beamer
.cls
(C:\Users\Administrador\AppData\Roaming\MiKTeX\2.9\tex\latex\beamer\base\beamer
basercs.sty
Package: beamerbasercs 2015/03/08 (rcs-revision 368aa9ba9d38)
)
Document Class: beamer 2015/01/05 3.36 A class for typesetting presentations (r
cs-revision 8a39122e1f63)

(C:\Users\Administrador\AppData\Roaming\MiKTeX\2.9\tex\latex\beamer\base\beamer
basemodes.sty
Package: beamerbasemodes 2013/09/03 (rcs-revision 768f2d98ca64)
\beamer@tempbox=\box26
\beamer@tempcount=\count79
\c@beamerpauses=\count80

(C:\Users\Administrador\AppData\Roaming\MiKTeX\2.9\tex\latex\beamer\base\beamer
basedecode.sty
Package: beamerbasedecode 2010/05/01 (rcs-revision efa082c6111d)
\beamer@slideinframe=\count81
\beamer@minimum=\count82
)
\beamer@commentbox=\box27
\beamer@modecount=\count83
)
("C:\Program Files (x86)\MiKTeX 2.9\tex\generic\oberdiek\ifpdf.sty"
Package: ifpdf 2011/01/30 v2.3 Provides the ifpdf switch (HO)
Package ifpdf Info: pdfTeX in PDF mode is detected.
)
\headheight=\dimen102
\headdp=\dimen103
\footheight=\dimen104
\sidebarheight=\dimen105
\beamer@tempdim=\dimen106
\beamer@finalheight=\dimen107
\beamer@animht=\dimen108
\beamer@animdp=\dimen109
\beamer@animwd=\dimen110
\beamer@leftmargin=\dimen111
\beamer@rightmargin=\dimen112
\beamer@leftsidebar=\dimen113
\beamer@rightsidebar=\dimen114
\beamer@boxsize=\dimen115
\beamer@vboxoffset=\dimen116
\beamer@descdefault=\dimen117
\beamer@descriptionwidth=\dimen118
\beamer@lastskip=\skip41
\beamer@areabox=\box28
\beamer@animcurrent=\box29
\beamer@animshowbox=\box30
\beamer@sectionbox=\box31
\beamer@logobox=\box32
\beamer@linebox=\box33
\beamer@sectioncount=\count84
\beamer@subsubsectionmax=\count85
\beamer@subsectionmax=\count86
\beamer@sectionmax=\count87
\beamer@totalheads=\count88
\beamer@headcounter=\count89
\beamer@partstartpage=\count90
\beamer@sectionstartpage=\count91
\beamer@subsectionstartpage=\count92
\beamer@animationtempa=\count93
\beamer@animationtempb=\count94
\beamer@xpos=\count95
\beamer@ypos=\count96
\beamer@showpartnumber=\count97
\beamer@currentsubsection=\count98
\beamer@coveringdepth=\count99
\beamer@sectionadjust=\count100
\beamer@tocsectionnumber=\count101

(C:\Users\Administrador\AppData\Roaming\MiKTeX\2.9\tex\latex\beamer\base\beamer
baseoptions.sty
Package: beamerbaseoptions 2013/03/10 (rcs-revision 47431932db0d)

("C:\Program Files (x86)\MiKTeX 2.9\tex\latex\graphics\keyval.sty"
Package: keyval 2014/10/28 v1.15 key=value parser (DPC)
\KV@toks@=\toks14
))
\beamer@paperwidth=\skip42
\beamer@paperheight=\skip43

("C:\Program Files (x86)\MiKTeX 2.9\tex\latex\geometry\geometry.sty"
Package: geometry 2010/09/12 v5.6 Page Geometry

("C:\Program Files (x86)\MiKTeX 2.9\tex\generic\oberdiek\ifvtex.sty"
Package: ifvtex 2010/03/01 v1.5 Detect VTeX and its facilities (HO)
Package ifvtex Info: VTeX not detected.
)
("C:\Program Files (x86)\MiKTeX 2.9\tex\generic\ifxetex\ifxetex.sty"
Package: ifxetex 2010/09/12 v0.6 Provides ifxetex conditional
)
\Gm@cnth=\count102
\Gm@cntv=\count103
\c@Gm@tempcnt=\count104
\Gm@bindingoffset=\dimen119
\Gm@wd@mp=\dimen120
\Gm@odd@mp=\dimen121
\Gm@even@mp=\dimen122
\Gm@layoutwidth=\dimen123
\Gm@layoutheight=\dimen124
\Gm@layouthoffset=\dimen125
\Gm@layoutvoffset=\dimen126
\Gm@dimlist=\toks15

("C:\Program Files (x86)\MiKTeX 2.9\tex\latex\geometry\geometry.cfg"))
("C:\Program Files (x86)\MiKTeX 2.9\tex\latex\base\size11.clo"
File: size11.clo 2014/09/29 v1.4h Standard LaTeX file (size option)
)
(C:\Users\Administrador\AppData\Roaming\MiKTeX\2.9\tex\latex\pgf\basiclayer\pgf
core.sty ("C:\Program Files (x86)\MiKTeX 2.9\tex\latex\graphics\graphicx.sty"
Package: graphicx 2014/10/28 v1.0g Enhanced LaTeX Graphics (DPC,SPQR)

("C:\Program Files (x86)\MiKTeX 2.9\tex\latex\graphics\graphics.sty"
Package: graphics 2014/10/28 v1.0p Standard LaTeX Graphics (DPC,SPQR)

("C:\Program Files (x86)\MiKTeX 2.9\tex\latex\graphics\trig.sty"
Package: trig 1999/03/16 v1.09 sin cos tan (DPC)
)
("C:\Program Files (x86)\MiKTeX 2.9\tex\latex\00miktex\graphics.cfg"
File: graphics.cfg 2007/01/18 v1.5 graphics configuration of teTeX/TeXLive
)
Package graphics Info: Driver file: pdftex.def on input line 94.

("C:\Program Files (x86)\MiKTeX 2.9\tex\latex\pdftex-def\pdftex.def"
File: pdftex.def 2011/05/27 v0.06d Graphics/color for pdfTeX

("C:\Program Files (x86)\MiKTeX 2.9\tex\generic\oberdiek\infwarerr.sty"
Package: infwarerr 2010/04/08 v1.3 Providing info/warning/error messages (HO)
)
("C:\Program Files (x86)\MiKTeX 2.9\tex\generic\oberdiek\ltxcmds.sty"
Package: ltxcmds 2011/11/09 v1.22 LaTeX kernel commands for general use (HO)
)
\Gread@gobject=\count105
))
\Gin@req@height=\dimen127
\Gin@req@width=\dimen128
)
(C:\Users\Administrador\AppData\Roaming\MiKTeX\2.9\tex\latex\pgf\systemlayer\pg
fsys.sty
(C:\Users\Administrador\AppData\Roaming\MiKTeX\2.9\tex\latex\pgf\utilities\pgfr
cs.sty
(C:\Users\Administrador\AppData\Roaming\MiKTeX\2.9\tex\generic\pgf\utilities\pg
futil-common.tex
\pgfutil@everybye=\toks16
\pgfutil@tempdima=\dimen129
\pgfutil@tempdimb=\dimen130

(C:\Users\Administrador\AppData\Roaming\MiKTeX\2.9\tex\generic\pgf\utilities\pg
futil-common-lists.tex))
(C:\Users\Administrador\AppData\Roaming\MiKTeX\2.9\tex\generic\pgf\utilities\pg
futil-latex.def
\pgfutil@abb=\box34

(C:\Users\Administrador\AppData\Roaming\MiKTeX\2.9\tex\latex\ms\everyshi.sty
Package: everyshi 2001/05/15 v3.00 EveryShipout Package (MS)
))
(C:\Users\Administrador\AppData\Roaming\MiKTeX\2.9\tex\generic\pgf\utilities\pg
frcs.code.tex
Package: pgfrcs 2015/08/07 v3.0.1 (rcs-revision 1.31)
))
(C:\Users\Administrador\AppData\Roaming\MiKTeX\2.9\tex\generic\pgf\systemlayer\
pgfsys.code.tex
Package: pgfsys 2014/07/09 v3.0.1 (rcs-revision 1.48)

(C:\Users\Administrador\AppData\Roaming\MiKTeX\2.9\tex\generic\pgf\utilities\pg
fkeys.code.tex
\pgfkeys@pathtoks=\toks17
\pgfkeys@temptoks=\toks18

(C:\Users\Administrador\AppData\Roaming\MiKTeX\2.9\tex\generic\pgf\utilities\pg
fkeysfiltered.code.tex
\pgfkeys@tmptoks=\toks19
))
\pgf@x=\dimen131
\pgf@y=\dimen132
\pgf@xa=\dimen133
\pgf@ya=\dimen134
\pgf@xb=\dimen135
\pgf@yb=\dimen136
\pgf@xc=\dimen137
\pgf@yc=\dimen138
\w@pgf@writea=\write3
\r@pgf@reada=\read1
\c@pgf@counta=\count106
\c@pgf@countb=\count107
\c@pgf@countc=\count108
\c@pgf@countd=\count109
\t@pgf@toka=\toks20
\t@pgf@tokb=\toks21
\t@pgf@tokc=\toks22

(C:\Users\Administrador\AppData\Roaming\MiKTeX\2.9\tex\generic\pgf\systemlayer\
pgf.cfg
File: pgf.cfg 2008/05/14  (rcs-revision 1.7)
)
Driver file for pgf: pgfsys-pdftex.def

(C:\Users\Administrador\AppData\Roaming\MiKTeX\2.9\tex\generic\pgf\systemlayer\
pgfsys-pdftex.def
File: pgfsys-pdftex.def 2014/10/11  (rcs-revision 1.35)

(C:\Users\Administrador\AppData\Roaming\MiKTeX\2.9\tex\generic\pgf\systemlayer\
pgfsys-common-pdf.def
File: pgfsys-common-pdf.def 2013/10/10  (rcs-revision 1.13)
)))
(C:\Users\Administrador\AppData\Roaming\MiKTeX\2.9\tex\generic\pgf\systemlayer\
pgfsyssoftpath.code.tex
File: pgfsyssoftpath.code.tex 2013/09/09  (rcs-revision 1.9)
\pgfsyssoftpath@smallbuffer@items=\count110
\pgfsyssoftpath@bigbuffer@items=\count111
)
(C:\Users\Administrador\AppData\Roaming\MiKTeX\2.9\tex\generic\pgf\systemlayer\
pgfsysprotocol.code.tex
File: pgfsysprotocol.code.tex 2006/10/16  (rcs-revision 1.4)
))
(C:\Users\Administrador\AppData\Roaming\MiKTeX\2.9\tex\latex\xcolor\xcolor.sty
Package: xcolor 2007/01/21 v2.11 LaTeX color extensions (UK)

("C:\Program Files (x86)\MiKTeX 2.9\tex\latex\00miktex\color.cfg"
File: color.cfg 2007/01/18 v1.5 color configuration of teTeX/TeXLive
)
Package xcolor Info: Driver file: pdftex.def on input line 225.
Package xcolor Info: Model `cmy' substituted by `cmy0' on input line 1337.
Package xcolor Info: Model `hsb' substituted by `rgb' on input line 1341.
Package xcolor Info: Model `RGB' extended on input line 1353.
Package xcolor Info: Model `HTML' substituted by `rgb' on input line 1355.
Package xcolor Info: Model `Hsb' substituted by `hsb' on input line 1356.
Package xcolor Info: Model `tHsb' substituted by `hsb' on input line 1357.
Package xcolor Info: Model `HSB' substituted by `hsb' on input line 1358.
Package xcolor Info: Model `Gray' substituted by `gray' on input line 1359.
Package xcolor Info: Model `wave' substituted by `hsb' on input line 1360.
)
(C:\Users\Administrador\AppData\Roaming\MiKTeX\2.9\tex\generic\pgf\basiclayer\p
gfcore.code.tex
Package: pgfcore 2010/04/11 v3.0.1 (rcs-revision 1.7)

(C:\Users\Administrador\AppData\Roaming\MiKTeX\2.9\tex\generic\pgf\math\pgfmath
.code.tex
(C:\Users\Administrador\AppData\Roaming\MiKTeX\2.9\tex\generic\pgf\math\pgfmath
calc.code.tex
(C:\Users\Administrador\AppData\Roaming\MiKTeX\2.9\tex\generic\pgf\math\pgfmath
util.code.tex)
(C:\Users\Administrador\AppData\Roaming\MiKTeX\2.9\tex\generic\pgf\math\pgfmath
parser.code.tex
\pgfmath@dimen=\dimen139
\pgfmath@count=\count112
\pgfmath@box=\box35
\pgfmath@toks=\toks23
\pgfmath@stack@operand=\toks24
\pgfmath@stack@operation=\toks25
)
(C:\Users\Administrador\AppData\Roaming\MiKTeX\2.9\tex\generic\pgf\math\pgfmath
functions.code.tex
(C:\Users\Administrador\AppData\Roaming\MiKTeX\2.9\tex\generic\pgf\math\pgfmath
functions.basic.code.tex)
(C:\Users\Administrador\AppData\Roaming\MiKTeX\2.9\tex\generic\pgf\math\pgfmath
functions.trigonometric.code.tex)
(C:\Users\Administrador\AppData\Roaming\MiKTeX\2.9\tex\generic\pgf\math\pgfmath
functions.random.code.tex)
(C:\Users\Administrador\AppData\Roaming\MiKTeX\2.9\tex\generic\pgf\math\pgfmath
functions.comparison.code.tex)
(C:\Users\Administrador\AppData\Roaming\MiKTeX\2.9\tex\generic\pgf\math\pgfmath
functions.base.code.tex)
(C:\Users\Administrador\AppData\Roaming\MiKTeX\2.9\tex\generic\pgf\math\pgfmath
functions.round.code.tex)
(C:\Users\Administrador\AppData\Roaming\MiKTeX\2.9\tex\generic\pgf\math\pgfmath
functions.misc.code.tex)
(C:\Users\Administrador\AppData\Roaming\MiKTeX\2.9\tex\generic\pgf\math\pgfmath
functions.integerarithmetics.code.tex)))
(C:\Users\Administrador\AppData\Roaming\MiKTeX\2.9\tex\generic\pgf\math\pgfmath
float.code.tex
\c@pgfmathroundto@lastzeros=\count113
))
(C:\Users\Administrador\AppData\Roaming\MiKTeX\2.9\tex\generic\pgf\basiclayer\p
gfcorepoints.code.tex
File: pgfcorepoints.code.tex 2013/10/07  (rcs-revision 1.27)
\pgf@picminx=\dimen140
\pgf@picmaxx=\dimen141
\pgf@picminy=\dimen142
\pgf@picmaxy=\dimen143
\pgf@pathminx=\dimen144
\pgf@pathmaxx=\dimen145
\pgf@pathminy=\dimen146
\pgf@pathmaxy=\dimen147
\pgf@xx=\dimen148
\pgf@xy=\dimen149
\pgf@yx=\dimen150
\pgf@yy=\dimen151
\pgf@zx=\dimen152
\pgf@zy=\dimen153
)
(C:\Users\Administrador\AppData\Roaming\MiKTeX\2.9\tex\generic\pgf\basiclayer\p
gfcorepathconstruct.code.tex
File: pgfcorepathconstruct.code.tex 2013/10/07  (rcs-revision 1.29)
\pgf@path@lastx=\dimen154
\pgf@path@lasty=\dimen155
)
(C:\Users\Administrador\AppData\Roaming\MiKTeX\2.9\tex\generic\pgf\basiclayer\p
gfcorepathusage.code.tex
File: pgfcorepathusage.code.tex 2014/11/02  (rcs-revision 1.24)
\pgf@shorten@end@additional=\dimen156
\pgf@shorten@start@additional=\dimen157
)
(C:\Users\Administrador\AppData\Roaming\MiKTeX\2.9\tex\generic\pgf\basiclayer\p
gfcorescopes.code.tex
File: pgfcorescopes.code.tex 2015/05/08  (rcs-revision 1.46)
\pgfpic=\box36
\pgf@hbox=\box37
\pgf@layerbox@main=\box38
\pgf@picture@serial@count=\count114
)
(C:\Users\Administrador\AppData\Roaming\MiKTeX\2.9\tex\generic\pgf\basiclayer\p
gfcoregraphicstate.code.tex
File: pgfcoregraphicstate.code.tex 2014/11/02  (rcs-revision 1.12)
\pgflinewidth=\dimen158
)
(C:\Users\Administrador\AppData\Roaming\MiKTeX\2.9\tex\generic\pgf\basiclayer\p
gfcoretransformations.code.tex
File: pgfcoretransformations.code.tex 2015/08/07  (rcs-revision 1.20)
\pgf@pt@x=\dimen159
\pgf@pt@y=\dimen160
\pgf@pt@temp=\dimen161
)
(C:\Users\Administrador\AppData\Roaming\MiKTeX\2.9\tex\generic\pgf\basiclayer\p
gfcorequick.code.tex
File: pgfcorequick.code.tex 2008/10/09  (rcs-revision 1.3)
)
(C:\Users\Administrador\AppData\Roaming\MiKTeX\2.9\tex\generic\pgf\basiclayer\p
gfcoreobjects.code.tex
File: pgfcoreobjects.code.tex 2006/10/11  (rcs-revision 1.2)
)
(C:\Users\Administrador\AppData\Roaming\MiKTeX\2.9\tex\generic\pgf\basiclayer\p
gfcorepathprocessing.code.tex
File: pgfcorepathprocessing.code.tex 2013/09/09  (rcs-revision 1.9)
)
(C:\Users\Administrador\AppData\Roaming\MiKTeX\2.9\tex\generic\pgf\basiclayer\p
gfcorearrows.code.tex
File: pgfcorearrows.code.tex 2015/05/14  (rcs-revision 1.43)
\pgfarrowsep=\dimen162
)
(C:\Users\Administrador\AppData\Roaming\MiKTeX\2.9\tex\generic\pgf\basiclayer\p
gfcoreshade.code.tex
File: pgfcoreshade.code.tex 2013/07/15  (rcs-revision 1.15)
\pgf@max=\dimen163
\pgf@sys@shading@range@num=\count115
)
(C:\Users\Administrador\AppData\Roaming\MiKTeX\2.9\tex\generic\pgf\basiclayer\p
gfcoreimage.code.tex
File: pgfcoreimage.code.tex 2013/07/15  (rcs-revision 1.18)

(C:\Users\Administrador\AppData\Roaming\MiKTeX\2.9\tex\generic\pgf\basiclayer\p
gfcoreexternal.code.tex
File: pgfcoreexternal.code.tex 2014/07/09  (rcs-revision 1.21)
\pgfexternal@startupbox=\box39
))
(C:\Users\Administrador\AppData\Roaming\MiKTeX\2.9\tex\generic\pgf\basiclayer\p
gfcorelayers.code.tex
File: pgfcorelayers.code.tex 2013/07/18  (rcs-revision 1.7)
)
(C:\Users\Administrador\AppData\Roaming\MiKTeX\2.9\tex\generic\pgf\basiclayer\p
gfcoretransparency.code.tex
File: pgfcoretransparency.code.tex 2013/09/30  (rcs-revision 1.5)
)
(C:\Users\Administrador\AppData\Roaming\MiKTeX\2.9\tex\generic\pgf\basiclayer\p
gfcorepatterns.code.tex
File: pgfcorepatterns.code.tex 2013/11/07  (rcs-revision 1.5)
)))
(C:\Users\Administrador\AppData\Roaming\MiKTeX\2.9\tex\latex\pgf\utilities\xxco
lor.sty
Package: xxcolor 2003/10/24 ver 0.1
\XC@nummixins=\count116
\XC@countmixins=\count117
) ("C:\Program Files (x86)\MiKTeX 2.9\tex\generic\oberdiek\atbegshi.sty"
Package: atbegshi 2011/10/05 v1.16 At begin shipout hook (HO)
) ("C:\Program Files (x86)\MiKTeX 2.9\tex\latex\hyperref\hyperref.sty"
Package: hyperref 2012/11/06 v6.83m Hypertext links for LaTeX

("C:\Program Files (x86)\MiKTeX 2.9\tex\generic\oberdiek\hobsub-hyperref.sty"
Package: hobsub-hyperref 2012/04/25 v1.12 Bundle oberdiek, subset hyperref (HO)


("C:\Program Files (x86)\MiKTeX 2.9\tex\generic\oberdiek\hobsub-generic.sty"
Package: hobsub-generic 2012/04/25 v1.12 Bundle oberdiek, subset generic (HO)
Package: hobsub 2012/04/25 v1.12 Construct package bundles (HO)
Package hobsub Info: Skipping package `infwarerr' (already loaded).
Package hobsub Info: Skipping package `ltxcmds' (already loaded).
Package: ifluatex 2010/03/01 v1.3 Provides the ifluatex switch (HO)
Package ifluatex Info: LuaTeX not detected.
Package hobsub Info: Skipping package `ifvtex' (already loaded).
Package: intcalc 2007/09/27 v1.1 Expandable calculations with integers (HO)
Package hobsub Info: Skipping package `ifpdf' (already loaded).
Package: etexcmds 2011/02/16 v1.5 Avoid name clashes with e-TeX commands (HO)
Package etexcmds Info: Could not find \expanded.
(etexcmds)             That can mean that you are not using pdfTeX 1.50 or
(etexcmds)             that some package has redefined \expanded.
(etexcmds)             In the latter case, load this package earlier.
Package: kvsetkeys 2012/04/25 v1.16 Key value parser (HO)
Package: kvdefinekeys 2011/04/07 v1.3 Define keys (HO)
Package: pdftexcmds 2011/11/29 v0.20 Utility functions of pdfTeX for LuaTeX (HO
)
Package pdftexcmds Info: LuaTeX not detected.
Package pdftexcmds Info: \pdf@primitive is available.
Package pdftexcmds Info: \pdf@ifprimitive is available.
Package pdftexcmds Info: \pdfdraftmode found.
Package: pdfescape 2011/11/25 v1.13 Implements pdfTeX's escape features (HO)
Package: bigintcalc 2012/04/08 v1.3 Expandable calculations on big integers (HO
)
Package: bitset 2011/01/30 v1.1 Handle bit-vector datatype (HO)
Package: uniquecounter 2011/01/30 v1.2 Provide unlimited unique counter (HO)
)
Package hobsub Info: Skipping package `hobsub' (already loaded).
Package: letltxmacro 2010/09/02 v1.4 Let assignment for LaTeX macros (HO)
Package: hopatch 2011/06/24 v1.1 Wrapper for package hooks (HO)
Package: xcolor-patch 2011/01/30 xcolor patch
Package: atveryend 2011/06/30 v1.8 Hooks at the very end of document (HO)
Package atveryend Info: \enddocument detected (standard20110627).
Package hobsub Info: Skipping package `atbegshi' (already loaded).
Package: refcount 2011/10/16 v3.4 Data extraction from label references (HO)
Package: hycolor 2011/01/30 v1.7 Color options for hyperref/bookmark (HO)
)
("C:\Program Files (x86)\MiKTeX 2.9\tex\latex\oberdiek\auxhook.sty"
Package: auxhook 2011/03/04 v1.3 Hooks for auxiliary files (HO)
)
("C:\Program Files (x86)\MiKTeX 2.9\tex\latex\oberdiek\kvoptions.sty"
Package: kvoptions 2011/06/30 v3.11 Key value format for package options (HO)
)
\@linkdim=\dimen164
\Hy@linkcounter=\count118
\Hy@pagecounter=\count119

("C:\Program Files (x86)\MiKTeX 2.9\tex\latex\hyperref\pd1enc.def"
File: pd1enc.def 2012/11/06 v6.83m Hyperref: PDFDocEncoding definition (HO)
)
\Hy@SavedSpaceFactor=\count120

("C:\Program Files (x86)\MiKTeX 2.9\tex\latex\00miktex\hyperref.cfg"
File: hyperref.cfg 2002/06/06 v1.2 hyperref configuration of TeXLive
)
Package hyperref Info: Option `bookmarks' set `true' on input line 4319.
Package hyperref Info: Option `bookmarksopen' set `true' on input line 4319.
Package hyperref Info: Option `unicode' set `true' on input line 4319.

("C:\Program Files (x86)\MiKTeX 2.9\tex\latex\hyperref\puenc.def"
File: puenc.def 2012/11/06 v6.83m Hyperref: PDF Unicode definition (HO)
)
Package hyperref Info: Option `implicit' set `false' on input line 4319.
Package hyperref Info: Hyper figures OFF on input line 4443.
Package hyperref Info: Link nesting OFF on input line 4448.
Package hyperref Info: Hyper index ON on input line 4451.
Package hyperref Info: Plain pages OFF on input line 4458.
Package hyperref Info: Backreferencing OFF on input line 4463.
Package hyperref Info: Implicit mode OFF; no redefinition of LaTeX internals.
Package hyperref Info: Bookmarks ON on input line 4688.
\c@Hy@tempcnt=\count121

(C:\Users\Administrador\AppData\Roaming\MiKTeX\2.9\tex\latex\url\url.sty
\Urlmuskip=\muskip10
Package: url 2013/09/16  ver 3.4  Verb mode for urls, etc.
)
LaTeX Info: Redefining \url on input line 5041.
\XeTeXLinkMargin=\dimen165
\Fld@menulength=\count122
\Field@Width=\dimen166
\Fld@charsize=\dimen167
Package hyperref Info: Hyper figures OFF on input line 6295.
Package hyperref Info: Link nesting OFF on input line 6300.
Package hyperref Info: Hyper index ON on input line 6303.
Package hyperref Info: backreferencing OFF on input line 6310.
Package hyperref Info: Link coloring OFF on input line 6315.
Package hyperref Info: Link coloring with OCG OFF on input line 6320.
Package hyperref Info: PDF/A mode OFF on input line 6325.
LaTeX Info: Redefining \ref on input line 6365.
LaTeX Info: Redefining \pageref on input line 6369.
\Hy@abspage=\count123


Package hyperref Message: Stopped early.

)

Package hyperref Message: Driver: hpdftex.

("C:\Program Files (x86)\MiKTeX 2.9\tex\latex\hyperref\hpdftex.def"
File: hpdftex.def 2012/11/06 v6.83m Hyperref driver for pdfTeX
\Fld@listcount=\count124
\c@bookmark@seq@number=\count125

("C:\Program Files (x86)\MiKTeX 2.9\tex\latex\oberdiek\rerunfilecheck.sty"
Package: rerunfilecheck 2011/04/15 v1.7 Rerun checks for auxiliary files (HO)
Package uniquecounter Info: New unique counter `rerunfilecheck' on input line 2
82.
))
(C:\Users\Administrador\AppData\Roaming\MiKTeX\2.9\tex\latex\ucs\ucs.sty
Package: ucs 2013/05/11 v2.2 UCS: Unicode input support

(C:\Users\Administrador\AppData\Roaming\MiKTeX\2.9\tex\latex\ucs\uni-global.def
File: uni-global.def 2013/05/13 UCS: Unicode global data
)
\uc@secondtry=\count126
\uc@combtoks=\toks26
\uc@combtoksb=\toks27
\uc@temptokena=\toks28
)
(C:\Users\Administrador\AppData\Roaming\MiKTeX\2.9\tex\latex\ucs\ucshyper.sty
Package: ucshyper 2002/03/05 UCS: Unicode in Hyperref's PDF bookmarks
)
("C:\Program Files (x86)\MiKTeX 2.9\tex\latex\base\inputenc.sty"
Package: inputenc 2015/03/17 v1.2c Input encoding file
\inpenc@prehook=\toks29
\inpenc@posthook=\toks30

(C:\Users\Administrador\AppData\Roaming\MiKTeX\2.9\tex\latex\ucs\utf8x.def
File: utf8x.def 2004/10/17 UCS: Input encoding UTF-8
))
(C:\Users\Administrador\AppData\Roaming\MiKTeX\2.9\tex\latex\beamer\base\beamer
baserequires.sty
Package: beamerbaserequires 2010/05/01  (rcs-revision efa082c6111d)

(C:\Users\Administrador\AppData\Roaming\MiKTeX\2.9\tex\latex\beamer\base\beamer
basecompatibility.sty
Package: beamerbasecompatibility 2012/05/01  (rcs-revision 67c48b3b652d)
)
(C:\Users\Administrador\AppData\Roaming\MiKTeX\2.9\tex\latex\beamer\base\beamer
basefont.sty
Package: beamerbasefont 2015/01/05  (rcs-revision b4b4bee242e2)
 ("C:\Program Files (x86)\MiKTeX 2.9\tex\latex\amsfonts\amssymb.sty"
Package: amssymb 2013/01/14 v3.01 AMS font symbols
 ("C:\Program Files (x86)\MiKTeX 2.9\tex\latex\amsfonts\amsfonts.sty"
Package: amsfonts 2013/01/14 v3.01 Basic AMSFonts support
\@emptytoks=\toks31
\symAMSa=\mathgroup4
\symAMSb=\mathgroup5
LaTeX Font Info:    Overwriting math alphabet `\mathfrak' in version `bold'
(Font)                  U/euf/m/n --> U/euf/b/n on input line 106.
)))
(C:\Users\Administrador\AppData\Roaming\MiKTeX\2.9\tex\latex\beamer\base\beamer
basetranslator.sty
Package: beamerbasetranslator 2010/06/11  (rcs-revision 85fd1cc7fc42)

(C:\Users\Administrador\AppData\Roaming\MiKTeX\2.9\tex\latex\beamer\base\transl
ator\translator.sty
Package: translator 2010/06/12 ver 1.10

(C:\Users\Administrador\AppData\Roaming\MiKTeX\2.9\tex\latex\beamer\base\transl
ator\translator-language-mappings.tex)))
(C:\Users\Administrador\AppData\Roaming\MiKTeX\2.9\tex\latex\beamer\base\beamer
basemisc.sty
Package: beamerbasemisc 2013/09/03  (rcs-revision a55719c41d85)
)
(C:\Users\Administrador\AppData\Roaming\MiKTeX\2.9\tex\latex\beamer\base\beamer
basetwoscreens.sty
Package: beamerbasetwoscreens 2010/05/01  (rcs-revision efa082c6111d)
)
(C:\Users\Administrador\AppData\Roaming\MiKTeX\2.9\tex\latex\beamer\base\beamer
baseoverlay.sty
Package: beamerbaseoverlay 2013/12/25  (rcs-revision f6bd5e3805da)
\beamer@argscount=\count127
\beamer@lastskipcover=\skip44
\beamer@trivlistdepth=\count128
)
(C:\Users\Administrador\AppData\Roaming\MiKTeX\2.9\tex\latex\beamer\base\beamer
basetitle.sty
Package: beamerbasetitle 2010/09/21  (rcs-revision f0446ed0b6ae)
)
(C:\Users\Administrador\AppData\Roaming\MiKTeX\2.9\tex\latex\beamer\base\beamer
basesection.sty
Package: beamerbasesection 2013/06/07  (rcs-revision 60b9fe0f342f)
\c@lecture=\count129
\c@part=\count130
\c@section=\count131
\c@subsection=\count132
\c@subsubsection=\count133
)
(C:\Users\Administrador\AppData\Roaming\MiKTeX\2.9\tex\latex\beamer\base\beamer
baseframe.sty
Package: beamerbaseframe 2014/02/20  (rcs-revision 4b8ceeeff434)
\beamer@framebox=\box40
\beamer@frametitlebox=\box41
\beamer@zoombox=\box42
\beamer@zoomcount=\count134
\beamer@zoomframecount=\count135
\beamer@frametextheight=\dimen168
\c@subsectionslide=\count136
\beamer@frametopskip=\skip45
\beamer@framebottomskip=\skip46
\beamer@frametopskipautobreak=\skip47
\beamer@framebottomskipautobreak=\skip48
\beamer@envbody=\toks32
\framewidth=\dimen169
\c@framenumber=\count137
)
(C:\Users\Administrador\AppData\Roaming\MiKTeX\2.9\tex\latex\beamer\base\beamer
baseverbatim.sty
Package: beamerbaseverbatim 2015/01/05  (rcs-revision 431510bb5890)
\beamer@verbatimfileout=\write4
)
(C:\Users\Administrador\AppData\Roaming\MiKTeX\2.9\tex\latex\beamer\base\beamer
baseframesize.sty
Package: beamerbaseframesize 2011/09/12  (rcs-revision 70f9d8411e54)
\beamer@splitbox=\box43
\beamer@autobreakcount=\count138
\beamer@autobreaklastheight=\dimen170
\beamer@frametitletoks=\toks33
\beamer@framesubtitletoks=\toks34
)
(C:\Users\Administrador\AppData\Roaming\MiKTeX\2.9\tex\latex\beamer\base\beamer
baseframecomponents.sty
Package: beamerbaseframecomponents 2013/10/18  (rcs-revision 5cf6c5555a45)
\beamer@footins=\box44
)
(C:\Users\Administrador\AppData\Roaming\MiKTeX\2.9\tex\latex\beamer\base\beamer
basecolor.sty
Package: beamerbasecolor 2015/02/21  (rcs-revision d944b04ee2d5)
)
(C:\Users\Administrador\AppData\Roaming\MiKTeX\2.9\tex\latex\beamer\base\beamer
basenotes.sty
Package: beamerbasenotes 2012/12/19  (rcs-revision 1686da3db3c9)
\beamer@frameboxcopy=\box45
)
(C:\Users\Administrador\AppData\Roaming\MiKTeX\2.9\tex\latex\beamer\base\beamer
basetoc.sty
Package: beamerbasetoc 2015/03/08  (rcs-revision 7270298bbaae)
)
(C:\Users\Administrador\AppData\Roaming\MiKTeX\2.9\tex\latex\beamer\base\beamer
basetemplates.sty
Package: beamerbasetemplates 2010/05/01  (rcs-revision efa082c6111d)
\beamer@sbttoks=\toks35

(C:\Users\Administrador\AppData\Roaming\MiKTeX\2.9\tex\latex\beamer\base\beamer
baseauxtemplates.sty
Package: beamerbaseauxtemplates 2014/06/30  (rcs-revision 580088513a67)

(C:\Users\Administrador\AppData\Roaming\MiKTeX\2.9\tex\latex\beamer\base\beamer
baseboxes.sty
Package: beamerbaseboxes 2012/05/13  (rcs-revision 56972908a390)
\bmb@box=\box46
\bmb@colorbox=\box47
\bmb@boxshadow=\box48
\bmb@boxshadowball=\box49
\bmb@boxshadowballlarge=\box50
\bmb@temp=\dimen171
\bmb@dima=\dimen172
\bmb@dimb=\dimen173
\bmb@prevheight=\dimen174
)
\beamer@blockheadheight=\dimen175
))
(C:\Users\Administrador\AppData\Roaming\MiKTeX\2.9\tex\latex\beamer\base\beamer
baselocalstructure.sty
Package: beamerbaselocalstructure 2014/09/10  (rcs-revision 393f6dcff371)

("C:\Program Files (x86)\MiKTeX 2.9\tex\latex\tools\enumerate.sty"
Package: enumerate 2014/10/28 v3.00 enumerate extensions (DPC)
\@enLab=\toks36
)
\c@figure=\count139
\c@table=\count140
\abovecaptionskip=\skip49
\belowcaptionskip=\skip50
)
(C:\Users\Administrador\AppData\Roaming\MiKTeX\2.9\tex\latex\beamer\base\beamer
basenavigation.sty
Package: beamerbasenavigation 2015/02/27  (rcs-revision 923f4bf87efa)
\beamer@section@min@dim=\dimen176
)
(C:\Users\Administrador\AppData\Roaming\MiKTeX\2.9\tex\latex\beamer\base\beamer
basetheorems.sty
Package: beamerbasetheorems 2010/06/06  (rcs-revision 7e7cc5e53e9d)

("C:\Program Files (x86)\MiKTeX 2.9\tex\latex\amsmath\amsmath.sty"
Package: amsmath 2013/01/14 v2.14 AMS math features
\@mathmargin=\skip51

For additional information on amsmath, use the `?' option.
("C:\Program Files (x86)\MiKTeX 2.9\tex\latex\amsmath\amstext.sty"
Package: amstext 2000/06/29 v2.01

("C:\Program Files (x86)\MiKTeX 2.9\tex\latex\amsmath\amsgen.sty"
File: amsgen.sty 1999/11/30 v2.0
\@emptytoks=\toks37
\ex@=\dimen177
))
("C:\Program Files (x86)\MiKTeX 2.9\tex\latex\amsmath\amsbsy.sty"
Package: amsbsy 1999/11/29 v1.2d
\pmbraise@=\dimen178
)
("C:\Program Files (x86)\MiKTeX 2.9\tex\latex\amsmath\amsopn.sty"
Package: amsopn 1999/12/14 v2.01 operator names
)
\inf@bad=\count141
LaTeX Info: Redefining \frac on input line 210.
\uproot@=\count142
\leftroot@=\count143
LaTeX Info: Redefining \overline on input line 306.
\classnum@=\count144
\DOTSCASE@=\count145
LaTeX Info: Redefining \ldots on input line 378.
LaTeX Info: Redefining \dots on input line 381.
LaTeX Info: Redefining \cdots on input line 466.
\Mathstrutbox@=\box51
\strutbox@=\box52
\big@size=\dimen179
LaTeX Font Info:    Redeclaring font encoding OML on input line 566.
LaTeX Font Info:    Redeclaring font encoding OMS on input line 567.
\macc@depth=\count146
\c@MaxMatrixCols=\count147
\dotsspace@=\muskip11
\c@parentequation=\count148
\dspbrk@lvl=\count149
\tag@help=\toks38
\row@=\count150
\column@=\count151
\maxfields@=\count152
\andhelp@=\toks39
\eqnshift@=\dimen180
\alignsep@=\dimen181
\tagshift@=\dimen182
\tagwidth@=\dimen183
\totwidth@=\dimen184
\lineht@=\dimen185
\@envbody=\toks40
\multlinegap=\skip52
\multlinetaggap=\skip53
\mathdisplay@stack=\toks41
LaTeX Info: Redefining \[ on input line 2665.
LaTeX Info: Redefining \] on input line 2666.
)
("C:\Program Files (x86)\MiKTeX 2.9\tex\latex\amscls\amsthm.sty"
Package: amsthm 2015/03/04 v2.20.2
\thm@style=\toks42
\thm@bodyfont=\toks43
\thm@headfont=\toks44
\thm@notefont=\toks45
\thm@headpunct=\toks46
\thm@preskip=\skip54
\thm@postskip=\skip55
\thm@headsep=\skip56
\dth@everypar=\toks47
)
\c@theorem=\count153
)
(C:\Users\Administrador\AppData\Roaming\MiKTeX\2.9\tex\latex\beamer\base\beamer
basethemes.sty
Package: beamerbasethemes 2010/05/01  (rcs-revision efa082c6111d)
))
(C:\Users\Administrador\AppData\Roaming\MiKTeX\2.9\tex\latex\beamer\base\themes
\theme\beamerthemedefault.sty
Package: beamerthemedefault 2010/06/17  (rcs-revision d02a7cf4d8ae)

(C:\Users\Administrador\AppData\Roaming\MiKTeX\2.9\tex\latex\beamer\base\themes
\font\beamerfontthemedefault.sty
Package: beamerfontthemedefault 2012/12/19  (rcs-revision 1686da3db3c9)
)
(C:\Users\Administrador\AppData\Roaming\MiKTeX\2.9\tex\latex\beamer\base\themes
\color\beamercolorthemedefault.sty
Package: beamercolorthemedefault 2012/12/19  (rcs-revision 1686da3db3c9)
)
(C:\Users\Administrador\AppData\Roaming\MiKTeX\2.9\tex\latex\beamer\base\themes
\inner\beamerinnerthemedefault.sty
Package: beamerinnerthemedefault 2014/06/30  (rcs-revision 580088513a67)
\beamer@dima=\dimen186
\beamer@dimb=\dimen187
)
(C:\Users\Administrador\AppData\Roaming\MiKTeX\2.9\tex\latex\beamer\base\themes
\outer\beamerouterthemedefault.sty
Package: beamerouterthemedefault 2012/12/19  (rcs-revision 1686da3db3c9)
))) (agda.sty
Package: agda 

(C:\Users\Administrador\AppData\Roaming\MiKTeX\2.9\tex\latex\xifthen\xifthen.st
y
Package: xifthen 2009/04/17 v1.3 Extended ifthen features
 ("C:\Program Files (x86)\MiKTeX 2.9\tex\latex\misc\etex.sty"
Package: etex 2015/07/08 v2.3 eTeX basic definition package (PEB,DPC)
\et@xins=\count154
)
("C:\Program Files (x86)\MiKTeX 2.9\tex\latex\tools\calc.sty"
Package: calc 2014/10/28 v4.3 Infix arithmetic (KKT,FJ)
\calc@Acount=\count155
\calc@Bcount=\count156
\calc@Adimen=\dimen188
\calc@Bdimen=\dimen189
\calc@Askip=\skip57
\calc@Bskip=\skip58
LaTeX Info: Redefining \setlength on input line 80.
LaTeX Info: Redefining \addtolength on input line 81.
\calc@Ccount=\count157
\calc@Cskip=\skip59
)
("C:\Program Files (x86)\MiKTeX 2.9\tex\latex\base\ifthen.sty"
Package: ifthen 2014/09/29 v1.1c Standard LaTeX ifthen package (DPC)
)
(C:\Users\Administrador\AppData\Roaming\MiKTeX\2.9\tex\latex\ifmtarg\ifmtarg.st
y
Package: ifmtarg 2009/09/02 v1.2a check for an empty argument
))
(C:\Users\Administrador\AppData\Roaming\MiKTeX\2.9\tex\latex\polytable\polytabl
e.sty
Package: polytable 2013/07/18 v0.8.5 `polytable' package (Andres Loeh)

(C:\Users\Administrador\AppData\Roaming\MiKTeX\2.9\tex\latex\lazylist\lazylist.
sty) ("C:\Program Files (x86)\MiKTeX 2.9\tex\latex\tools\array.sty"
Package: array 2014/10/28 v2.4c Tabular extension package (FMi)
\col@sep=\dimen190
\extrarowheight=\dimen191
\NC@list=\toks48
\extratabsurround=\skip60
\backup@length=\skip61
)
\PT@colwidth=\dimen192
\PT@cols=\count158
\PT@table=\count159
\PT@toks=\toks49
\PT@in=\read2
\PT@out=\write5
)
(C:\Users\Administrador\AppData\Roaming\MiKTeX\2.9\tex\latex\etoolbox\etoolbox.
sty
Package: etoolbox 2015/08/02 v2.2a e-TeX tools for LaTeX (JAW)
\etb@tempcnta=\count160
) (C:\Users\Administrador\AppData\Roaming\MiKTeX\2.9\tex\latex\tipa\tipa.sty
Package: tipa 2002/08/08 TIPA version 1.1
("C:\Program Files (x86)\MiKTeX 2.9\tex\latex\base\fontenc.sty"
Package: fontenc 2005/09/27 v1.99g Standard LaTeX package

(C:\Users\Administrador\AppData\Roaming\MiKTeX\2.9\tex\latex\tipa\t3enc.def
File: t3enc.def 2001/12/31 T3 encoding
)
("C:\Program Files (x86)\MiKTeX 2.9\tex\latex\base\ot1enc.def"
File: ot1enc.def 2005/09/27 v1.99g Standard LaTeX file
LaTeX Font Info:    Redeclaring font encoding OT1 on input line 48.
)))
("C:\Program Files (x86)\MiKTeX 2.9\tex\latex\base\fontenc.sty"
Package: fontenc 2005/09/27 v1.99g Standard LaTeX package

("C:\Program Files (x86)\MiKTeX 2.9\tex\latex\base\t1enc.def"
File: t1enc.def 2005/09/27 v1.99g Standard LaTeX file
LaTeX Font Info:    Redeclaring font encoding T1 on input line 48.
))
(C:\Users\Administrador\AppData\Roaming\MiKTeX\2.9\tex\latex\catchfilebetweenta
gs\catchfilebetweentags.sty
Package: catchfilebetweentags 2011/02/19 v1.1 - Catch file between tags (FC)

("C:\Program Files (x86)\MiKTeX 2.9\tex\generic\oberdiek\catchfile.sty"
Package: catchfile 2011/03/01 v1.6 Catch the contents of a file (HO)
)
\CatchFBT@tok=\toks256
)
(C:\Users\Administrador\AppData\Roaming\MiKTeX\2.9\tex\latex\xstring\xstring.st
y
(C:\Users\Administrador\AppData\Roaming\MiKTeX\2.9\tex\generic\xstring\xstring.
tex
\@xs@message=\write6
\integerpart=\count161
\decimalpart=\count162
)
Package: xstring 2013/10/13  v1.7c  String manipulations (C Tellechea)
)
\c@AgdaIndex=\count163
\mathindent=\dimen193
) (mathtools.sty
Package: mathtools 2008/08/01 v1.06 mathematical typesetting tools (MH)
 (mhsetup.sty
Package: mhsetup 2004/10/10 v1.0b programming setup (MH)
)

LaTeX Warning: You have requested, on input line 32, version
               `2007/12/03' of package mhsetup,
               but only version
               `2004/10/10 v1.0b programming setup (MH)'
               is available.

\g_MT_multlinerow_int=\count164
\l_MT_multwidth_dim=\dimen194
)
(C:\Users\Administrador\AppData\Roaming\MiKTeX\2.9\tex\latex\textgreek\textgree
k.sty
Package: textgreek 2011/10/09 v0.7 Greek symbols in text
Package textgreek Info: Loading the definitions for the Greek fontencoding. on 
input line 39.

(C:\Users\Administrador\AppData\Roaming\MiKTeX\2.9\tex\latex\greek-fontenc\lgre
nc.def
File: lgrenc.def 2013/12/02 v0.11.2 LGR Greek font encoding definitions

(C:\Users\Administrador\AppData\Roaming\MiKTeX\2.9\tex\latex\greek-fontenc\gree
k-fontenc.def
File: greek-fontenc.def 2014/12/12 v0.12 Common Greek font encoding definitions

))
Package textgreek Info: Loaded fontmap: {eur/*/*}{U/eur/*/*} {phv/*/*}{U/psy/*/
*}. on input line 69.
)
(C:\Users\Administrador\AppData\Roaming\MiKTeX\2.9\tex\latex\framed\framed.sty
Package: framed 2011/10/22 v 0.96: framed or shaded text with page breaks
\OuterFrameSep=\skip62
\fb@frw=\dimen195
\fb@frh=\dimen196
\FrameRule=\dimen197
\FrameSep=\dimen198
) (diapositivascopia.aux)
LaTeX Font Info:    Checking defaults for OML/cmm/m/it on input line 67.
LaTeX Font Info:    ... okay on input line 67.
LaTeX Font Info:    Checking defaults for T1/cmr/m/n on input line 67.
LaTeX Font Info:    ... okay on input line 67.
LaTeX Font Info:    Checking defaults for OT1/cmr/m/n on input line 67.
LaTeX Font Info:    ... okay on input line 67.
LaTeX Font Info:    Checking defaults for OMS/cmsy/m/n on input line 67.
LaTeX Font Info:    ... okay on input line 67.
LaTeX Font Info:    Checking defaults for OMX/cmex/m/n on input line 67.
LaTeX Font Info:    ... okay on input line 67.
LaTeX Font Info:    Checking defaults for U/cmr/m/n on input line 67.
LaTeX Font Info:    ... okay on input line 67.
LaTeX Font Info:    Checking defaults for PD1/pdf/m/n on input line 67.
LaTeX Font Info:    ... okay on input line 67.
LaTeX Font Info:    Checking defaults for PU/pdf/m/n on input line 67.
LaTeX Font Info:    ... okay on input line 67.
LaTeX Font Info:    Checking defaults for T3/cmr/m/n on input line 67.
LaTeX Font Info:    Try loading font information for T3+cmr on input line 67.

(C:\Users\Administrador\AppData\Roaming\MiKTeX\2.9\tex\latex\tipa\t3cmr.fd
File: t3cmr.fd 2001/12/31 TIPA font definitions
)
LaTeX Font Info:    ... okay on input line 67.
LaTeX Font Info:    Checking defaults for LGR/cmr/m/n on input line 67.
LaTeX Font Info:    Try loading font information for LGR+cmr on input line 67.

(C:\Users\Administrador\AppData\Roaming\MiKTeX\2.9\tex\latex\cbfonts-fd\lgrcmr.
fd
File: lgrcmr.fd 2013/09/01 v1.0 Greek European Computer Regular
)
LaTeX Font Info:    ... okay on input line 67.

*geometry* driver: auto-detecting
*geometry* detected driver: pdftex
*geometry* verbose mode - [ preamble ] result:
* driver: pdftex
* paper: custom
* layout: <same size as paper>
* layoutoffset:(h,v)=(0.0pt,0.0pt)
* modes: includehead includefoot 
* h-part:(L,W,R)=(28.45274pt, 307.28987pt, 28.45274pt)
* v-part:(T,H,B)=(0.0pt, 273.14662pt, 0.0pt)
* \paperwidth=364.19536pt
* \paperheight=273.14662pt
* \textwidth=307.28987pt
* \textheight=244.6939pt
* \oddsidemargin=-43.81725pt
* \evensidemargin=-43.81725pt
* \topmargin=-72.26999pt
* \headheight=14.22636pt
* \headsep=0.0pt
* \topskip=11.0pt
* \footskip=14.22636pt
* \marginparwidth=4.0pt
* \marginparsep=10.0pt
* \columnsep=10.0pt
* \skip\footins=10.0pt plus 4.0pt minus 2.0pt
* \hoffset=0.0pt
* \voffset=0.0pt
* \mag=1000
* \@twocolumnfalse
* \@twosidefalse
* \@mparswitchfalse
* \@reversemarginfalse
* (1in=72.27pt=25.4mm, 1cm=28.453pt)

ABD: EveryShipout initializing macros
\AtBeginShipoutBox=\box53
Package hyperref Info: Link coloring OFF on input line 67.

("C:\Program Files (x86)\MiKTeX 2.9\tex\latex\hyperref\nameref.sty"
Package: nameref 2012/10/27 v2.43 Cross-referencing by name of section

("C:\Program Files (x86)\MiKTeX 2.9\tex\generic\oberdiek\gettitlestring.sty"
Package: gettitlestring 2010/12/03 v1.4 Cleanup title references (HO)
)
\c@section@level=\count165
)
LaTeX Info: Redefining \ref on input line 67.
LaTeX Info: Redefining \pageref on input line 67.
LaTeX Info: Redefining \nameref on input line 67.

(diapositivascopia.out) (diapositivascopia.out)
\@outlinefile=\write7

(C:\Users\Administrador\AppData\Roaming\MiKTeX\2.9\tex\latex\ucs\ucsencs.def
File: ucsencs.def 2011/01/21 Fixes to fontencodings LGR, T3
LGR\textpentedeka already defined.
LGR\textpenteqilioi already defined.
LGR\textpentemuria already defined.
LGR\textstigma already defined.
LGR\textqoppa already defined.
LGR\texteuro already defined.
LGR\textperthousand already defined.
LGR\textquoteleft already defined.
LGR\textquoteright already defined.
LGR\u already defined.
LGR\= already defined.
LGR\" already defined.
LGR\textpercent already defined.
LGR\textperiodcentered already defined.
LGR\' already defined.
LGR\textanoteleia already defined.
LGR\textAlpha already defined.
LGR\textBeta already defined.
LGR\textDelta already defined.
LGR\textEpsilon already defined.
LGR\textPhi already defined.
LGR\textGamma already defined.
LGR\textEta already defined.
LGR\textIota already defined.
LGR\textTheta already defined.
LGR\textKappa already defined.
LGR\textLambda already defined.
LGR\textMu already defined.
LGR\textNu already defined.
LGR\textOmicron already defined.
LGR\textPi already defined.
LGR\textChi already defined.
LGR\textRho already defined.
LGR\textSigma already defined.
LGR\textTau already defined.
LGR\textUpsilon already defined.
LGR\textOmega already defined.
LGR\textXi already defined.
LGR\textPsi already defined.
LGR\textZeta already defined.
LGR\` already defined.
LGR\textalpha already defined.
LGR\textbeta already defined.
LGR\textvarsigma already defined.
LGR\textdelta already defined.
LGR\textepsilon already defined.
LGR\textphi already defined.
LGR\textgamma already defined.
LGR\texteta already defined.
LGR\textiota already defined.
LGR\texttheta already defined.
LGR\textkappa already defined.
LGR\textlambda already defined.
LGR\textmu already defined.
LGR\textnu already defined.
LGR\textomicron already defined.
LGR\textpi already defined.
LGR\textchi already defined.
LGR\textrho already defined.
LGR\textautosigma already defined.
LGR\textsigma already defined.
LGR\texttau already defined.
LGR\textupsilon already defined.
LGR\textomega already defined.
LGR\textxi already defined.
LGR\textpsi already defined.
LGR\textzeta already defined.
LGR\guillemotleft already defined.
LGR\guillemotright already defined.
LGR\~ already defined.
LGR\textemdash already defined.
LGR\textdigamma already defined.
LGR\textDigamma already defined.
LGR\textdexiakeraia already defined.
LGR\textaristerikeraia already defined.

fontencoding LGR patched
T3\textscriptg already defined.
fontencoding T3 patched
) (C:\Users\Administrador\AppData\Roaming\MiKTeX\2.9\tex\latex\ucs\uni-0.def
File: uni-0.def 2013/05/13 UCS: Unicode data U+0000..U+00FF
)
(C:\Users\Administrador\AppData\Roaming\MiKTeX\2.9\tex\latex\ucs\uni-1.def
File: uni-1.def 2013/05/13 UCS: Unicode data U+0100..U+01FF
)
LaTeX Font Info:    Overwriting symbol font `operators' in version `normal'
(Font)                  OT1/cmr/m/n --> OT1/cmss/m/n on input line 67.
LaTeX Font Info:    Overwriting symbol font `operators' in version `bold'
(Font)                  OT1/cmr/bx/n --> OT1/cmss/bx/n on input line 67.
\symnumbers=\mathgroup6
\sympureletters=\mathgroup7
LaTeX Font Info:    Overwriting math alphabet `\mathrm' in version `normal'
(Font)                  OT1/cmss/m/n --> T1/cmr/m/n on input line 67.
LaTeX Font Info:    Redeclaring math alphabet \mathbf on input line 67.
LaTeX Font Info:    Overwriting math alphabet `\mathbf' in version `normal'
(Font)                  OT1/cmr/bx/n --> T1/cmss/bx/n on input line 67.
LaTeX Font Info:    Overwriting math alphabet `\mathbf' in version `bold'
(Font)                  OT1/cmr/bx/n --> T1/cmss/bx/n on input line 67.
LaTeX Font Info:    Redeclaring math alphabet \mathsf on input line 67.
LaTeX Font Info:    Overwriting math alphabet `\mathsf' in version `normal'
(Font)                  OT1/cmss/m/n --> T1/cmss/m/n on input line 67.
LaTeX Font Info:    Overwriting math alphabet `\mathsf' in version `bold'
(Font)                  OT1/cmss/bx/n --> T1/cmss/m/n on input line 67.
LaTeX Font Info:    Redeclaring math alphabet \mathit on input line 67.
LaTeX Font Info:    Overwriting math alphabet `\mathit' in version `normal'
(Font)                  OT1/cmr/m/it --> T1/cmss/m/it on input line 67.
LaTeX Font Info:    Overwriting math alphabet `\mathit' in version `bold'
(Font)                  OT1/cmr/bx/it --> T1/cmss/m/it on input line 67.
LaTeX Font Info:    Redeclaring math alphabet \mathtt on input line 67.
LaTeX Font Info:    Overwriting math alphabet `\mathtt' in version `normal'
(Font)                  OT1/cmtt/m/n --> T1/cmtt/m/n on input line 67.
LaTeX Font Info:    Overwriting math alphabet `\mathtt' in version `bold'
(Font)                  OT1/cmtt/m/n --> T1/cmtt/m/n on input line 67.
LaTeX Font Info:    Overwriting symbol font `numbers' in version `bold'
(Font)                  T1/cmss/m/n --> T1/cmss/bx/n on input line 67.
LaTeX Font Info:    Overwriting symbol font `pureletters' in version `bold'
(Font)                  T1/cmss/m/it --> T1/cmss/bx/it on input line 67.
LaTeX Font Info:    Overwriting math alphabet `\mathrm' in version `bold'
(Font)                  OT1/cmss/bx/n --> T1/cmr/bx/n on input line 67.
LaTeX Font Info:    Overwriting math alphabet `\mathbf' in version `bold'
(Font)                  T1/cmss/bx/n --> T1/cmss/bx/n on input line 67.
LaTeX Font Info:    Overwriting math alphabet `\mathsf' in version `bold'
(Font)                  T1/cmss/m/n --> T1/cmss/bx/n on input line 67.
LaTeX Font Info:    Overwriting math alphabet `\mathit' in version `bold'
(Font)                  T1/cmss/m/it --> T1/cmss/bx/it on input line 67.
LaTeX Font Info:    Overwriting math alphabet `\mathtt' in version `bold'
(Font)                  T1/cmtt/m/n --> T1/cmtt/bx/n on input line 67.

(C:\Users\Administrador\AppData\Roaming\MiKTeX\2.9\tex\latex\beamer\base\transl
ator\dicts\translator-basic-dictionary\translator-basic-dictionary-English.dict
Dictionary: translator-basic-dictionary, Language: English 
)
(C:\Users\Administrador\AppData\Roaming\MiKTeX\2.9\tex\latex\beamer\base\transl
ator\dicts\translator-bibliography-dictionary\translator-bibliography-dictionar
y-English.dict
Dictionary: translator-bibliography-dictionary, Language: English 
)
(C:\Users\Administrador\AppData\Roaming\MiKTeX\2.9\tex\latex\beamer\base\transl
ator\dicts\translator-environment-dictionary\translator-environment-dictionary-
English.dict
Dictionary: translator-environment-dictionary, Language: English 
)
(C:\Users\Administrador\AppData\Roaming\MiKTeX\2.9\tex\latex\beamer\base\transl
ator\dicts\translator-months-dictionary\translator-months-dictionary-English.di
ct
Dictionary: translator-months-dictionary, Language: English 
)
(C:\Users\Administrador\AppData\Roaming\MiKTeX\2.9\tex\latex\beamer\base\transl
ator\dicts\translator-numbers-dictionary\translator-numbers-dictionary-English.
dict
Dictionary: translator-numbers-dictionary, Language: English 
)
(C:\Users\Administrador\AppData\Roaming\MiKTeX\2.9\tex\latex\beamer\base\transl
ator\dicts\translator-theorem-dictionary\translator-theorem-dictionary-English.
dict
Dictionary: translator-theorem-dictionary, Language: English 
)
LaTeX Info: Redefining \includegraphics on input line 67.

No file diapositivascopia.nav.

Package hyperref Warning: Option `pdfauthor' has already been used,
(hyperref)                setting the option has no effect on input line 70.


LaTeX Font Warning: Font shape `T1/cmss/m/n' in size <4> not available
(Font)              size <5> substituted on input line 76.

[1

{C:/Users/Administrador/AppData/Local/MiKTeX/2.9/pdftex/config/pdftex.map}]
LaTeX Font Info:    Try loading font information for U+msa on input line 150.

("C:\Program Files (x86)\MiKTeX 2.9\tex\latex\amsfonts\umsa.fd"
File: umsa.fd 2013/01/14 v3.01 AMS symbols A
)
LaTeX Font Info:    Try loading font information for U+msb on input line 150.

("C:\Program Files (x86)\MiKTeX 2.9\tex\latex\amsfonts\umsb.fd"
File: umsb.fd 2013/01/14 v3.01 AMS symbols B
) [2

] [3

]

Package hyperref Warning: Token not allowed in a PDF string (Unicode):
(hyperref)                removing `math shift' on input line 164.


Package hyperref Warning: Token not allowed in a PDF string (Unicode):
(hyperref)                removing `\alpha' on input line 164.


Package hyperref Warning: Token not allowed in a PDF string (Unicode):
(hyperref)                removing `math shift' on input line 164.

[4

] [5

] [6

] [7

] (Atom.tex)
(C:\Users\Administrador\AppData\Roaming\MiKTeX\2.9\tex\latex\ucs\uni-34.def
File: uni-34.def 2013/05/13 UCS: Unicode data U+2200..U+22FF
)
(C:\Users\Administrador\AppData\Roaming\MiKTeX\2.9\tex\latex\ucs\uni-33.def
File: uni-33.def 2013/05/13 UCS: Unicode data U+2100..U+21FF
)
[8

] (Term.tex)
(C:\Users\Administrador\AppData\Roaming\MiKTeX\2.9\tex\latex\ucs\uni-3.def
File: uni-3.def 2013/05/13 UCS: Unicode data U+0300..U+03FF
)
LaTeX Font Info:    Try loading font information for LGR+cmss on input line 263
.

(C:\Users\Administrador\AppData\Roaming\MiKTeX\2.9\tex\latex\cbfonts-fd\lgrcmss
.fd
File: lgrcmss.fd 2013/09/01 v1.0 Greek European Computer Sans Serif
)
LaTeX Font Info:    Try loading font information for OMS+cmss on input line 263
.
LaTeX Font Info:    No file OMScmss.fd. on input line 263.


LaTeX Font Warning: Font shape `OMS/cmss/m/n' undefined
(Font)              using `OMS/cmsy/m/n' instead
(Font)              for symbol `textperiodcentered' on input line 263.

LaTeX Font Info:    Try loading font information for T3+cmss on input line 263.

(C:\Users\Administrador\AppData\Roaming\MiKTeX\2.9\tex\latex\tipa\t3cmss.fd
File: t3cmss.fd 2001/12/31 TIPA font definitions
)
(Atom.tex) (Atom.tex) [9

] (Term.tex) (Atom.tex) (Atom.tex) [10

] (Alpha.tex)
Overfull \hbox (25.68584pt too wide) in paragraph at lines 297--297
 [][][][]  
 []


Overfull \hbox (25.68584pt too wide) in paragraph at lines 297--297
 [][][][][][][]  
 []


Overfull \hbox (25.68584pt too wide) in paragraph at lines 297--297
 [][][][][][][][][][][]  
 []


Overfull \hbox (25.68584pt too wide) in paragraph at lines 297--297
 [][][][][]  
 []


Overfull \hbox (25.68584pt too wide) in paragraph at lines 297--297
 [][][][][][][][][][][]  
 []


Overfull \hbox (25.68584pt too wide) in paragraph at lines 297--297
 [][][][][]  
 []


Overfull \hbox (25.68584pt too wide) in paragraph at lines 297--297
 [][][][][]  
 []

[11

] (Alpha.tex)
Overfull \hbox (25.68584pt too wide) in paragraph at lines 297--297
 [][][][]  
 []


Overfull \hbox (25.68584pt too wide) in paragraph at lines 297--297
 [][][][][][][]  
 []


Overfull \hbox (25.68584pt too wide) in paragraph at lines 297--297
 [][][][][][][][][][][]  
 []


Overfull \hbox (25.68584pt too wide) in paragraph at lines 297--297
 [][][][][]  
 []


Overfull \hbox (25.68584pt too wide) in paragraph at lines 297--297
 [][][][][][][][][][][]  
 []


Overfull \hbox (25.68584pt too wide) in paragraph at lines 297--297
 [][][][][]  
 []


Overfull \hbox (25.68584pt too wide) in paragraph at lines 297--297
 [][][][][]  
 []

[12

] (Alpha.tex)
Overfull \hbox (25.68584pt too wide) in paragraph at lines 297--297
 [][][][]  
 []


Overfull \hbox (25.68584pt too wide) in paragraph at lines 297--297
 [][][][][][][]  
 []


Overfull \hbox (25.68584pt too wide) in paragraph at lines 297--297
 [][][][][][][][][][][]  
 []


Overfull \hbox (25.68584pt too wide) in paragraph at lines 297--297
 [][][][][]  
 []


Overfull \hbox (25.68584pt too wide) in paragraph at lines 297--297
 [][][][][][][][][][][]  
 []


Overfull \hbox (25.68584pt too wide) in paragraph at lines 297--297
 [][][][][]  
 []


Overfull \hbox (25.68584pt too wide) in paragraph at lines 297--297
 [][][][][]  
 []

[13

]

Package hyperref Warning: Token not allowed in a PDF string (Unicode):
(hyperref)                removing `math shift' on input line 314.


Package hyperref Warning: Token not allowed in a PDF string (Unicode):
(hyperref)                removing `\alpha' on input line 314.


Package hyperref Warning: Token not allowed in a PDF string (Unicode):
(hyperref)                removing `math shift' on input line 314.

[14

] (TermInduction.tex) [15

] (TermInduction.tex) [16

] (Alpha.tex)
Overfull \hbox (8.46693pt too wide) in paragraph at lines 385--385
 [][]  
 []


Overfull \hbox (8.46693pt too wide) in paragraph at lines 385--385
 [][][]  
 []

(TermInduction.tex) [17

] (TermRecursion.tex) [18

] (Alpha.tex)
(TermRecursion.tex)

LaTeX Font Warning: Font shape `OMS/cmss/m/it' undefined
(Font)              using `OMS/cmss/m/n' instead
(Font)              for symbol `textperiodcentered' on input line 441.


LaTeX Font Warning: Font shape `T3/cmss/m/it' in size <10.95> not available
(Font)              Font shape `T3/cmss/m/sl' tried instead on input line 441.


Overfull \hbox (16.65779pt too wide) in paragraph at lines 441--441
 [][][][]  
 []


Overfull \hbox (16.65779pt too wide) in paragraph at lines 441--441
 [][][][][]  
 []


Overfull \hbox (16.65779pt too wide) in paragraph at lines 441--441
 [][][][][]  
 []


Overfull \hbox (16.65779pt too wide) in paragraph at lines 441--441
 [][][][][]  
 []


Overfull \hbox (16.65779pt too wide) in paragraph at lines 441--441
 [][][][][]  
 []


Overfull \hbox (16.65779pt too wide) in paragraph at lines 441--441
 [][][][][]  
 []

[19

] (TermRecursion.tex) [20

] [21

] (FreeVariables.tex) (FreeVariables.tex)
[22

] (FreeVariables.tex) (Term.tex)
Overfull \hbox (8.30107pt too wide) in paragraph at lines 522--522
 [][][][]  
 []


Overfull \hbox (8.30107pt too wide) in paragraph at lines 522--522
 [][][][][][][][][][][]  
 []


Overfull \hbox (8.30107pt too wide) in paragraph at lines 522--522
 [][][][][][][][][][][][][]  
 []


Overfull \hbox (8.30107pt too wide) in paragraph at lines 522--522
 [][][][][][][][][][][][][]  
 []


Overfull \hbox (8.30107pt too wide) in paragraph at lines 522--522
 [][][][][][][][][][][][][]  
 []

(FreeVariables.tex) [23

] (FreeVariables.tex) (Term.tex)
Overfull \hbox (8.30107pt too wide) in paragraph at lines 522--522
 [][][][]  
 []


Overfull \hbox (8.30107pt too wide) in paragraph at lines 522--522
 [][][][][][][][][][][]  
 []


Overfull \hbox (8.30107pt too wide) in paragraph at lines 522--522
 [][][][][][][][][][][][][]  
 []


Overfull \hbox (8.30107pt too wide) in paragraph at lines 522--522
 [][][][][][][][][][][][][]  
 []


Overfull \hbox (8.30107pt too wide) in paragraph at lines 522--522
 [][][][][][][][][][][][][]  
 []

(FreeVariables.tex) [24

]
Overfull \hbox (14.78874pt too wide) detected at line 556
[]
 []

[25

]
Overfull \hbox (14.78874pt too wide) detected at line 556
[]
 []

[26

] (Substitution.tex)
LaTeX Font Info:    Try loading font information for T1+cmtt on input line 577.


("C:\Program Files (x86)\MiKTeX 2.9\tex\latex\base\t1cmtt.fd"
File: t1cmtt.fd 2014/09/29 v2.5h Standard LaTeX font definitions
)
(Substitution.tex) [27

] (Substitution.tex) (Substitution.tex) [28

]
(Substitution.tex) (Substitution.tex)
Overfull \hbox (12.41656pt too wide) in paragraph at lines 618--618
 [][][][]  
 []


Overfull \hbox (12.41656pt too wide) in paragraph at lines 618--618
 [][][][][][][]  
 []


Overfull \hbox (12.41656pt too wide) in paragraph at lines 618--618
 [][][][][]  
 []

[29

] (Substitution.tex) (Substitution.tex)
Overfull \hbox (12.41656pt too wide) in paragraph at lines 618--618
 [][][][]  
 []


Overfull \hbox (12.41656pt too wide) in paragraph at lines 618--618
 [][][][][][][]  
 []


Overfull \hbox (12.41656pt too wide) in paragraph at lines 618--618
 [][][][][]  
 []

[30

] (Substitution.tex) (Substitution.tex)
Overfull \hbox (12.41656pt too wide) in paragraph at lines 618--618
 [][][][]  
 []


Overfull \hbox (12.41656pt too wide) in paragraph at lines 618--618
 [][][][][][][]  
 []


Overfull \hbox (12.41656pt too wide) in paragraph at lines 618--618
 [][][][][]  
 []

[31

] (Substitution.tex)
LaTeX Font Info:    Try loading font information for LGR+cmtt on input line 632
.

(C:\Users\Administrador\AppData\Roaming\MiKTeX\2.9\tex\latex\cbfonts-fd\lgrcmtt
.fd
File: lgrcmtt.fd 2013/09/01 v1.0 Greek European Computer Typewriter
)
(C:\Users\Administrador\AppData\Roaming\MiKTeX\2.9\tex\latex\ucs\uni-39.def
File: uni-39.def 2013/05/13 UCS: Unicode data U+2700..U+27FF
)
[32

] [33

] [34

] [35

] [36

] [37

]
No file diapositivascopia.bbl.
\tf@nav=\write8
\tf@toc=\write9
\tf@snm=\write10
Package atveryend Info: Empty hook `BeforeClearDocument' on input line 666.
Package atveryend Info: Empty hook `AfterLastShipout' on input line 666.
(diapositivascopia.aux)
Package atveryend Info: Executing hook `AtVeryEndDocument' on input line 666.
Package atveryend Info: Executing hook `AtEndAfterFileList' on input line 666.


Package rerunfilecheck Warning: File `diapositivascopia.out' has changed.
(rerunfilecheck)                Rerun to get outlines right
(rerunfilecheck)                or use package `bookmark'.

Package rerunfilecheck Info: Checksums for `diapositivascopia.out':
(rerunfilecheck)             Before: 9616EF2FA26B5467FB42869EA22A3AAD;449
(rerunfilecheck)             After:  36298EBF5CA6582B4F454A126B096758;939.

LaTeX Font Warning: Size substitutions with differences
(Font)              up to 1.0pt have occurred.


LaTeX Font Warning: Some font shapes were not available, defaults substituted.

Package atveryend Info: Empty hook `AtVeryVeryEnd' on input line 666.
 ) 
Here is how much of TeX's memory you used:
 25733 strings out of 493673
 448819 string characters out of 3141506
 601595 words of memory out of 3000000
 28386 multiletter control sequences out of 15000+200000
 31787 words of font info for 79 fonts, out of 3000000 for 9000
 1025 hyphenation exceptions out of 8191
 48i,14n,85p,1360b,678s stack positions out of 5000i,500n,10000p,200000b,50000s
 <C:\Users\Administrador\AppData\Local\MiKTeX\2.9\fonts\pk\ljfour\public\cbgr
eek\dpi600\gsmn0800.pk> <C:\Users\Administrador\AppData\Local\MiKTeX\2.9\fonts\
pk\ljfour\public\cbgreek\dpi600\gttn0800.pk> <C:\Users\Administrador\AppData\Lo
cal\MiKTeX\2.9\fonts\pk\ljfour\jknappen\ec\dpi600\ectt0800.pk> <C:\Users\Admini
strador\AppData\Local\MiKTeX\2.9\fonts\pk\ljfour\jknappen\ec\dpi600\ecss0800.pk
> <C:\Users\Administrador\AppData\Local\MiKTeX\2.9\fonts\pk\ljfour\jknappen\ec\
dpi600\ectt1095.pk> <C:\Users\Administrador\AppData\Local\MiKTeX\2.9\fonts\pk\l
jfour\jknappen\ec\dpi600\ecsi1000.pk> <C:\Users\Administrador\AppData\Local\MiK
TeX\2.9\fonts\pk\ljfour\public\cbgreek\dpi600\gsmn1000.pk> <C:\Users\Administra
dor\AppData\Local\MiKTeX\2.9\fonts\pk\ljfour\jknappen\ec\dpi600\ecss1000.pk> <C
:\Users\Administrador\AppData\Local\MiKTeX\2.9\fonts\pk\ljfour\public\cbgreek\d
pi600\gsmi1095.pk> <C:\Users\Administrador\AppData\Local\MiKTeX\2.9\fonts\pk\lj
four\unknown\unknown\dpi600\gsmn1095.pk> <C:\Users\Administrador\AppData\Local\
MiKTeX\2.9\fonts\pk\ljfour\jknappen\ec\dpi600\ecsi0800.pk> <C:\Users\Administra
dor\AppData\Local\MiKTeX\2.9\fonts\pk\ljfour\jknappen\ec\dpi600\ecss1200.pk> <C
:\Users\Administrador\AppData\Local\MiKTeX\2.9\fonts\pk\ljfour\jknappen\ec\dpi6
00\ecsi1095.pk> <C:\Users\Administrador\AppData\Local\MiKTeX\2.9\fonts\pk\ljfou
r\jknappen\ec\dpi600\ecss1095.pk> <C:\Users\Administrador\AppData\Local\MiKTeX\
2.9\fonts\pk\ljfour\jknappen\ec\dpi600\ecss1440.pk><C:/Program Files (x86)/MiKT
eX 2.9/fonts/type1/public/amsfonts/cm/cmmi10.pfb><C:/Program Files (x86)/MiKTeX
 2.9/fonts/type1/public/amsfonts/cm/cmmi12.pfb><C:/Program Files (x86)/MiKTeX 2
.9/fonts/type1/public/amsfonts/cm/cmmi8.pfb><C:/Program Files (x86)/MiKTeX 2.9/
fonts/type1/public/amsfonts/cm/cmss10.pfb><C:/Program Files (x86)/MiKTeX 2.9/fo
nts/type1/public/amsfonts/cm/cmss8.pfb><C:/Program Files (x86)/MiKTeX 2.9/fonts
/type1/public/amsfonts/cm/cmsy10.pfb><C:/Program Files (x86)/MiKTeX 2.9/fonts/t
ype1/public/amsfonts/cm/cmsy8.pfb><C:/Program Files (x86)/MiKTeX 2.9/fonts/type
1/public/amsfonts/symbols/msam10.pfb><C:/Users/Administrador/AppData/Roaming/Mi
KTeX/2.9/fonts/type1/public/tipa/tipasi10.pfb><C:/Users/Administrador/AppData/R
oaming/MiKTeX/2.9/fonts/type1/public/tipa/tipass10.pfb><C:/Users/Administrador/
AppData/Roaming/MiKTeX/2.9/fonts/type1/public/tipa/tipass8.pfb>
Output written on diapositivascopia.pdf (37 pages, 397449 bytes).
PDF statistics:
 1395 PDF objects out of 1440 (max. 8388607)
 81 named destinations out of 1000 (max. 500000)
 67 words of extra memory for PDF output out of 10000 (max. 10000000)

